<?xml version="1.0" encoding="UTF-8"?>
<testsuite xmlns:xsi="http://www.w3.org/2001/XMLSchema-instance" xsi:noNamespaceSchemaLocation="https://maven.apache.org/surefire/maven-surefire-plugin/xsd/surefire-test-report.xsd" name="com.example.service.UserServiceTest" time="493.029" tests="4" errors="4" skipped="0" failures="0">
  <properties>
    <property name="sun.desktop" value="windows"/>
    <property name="awt.toolkit" value="sun.awt.windows.WToolkit"/>
    <property name="file.encoding.pkg" value="sun.io"/>
    <property name="java.specification.version" value="1.8"/>
    <property name="sun.cpu.isalist" value="amd64"/>
    <property name="sun.jnu.encoding" value="Cp1252"/>
    <property name="java.class.path" value="C:\Users\SYS\git\UserSystem\Produce-Consume\target\test-classes;C:\Users\SYS\git\UserSystem\Produce-Consume\target\classes;C:\Users\SYS\.m2\repository\org\springframework\boot\spring-boot-starter-web\2.2.5.RELEASE\spring-boot-starter-web-2.2.5.RELEASE.jar;C:\Users\SYS\.m2\repository\org\springframework\boot\spring-boot-starter\2.2.5.RELEASE\spring-boot-starter-2.2.5.RELEASE.jar;C:\Users\SYS\.m2\repository\org\springframework\boot\spring-boot-starter-logging\2.2.5.RELEASE\spring-boot-starter-logging-2.2.5.RELEASE.jar;C:\Users\SYS\.m2\repository\ch\qos\logback\logback-classic\1.2.3\logback-classic-1.2.3.jar;C:\Users\SYS\.m2\repository\ch\qos\logback\logback-core\1.2.3\logback-core-1.2.3.jar;C:\Users\SYS\.m2\repository\org\apache\logging\log4j\log4j-to-slf4j\2.12.1\log4j-to-slf4j-2.12.1.jar;C:\Users\SYS\.m2\repository\org\apache\logging\log4j\log4j-api\2.12.1\log4j-api-2.12.1.jar;C:\Users\SYS\.m2\repository\org\slf4j\jul-to-slf4j\1.7.30\jul-to-slf4j-1.7.30.jar;C:\Users\SYS\.m2\repository\jakarta\annotation\jakarta.annotation-api\1.3.5\jakarta.annotation-api-1.3.5.jar;C:\Users\SYS\.m2\repository\org\yaml\snakeyaml\1.25\snakeyaml-1.25.jar;C:\Users\SYS\.m2\repository\org\springframework\boot\spring-boot-starter-json\2.2.5.RELEASE\spring-boot-starter-json-2.2.5.RELEASE.jar;C:\Users\SYS\.m2\repository\com\fasterxml\jackson\core\jackson-databind\2.10.2\jackson-databind-2.10.2.jar;C:\Users\SYS\.m2\repository\com\fasterxml\jackson\core\jackson-core\2.10.2\jackson-core-2.10.2.jar;C:\Users\SYS\.m2\repository\com\fasterxml\jackson\datatype\jackson-datatype-jdk8\2.10.2\jackson-datatype-jdk8-2.10.2.jar;C:\Users\SYS\.m2\repository\com\fasterxml\jackson\datatype\jackson-datatype-jsr310\2.10.2\jackson-datatype-jsr310-2.10.2.jar;C:\Users\SYS\.m2\repository\com\fasterxml\jackson\module\jackson-module-parameter-names\2.10.2\jackson-module-parameter-names-2.10.2.jar;C:\Users\SYS\.m2\repository\org\springframework\boot\spring-boot-starter-tomcat\2.2.5.RELEASE\spring-boot-starter-tomcat-2.2.5.RELEASE.jar;C:\Users\SYS\.m2\repository\org\apache\tomcat\embed\tomcat-embed-core\9.0.31\tomcat-embed-core-9.0.31.jar;C:\Users\SYS\.m2\repository\org\apache\tomcat\embed\tomcat-embed-el\9.0.31\tomcat-embed-el-9.0.31.jar;C:\Users\SYS\.m2\repository\org\apache\tomcat\embed\tomcat-embed-websocket\9.0.31\tomcat-embed-websocket-9.0.31.jar;C:\Users\SYS\.m2\repository\org\springframework\boot\spring-boot-starter-validation\2.2.5.RELEASE\spring-boot-starter-validation-2.2.5.RELEASE.jar;C:\Users\SYS\.m2\repository\jakarta\validation\jakarta.validation-api\2.0.2\jakarta.validation-api-2.0.2.jar;C:\Users\SYS\.m2\repository\org\hibernate\validator\hibernate-validator\6.0.18.Final\hibernate-validator-6.0.18.Final.jar;C:\Users\SYS\.m2\repository\org\springframework\spring-web\5.2.4.RELEASE\spring-web-5.2.4.RELEASE.jar;C:\Users\SYS\.m2\repository\org\springframework\spring-beans\5.2.4.RELEASE\spring-beans-5.2.4.RELEASE.jar;C:\Users\SYS\.m2\repository\org\springframework\spring-webmvc\5.2.4.RELEASE\spring-webmvc-5.2.4.RELEASE.jar;C:\Users\SYS\.m2\repository\org\springframework\spring-aop\5.2.4.RELEASE\spring-aop-5.2.4.RELEASE.jar;C:\Users\SYS\.m2\repository\org\springframework\spring-expression\5.2.4.RELEASE\spring-expression-5.2.4.RELEASE.jar;C:\Users\SYS\.m2\repository\org\springframework\kafka\spring-kafka\2.3.6.RELEASE\spring-kafka-2.3.6.RELEASE.jar;C:\Users\SYS\.m2\repository\org\apache\kafka\kafka-clients\2.3.1\kafka-clients-2.3.1.jar;C:\Users\SYS\.m2\repository\com\github\luben\zstd-jni\1.4.0-1\zstd-jni-1.4.0-1.jar;C:\Users\SYS\.m2\repository\org\lz4\lz4-java\1.6.0\lz4-java-1.6.0.jar;C:\Users\SYS\.m2\repository\org\xerial\snappy\snappy-java\1.1.7.3\snappy-java-1.1.7.3.jar;C:\Users\SYS\.m2\repository\org\springframework\retry\spring-retry\1.2.5.RELEASE\spring-retry-1.2.5.RELEASE.jar;C:\Users\SYS\.m2\repository\org\springframework\spring-context\5.2.4.RELEASE\spring-context-5.2.4.RELEASE.jar;C:\Users\SYS\.m2\repository\org\springframework\spring-messaging\5.2.4.RELEASE\spring-messaging-5.2.4.RELEASE.jar;C:\Users\SYS\.m2\repository\org\springframework\spring-tx\5.2.4.RELEASE\spring-tx-5.2.4.RELEASE.jar;C:\Users\SYS\.m2\repository\org\springframework\boot\spring-boot-devtools\2.2.5.RELEASE\spring-boot-devtools-2.2.5.RELEASE.jar;C:\Users\SYS\.m2\repository\org\springframework\boot\spring-boot\2.2.5.RELEASE\spring-boot-2.2.5.RELEASE.jar;C:\Users\SYS\.m2\repository\org\springframework\boot\spring-boot-autoconfigure\2.2.5.RELEASE\spring-boot-autoconfigure-2.2.5.RELEASE.jar;C:\Users\SYS\.m2\repository\org\springframework\boot\spring-boot-starter-test\2.2.5.RELEASE\spring-boot-starter-test-2.2.5.RELEASE.jar;C:\Users\SYS\.m2\repository\org\springframework\boot\spring-boot-test\2.2.5.RELEASE\spring-boot-test-2.2.5.RELEASE.jar;C:\Users\SYS\.m2\repository\org\springframework\boot\spring-boot-test-autoconfigure\2.2.5.RELEASE\spring-boot-test-autoconfigure-2.2.5.RELEASE.jar;C:\Users\SYS\.m2\repository\com\jayway\jsonpath\json-path\2.4.0\json-path-2.4.0.jar;C:\Users\SYS\.m2\repository\net\minidev\json-smart\2.3\json-smart-2.3.jar;C:\Users\SYS\.m2\repository\net\minidev\accessors-smart\1.2\accessors-smart-1.2.jar;C:\Users\SYS\.m2\repository\org\ow2\asm\asm\5.0.4\asm-5.0.4.jar;C:\Users\SYS\.m2\repository\jakarta\xml\bind\jakarta.xml.bind-api\2.3.2\jakarta.xml.bind-api-2.3.2.jar;C:\Users\SYS\.m2\repository\org\junit\jupiter\junit-jupiter\5.5.2\junit-jupiter-5.5.2.jar;C:\Users\SYS\.m2\repository\org\junit\jupiter\junit-jupiter-params\5.5.2\junit-jupiter-params-5.5.2.jar;C:\Users\SYS\.m2\repository\org\junit\jupiter\junit-jupiter-engine\5.5.2\junit-jupiter-engine-5.5.2.jar;C:\Users\SYS\.m2\repository\org\junit\platform\junit-platform-engine\1.5.2\junit-platform-engine-1.5.2.jar;C:\Users\SYS\.m2\repository\org\mockito\mockito-junit-jupiter\3.1.0\mockito-junit-jupiter-3.1.0.jar;C:\Users\SYS\.m2\repository\org\assertj\assertj-core\3.13.2\assertj-core-3.13.2.jar;C:\Users\SYS\.m2\repository\org\hamcrest\hamcrest\2.1\hamcrest-2.1.jar;C:\Users\SYS\.m2\repository\org\mockito\mockito-core\3.1.0\mockito-core-3.1.0.jar;C:\Users\SYS\.m2\repository\net\bytebuddy\byte-buddy\1.10.8\byte-buddy-1.10.8.jar;C:\Users\SYS\.m2\repository\net\bytebuddy\byte-buddy-agent\1.10.8\byte-buddy-agent-1.10.8.jar;C:\Users\SYS\.m2\repository\org\objenesis\objenesis\2.6\objenesis-2.6.jar;C:\Users\SYS\.m2\repository\org\skyscreamer\jsonassert\1.5.0\jsonassert-1.5.0.jar;C:\Users\SYS\.m2\repository\com\vaadin\external\google\android-json\0.0.20131108.vaadin1\android-json-0.0.20131108.vaadin1.jar;C:\Users\SYS\.m2\repository\org\springframework\spring-core\5.2.4.RELEASE\spring-core-5.2.4.RELEASE.jar;C:\Users\SYS\.m2\repository\org\springframework\spring-jcl\5.2.4.RELEASE\spring-jcl-5.2.4.RELEASE.jar;C:\Users\SYS\.m2\repository\org\springframework\spring-test\5.2.4.RELEASE\spring-test-5.2.4.RELEASE.jar;C:\Users\SYS\.m2\repository\org\xmlunit\xmlunit-core\2.6.3\xmlunit-core-2.6.3.jar;C:\Users\SYS\.m2\repository\org\springframework\kafka\spring-kafka-test\2.3.6.RELEASE\spring-kafka-test-2.3.6.RELEASE.jar;C:\Users\SYS\.m2\repository\org\apache\kafka\kafka-clients\2.3.1\kafka-clients-2.3.1-test.jar;C:\Users\SYS\.m2\repository\org\apache\kafka\kafka-streams\2.3.1\kafka-streams-2.3.1.jar;C:\Users\SYS\.m2\repository\org\apache\kafka\connect-json\2.3.1\connect-json-2.3.1.jar;C:\Users\SYS\.m2\repository\org\apache\kafka\connect-api\2.3.1\connect-api-2.3.1.jar;C:\Users\SYS\.m2\repository\org\rocksdb\rocksdbjni\5.18.3\rocksdbjni-5.18.3.jar;C:\Users\SYS\.m2\repository\org\apache\kafka\kafka-streams-test-utils\2.3.1\kafka-streams-test-utils-2.3.1.jar;C:\Users\SYS\.m2\repository\org\apache\kafka\kafka_2.12\2.3.1\kafka_2.12-2.3.1.jar;C:\Users\SYS\.m2\repository\com\fasterxml\jackson\module\jackson-module-scala_2.12\2.10.2\jackson-module-scala_2.12-2.10.2.jar;C:\Users\SYS\.m2\repository\com\fasterxml\jackson\module\jackson-module-paranamer\2.10.2\jackson-module-paranamer-2.10.2.jar;C:\Users\SYS\.m2\repository\com\thoughtworks\paranamer\paranamer\2.8\paranamer-2.8.jar;C:\Users\SYS\.m2\repository\com\fasterxml\jackson\dataformat\jackson-dataformat-csv\2.10.2\jackson-dataformat-csv-2.10.2.jar;C:\Users\SYS\.m2\repository\net\sf\jopt-simple\jopt-simple\5.0.4\jopt-simple-5.0.4.jar;C:\Users\SYS\.m2\repository\com\yammer\metrics\metrics-core\2.2.0\metrics-core-2.2.0.jar;C:\Users\SYS\.m2\repository\org\scala-lang\scala-library\2.12.8\scala-library-2.12.8.jar;C:\Users\SYS\.m2\repository\org\scala-lang\scala-reflect\2.12.8\scala-reflect-2.12.8.jar;C:\Users\SYS\.m2\repository\com\typesafe\scala-logging\scala-logging_2.12\3.9.0\scala-logging_2.12-3.9.0.jar;C:\Users\SYS\.m2\repository\com\101tec\zkclient\0.11\zkclient-0.11.jar;C:\Users\SYS\.m2\repository\org\apache\zookeeper\zookeeper\3.4.14\zookeeper-3.4.14.jar;C:\Users\SYS\.m2\repository\com\github\spotbugs\spotbugs-annotations\3.1.9\spotbugs-annotations-3.1.9.jar;C:\Users\SYS\.m2\repository\com\google\code\findbugs\jsr305\3.0.2\jsr305-3.0.2.jar;C:\Users\SYS\.m2\repository\org\apache\yetus\audience-annotations\0.5.0\audience-annotations-0.5.0.jar;C:\Users\SYS\.m2\repository\org\apache\kafka\kafka_2.12\2.3.1\kafka_2.12-2.3.1-test.jar;C:\Users\SYS\.m2\repository\org\junit\jupiter\junit-jupiter-api\5.5.2\junit-jupiter-api-5.5.2.jar;C:\Users\SYS\.m2\repository\org\apiguardian\apiguardian-api\1.1.0\apiguardian-api-1.1.0.jar;C:\Users\SYS\.m2\repository\org\opentest4j\opentest4j\1.2.0\opentest4j-1.2.0.jar;C:\Users\SYS\.m2\repository\org\junit\platform\junit-platform-commons\1.5.2\junit-platform-commons-1.5.2.jar;C:\Users\SYS\.m2\repository\org\springframework\boot\spring-boot-starter-data-jpa\2.2.5.RELEASE\spring-boot-starter-data-jpa-2.2.5.RELEASE.jar;C:\Users\SYS\.m2\repository\org\springframework\boot\spring-boot-starter-aop\2.2.5.RELEASE\spring-boot-starter-aop-2.2.5.RELEASE.jar;C:\Users\SYS\.m2\repository\org\aspectj\aspectjweaver\1.9.5\aspectjweaver-1.9.5.jar;C:\Users\SYS\.m2\repository\org\springframework\boot\spring-boot-starter-jdbc\2.2.5.RELEASE\spring-boot-starter-jdbc-2.2.5.RELEASE.jar;C:\Users\SYS\.m2\repository\com\zaxxer\HikariCP\3.4.2\HikariCP-3.4.2.jar;C:\Users\SYS\.m2\repository\org\springframework\spring-jdbc\5.2.4.RELEASE\spring-jdbc-5.2.4.RELEASE.jar;C:\Users\SYS\.m2\repository\jakarta\activation\jakarta.activation-api\1.2.2\jakarta.activation-api-1.2.2.jar;C:\Users\SYS\.m2\repository\jakarta\persistence\jakarta.persistence-api\2.2.3\jakarta.persistence-api-2.2.3.jar;C:\Users\SYS\.m2\repository\jakarta\transaction\jakarta.transaction-api\1.3.3\jakarta.transaction-api-1.3.3.jar;C:\Users\SYS\.m2\repository\org\hibernate\hibernate-core\5.4.12.Final\hibernate-core-5.4.12.Final.jar;C:\Users\SYS\.m2\repository\org\jboss\logging\jboss-logging\3.4.1.Final\jboss-logging-3.4.1.Final.jar;C:\Users\SYS\.m2\repository\org\javassist\javassist\3.24.0-GA\javassist-3.24.0-GA.jar;C:\Users\SYS\.m2\repository\antlr\antlr\2.7.7\antlr-2.7.7.jar;C:\Users\SYS\.m2\repository\org\jboss\jandex\2.1.1.Final\jandex-2.1.1.Final.jar;C:\Users\SYS\.m2\repository\org\dom4j\dom4j\2.1.1\dom4j-2.1.1.jar;C:\Users\SYS\.m2\repository\org\hibernate\common\hibernate-commons-annotations\5.1.0.Final\hibernate-commons-annotations-5.1.0.Final.jar;C:\Users\SYS\.m2\repository\org\glassfish\jaxb\jaxb-runtime\2.3.2\jaxb-runtime-2.3.2.jar;C:\Users\SYS\.m2\repository\org\glassfish\jaxb\txw2\2.3.2\txw2-2.3.2.jar;C:\Users\SYS\.m2\repository\com\sun\istack\istack-commons-runtime\3.0.8\istack-commons-runtime-3.0.8.jar;C:\Users\SYS\.m2\repository\org\jvnet\staxex\stax-ex\1.8.1\stax-ex-1.8.1.jar;C:\Users\SYS\.m2\repository\com\sun\xml\fastinfoset\FastInfoset\1.2.16\FastInfoset-1.2.16.jar;C:\Users\SYS\.m2\repository\org\springframework\data\spring-data-jpa\2.2.5.RELEASE\spring-data-jpa-2.2.5.RELEASE.jar;C:\Users\SYS\.m2\repository\org\springframework\data\spring-data-commons\2.2.5.RELEASE\spring-data-commons-2.2.5.RELEASE.jar;C:\Users\SYS\.m2\repository\org\springframework\spring-orm\5.2.4.RELEASE\spring-orm-5.2.4.RELEASE.jar;C:\Users\SYS\.m2\repository\org\springframework\spring-aspects\5.2.4.RELEASE\spring-aspects-5.2.4.RELEASE.jar;C:\Users\SYS\.m2\repository\com\h2database\h2\1.4.200\h2-1.4.200.jar;C:\Users\SYS\.m2\repository\io\springfox\springfox-swagger2\2.9.2\springfox-swagger2-2.9.2.jar;C:\Users\SYS\.m2\repository\io\swagger\swagger-annotations\1.5.20\swagger-annotations-1.5.20.jar;C:\Users\SYS\.m2\repository\io\swagger\swagger-models\1.5.20\swagger-models-1.5.20.jar;C:\Users\SYS\.m2\repository\com\fasterxml\jackson\core\jackson-annotations\2.10.2\jackson-annotations-2.10.2.jar;C:\Users\SYS\.m2\repository\io\springfox\springfox-spi\2.9.2\springfox-spi-2.9.2.jar;C:\Users\SYS\.m2\repository\io\springfox\springfox-core\2.9.2\springfox-core-2.9.2.jar;C:\Users\SYS\.m2\repository\io\springfox\springfox-schema\2.9.2\springfox-schema-2.9.2.jar;C:\Users\SYS\.m2\repository\io\springfox\springfox-swagger-common\2.9.2\springfox-swagger-common-2.9.2.jar;C:\Users\SYS\.m2\repository\io\springfox\springfox-spring-web\2.9.2\springfox-spring-web-2.9.2.jar;C:\Users\SYS\.m2\repository\com\google\guava\guava\20.0\guava-20.0.jar;C:\Users\SYS\.m2\repository\com\fasterxml\classmate\1.5.1\classmate-1.5.1.jar;C:\Users\SYS\.m2\repository\org\slf4j\slf4j-api\1.7.30\slf4j-api-1.7.30.jar;C:\Users\SYS\.m2\repository\org\springframework\plugin\spring-plugin-core\1.2.0.RELEASE\spring-plugin-core-1.2.0.RELEASE.jar;C:\Users\SYS\.m2\repository\org\springframework\plugin\spring-plugin-metadata\1.2.0.RELEASE\spring-plugin-metadata-1.2.0.RELEASE.jar;C:\Users\SYS\.m2\repository\org\mapstruct\mapstruct\1.2.0.Final\mapstruct-1.2.0.Final.jar;C:\Users\SYS\.m2\repository\io\springfox\springfox-swagger-ui\2.9.2\springfox-swagger-ui-2.9.2.jar;C:\Users\SYS\.m2\repository\org\springframework\boot\spring-boot-starter-actuator\2.2.5.RELEASE\spring-boot-starter-actuator-2.2.5.RELEASE.jar;C:\Users\SYS\.m2\repository\org\springframework\boot\spring-boot-actuator-autoconfigure\2.2.5.RELEASE\spring-boot-actuator-autoconfigure-2.2.5.RELEASE.jar;C:\Users\SYS\.m2\repository\org\springframework\boot\spring-boot-actuator\2.2.5.RELEASE\spring-boot-actuator-2.2.5.RELEASE.jar;C:\Users\SYS\.m2\repository\io\micrometer\micrometer-core\1.3.5\micrometer-core-1.3.5.jar;C:\Users\SYS\.m2\repository\org\hdrhistogram\HdrHistogram\2.1.11\HdrHistogram-2.1.11.jar;C:\Users\SYS\.m2\repository\org\latencyutils\LatencyUtils\2.0.3\LatencyUtils-2.0.3.jar;C:\Users\SYS\.m2\repository\junit\junit\4.8.1\junit-4.8.1.jar;"/>
    <property name="java.vm.vendor" value="Oracle Corporation"/>
    <property name="sun.arch.data.model" value="64"/>
    <property name="user.variant" value=""/>
    <property name="java.vendor.url" value="http://java.oracle.com/"/>
    <property name="user.timezone" value="Asia/Calcutta"/>
    <property name="java.vm.specification.version" value="1.8"/>
    <property name="os.name" value="Windows 7"/>
    <property name="user.country" value="IN"/>
    <property name="sun.java.launcher" value="SUN_STANDARD"/>
    <property name="sun.boot.library.path" value="C:\Program Files\Java\jdk1.8.0_241\jre\bin"/>
    <property name="sun.java.command" value="C:\Users\SYS\AppData\Local\Temp\surefire6340946928932224144\surefirebooter5560428770239176239.jar C:\Users\SYS\AppData\Local\Temp\surefire6340946928932224144 2020-04-17T13-44-31_142-jvmRun1 surefire4361151999821040492tmp surefire_06459838074470837569tmp"/>
    <property name="surefire.test.class.path" value="C:\Users\SYS\git\UserSystem\Produce-Consume\target\test-classes;C:\Users\SYS\git\UserSystem\Produce-Consume\target\classes;C:\Users\SYS\.m2\repository\org\springframework\boot\spring-boot-starter-web\2.2.5.RELEASE\spring-boot-starter-web-2.2.5.RELEASE.jar;C:\Users\SYS\.m2\repository\org\springframework\boot\spring-boot-starter\2.2.5.RELEASE\spring-boot-starter-2.2.5.RELEASE.jar;C:\Users\SYS\.m2\repository\org\springframework\boot\spring-boot-starter-logging\2.2.5.RELEASE\spring-boot-starter-logging-2.2.5.RELEASE.jar;C:\Users\SYS\.m2\repository\ch\qos\logback\logback-classic\1.2.3\logback-classic-1.2.3.jar;C:\Users\SYS\.m2\repository\ch\qos\logback\logback-core\1.2.3\logback-core-1.2.3.jar;C:\Users\SYS\.m2\repository\org\apache\logging\log4j\log4j-to-slf4j\2.12.1\log4j-to-slf4j-2.12.1.jar;C:\Users\SYS\.m2\repository\org\apache\logging\log4j\log4j-api\2.12.1\log4j-api-2.12.1.jar;C:\Users\SYS\.m2\repository\org\slf4j\jul-to-slf4j\1.7.30\jul-to-slf4j-1.7.30.jar;C:\Users\SYS\.m2\repository\jakarta\annotation\jakarta.annotation-api\1.3.5\jakarta.annotation-api-1.3.5.jar;C:\Users\SYS\.m2\repository\org\yaml\snakeyaml\1.25\snakeyaml-1.25.jar;C:\Users\SYS\.m2\repository\org\springframework\boot\spring-boot-starter-json\2.2.5.RELEASE\spring-boot-starter-json-2.2.5.RELEASE.jar;C:\Users\SYS\.m2\repository\com\fasterxml\jackson\core\jackson-databind\2.10.2\jackson-databind-2.10.2.jar;C:\Users\SYS\.m2\repository\com\fasterxml\jackson\core\jackson-core\2.10.2\jackson-core-2.10.2.jar;C:\Users\SYS\.m2\repository\com\fasterxml\jackson\datatype\jackson-datatype-jdk8\2.10.2\jackson-datatype-jdk8-2.10.2.jar;C:\Users\SYS\.m2\repository\com\fasterxml\jackson\datatype\jackson-datatype-jsr310\2.10.2\jackson-datatype-jsr310-2.10.2.jar;C:\Users\SYS\.m2\repository\com\fasterxml\jackson\module\jackson-module-parameter-names\2.10.2\jackson-module-parameter-names-2.10.2.jar;C:\Users\SYS\.m2\repository\org\springframework\boot\spring-boot-starter-tomcat\2.2.5.RELEASE\spring-boot-starter-tomcat-2.2.5.RELEASE.jar;C:\Users\SYS\.m2\repository\org\apache\tomcat\embed\tomcat-embed-core\9.0.31\tomcat-embed-core-9.0.31.jar;C:\Users\SYS\.m2\repository\org\apache\tomcat\embed\tomcat-embed-el\9.0.31\tomcat-embed-el-9.0.31.jar;C:\Users\SYS\.m2\repository\org\apache\tomcat\embed\tomcat-embed-websocket\9.0.31\tomcat-embed-websocket-9.0.31.jar;C:\Users\SYS\.m2\repository\org\springframework\boot\spring-boot-starter-validation\2.2.5.RELEASE\spring-boot-starter-validation-2.2.5.RELEASE.jar;C:\Users\SYS\.m2\repository\jakarta\validation\jakarta.validation-api\2.0.2\jakarta.validation-api-2.0.2.jar;C:\Users\SYS\.m2\repository\org\hibernate\validator\hibernate-validator\6.0.18.Final\hibernate-validator-6.0.18.Final.jar;C:\Users\SYS\.m2\repository\org\springframework\spring-web\5.2.4.RELEASE\spring-web-5.2.4.RELEASE.jar;C:\Users\SYS\.m2\repository\org\springframework\spring-beans\5.2.4.RELEASE\spring-beans-5.2.4.RELEASE.jar;C:\Users\SYS\.m2\repository\org\springframework\spring-webmvc\5.2.4.RELEASE\spring-webmvc-5.2.4.RELEASE.jar;C:\Users\SYS\.m2\repository\org\springframework\spring-aop\5.2.4.RELEASE\spring-aop-5.2.4.RELEASE.jar;C:\Users\SYS\.m2\repository\org\springframework\spring-expression\5.2.4.RELEASE\spring-expression-5.2.4.RELEASE.jar;C:\Users\SYS\.m2\repository\org\springframework\kafka\spring-kafka\2.3.6.RELEASE\spring-kafka-2.3.6.RELEASE.jar;C:\Users\SYS\.m2\repository\org\apache\kafka\kafka-clients\2.3.1\kafka-clients-2.3.1.jar;C:\Users\SYS\.m2\repository\com\github\luben\zstd-jni\1.4.0-1\zstd-jni-1.4.0-1.jar;C:\Users\SYS\.m2\repository\org\lz4\lz4-java\1.6.0\lz4-java-1.6.0.jar;C:\Users\SYS\.m2\repository\org\xerial\snappy\snappy-java\1.1.7.3\snappy-java-1.1.7.3.jar;C:\Users\SYS\.m2\repository\org\springframework\retry\spring-retry\1.2.5.RELEASE\spring-retry-1.2.5.RELEASE.jar;C:\Users\SYS\.m2\repository\org\springframework\spring-context\5.2.4.RELEASE\spring-context-5.2.4.RELEASE.jar;C:\Users\SYS\.m2\repository\org\springframework\spring-messaging\5.2.4.RELEASE\spring-messaging-5.2.4.RELEASE.jar;C:\Users\SYS\.m2\repository\org\springframework\spring-tx\5.2.4.RELEASE\spring-tx-5.2.4.RELEASE.jar;C:\Users\SYS\.m2\repository\org\springframework\boot\spring-boot-devtools\2.2.5.RELEASE\spring-boot-devtools-2.2.5.RELEASE.jar;C:\Users\SYS\.m2\repository\org\springframework\boot\spring-boot\2.2.5.RELEASE\spring-boot-2.2.5.RELEASE.jar;C:\Users\SYS\.m2\repository\org\springframework\boot\spring-boot-autoconfigure\2.2.5.RELEASE\spring-boot-autoconfigure-2.2.5.RELEASE.jar;C:\Users\SYS\.m2\repository\org\springframework\boot\spring-boot-starter-test\2.2.5.RELEASE\spring-boot-starter-test-2.2.5.RELEASE.jar;C:\Users\SYS\.m2\repository\org\springframework\boot\spring-boot-test\2.2.5.RELEASE\spring-boot-test-2.2.5.RELEASE.jar;C:\Users\SYS\.m2\repository\org\springframework\boot\spring-boot-test-autoconfigure\2.2.5.RELEASE\spring-boot-test-autoconfigure-2.2.5.RELEASE.jar;C:\Users\SYS\.m2\repository\com\jayway\jsonpath\json-path\2.4.0\json-path-2.4.0.jar;C:\Users\SYS\.m2\repository\net\minidev\json-smart\2.3\json-smart-2.3.jar;C:\Users\SYS\.m2\repository\net\minidev\accessors-smart\1.2\accessors-smart-1.2.jar;C:\Users\SYS\.m2\repository\org\ow2\asm\asm\5.0.4\asm-5.0.4.jar;C:\Users\SYS\.m2\repository\jakarta\xml\bind\jakarta.xml.bind-api\2.3.2\jakarta.xml.bind-api-2.3.2.jar;C:\Users\SYS\.m2\repository\org\junit\jupiter\junit-jupiter\5.5.2\junit-jupiter-5.5.2.jar;C:\Users\SYS\.m2\repository\org\junit\jupiter\junit-jupiter-params\5.5.2\junit-jupiter-params-5.5.2.jar;C:\Users\SYS\.m2\repository\org\junit\jupiter\junit-jupiter-engine\5.5.2\junit-jupiter-engine-5.5.2.jar;C:\Users\SYS\.m2\repository\org\junit\platform\junit-platform-engine\1.5.2\junit-platform-engine-1.5.2.jar;C:\Users\SYS\.m2\repository\org\mockito\mockito-junit-jupiter\3.1.0\mockito-junit-jupiter-3.1.0.jar;C:\Users\SYS\.m2\repository\org\assertj\assertj-core\3.13.2\assertj-core-3.13.2.jar;C:\Users\SYS\.m2\repository\org\hamcrest\hamcrest\2.1\hamcrest-2.1.jar;C:\Users\SYS\.m2\repository\org\mockito\mockito-core\3.1.0\mockito-core-3.1.0.jar;C:\Users\SYS\.m2\repository\net\bytebuddy\byte-buddy\1.10.8\byte-buddy-1.10.8.jar;C:\Users\SYS\.m2\repository\net\bytebuddy\byte-buddy-agent\1.10.8\byte-buddy-agent-1.10.8.jar;C:\Users\SYS\.m2\repository\org\objenesis\objenesis\2.6\objenesis-2.6.jar;C:\Users\SYS\.m2\repository\org\skyscreamer\jsonassert\1.5.0\jsonassert-1.5.0.jar;C:\Users\SYS\.m2\repository\com\vaadin\external\google\android-json\0.0.20131108.vaadin1\android-json-0.0.20131108.vaadin1.jar;C:\Users\SYS\.m2\repository\org\springframework\spring-core\5.2.4.RELEASE\spring-core-5.2.4.RELEASE.jar;C:\Users\SYS\.m2\repository\org\springframework\spring-jcl\5.2.4.RELEASE\spring-jcl-5.2.4.RELEASE.jar;C:\Users\SYS\.m2\repository\org\springframework\spring-test\5.2.4.RELEASE\spring-test-5.2.4.RELEASE.jar;C:\Users\SYS\.m2\repository\org\xmlunit\xmlunit-core\2.6.3\xmlunit-core-2.6.3.jar;C:\Users\SYS\.m2\repository\org\springframework\kafka\spring-kafka-test\2.3.6.RELEASE\spring-kafka-test-2.3.6.RELEASE.jar;C:\Users\SYS\.m2\repository\org\apache\kafka\kafka-clients\2.3.1\kafka-clients-2.3.1-test.jar;C:\Users\SYS\.m2\repository\org\apache\kafka\kafka-streams\2.3.1\kafka-streams-2.3.1.jar;C:\Users\SYS\.m2\repository\org\apache\kafka\connect-json\2.3.1\connect-json-2.3.1.jar;C:\Users\SYS\.m2\repository\org\apache\kafka\connect-api\2.3.1\connect-api-2.3.1.jar;C:\Users\SYS\.m2\repository\org\rocksdb\rocksdbjni\5.18.3\rocksdbjni-5.18.3.jar;C:\Users\SYS\.m2\repository\org\apache\kafka\kafka-streams-test-utils\2.3.1\kafka-streams-test-utils-2.3.1.jar;C:\Users\SYS\.m2\repository\org\apache\kafka\kafka_2.12\2.3.1\kafka_2.12-2.3.1.jar;C:\Users\SYS\.m2\repository\com\fasterxml\jackson\module\jackson-module-scala_2.12\2.10.2\jackson-module-scala_2.12-2.10.2.jar;C:\Users\SYS\.m2\repository\com\fasterxml\jackson\module\jackson-module-paranamer\2.10.2\jackson-module-paranamer-2.10.2.jar;C:\Users\SYS\.m2\repository\com\thoughtworks\paranamer\paranamer\2.8\paranamer-2.8.jar;C:\Users\SYS\.m2\repository\com\fasterxml\jackson\dataformat\jackson-dataformat-csv\2.10.2\jackson-dataformat-csv-2.10.2.jar;C:\Users\SYS\.m2\repository\net\sf\jopt-simple\jopt-simple\5.0.4\jopt-simple-5.0.4.jar;C:\Users\SYS\.m2\repository\com\yammer\metrics\metrics-core\2.2.0\metrics-core-2.2.0.jar;C:\Users\SYS\.m2\repository\org\scala-lang\scala-library\2.12.8\scala-library-2.12.8.jar;C:\Users\SYS\.m2\repository\org\scala-lang\scala-reflect\2.12.8\scala-reflect-2.12.8.jar;C:\Users\SYS\.m2\repository\com\typesafe\scala-logging\scala-logging_2.12\3.9.0\scala-logging_2.12-3.9.0.jar;C:\Users\SYS\.m2\repository\com\101tec\zkclient\0.11\zkclient-0.11.jar;C:\Users\SYS\.m2\repository\org\apache\zookeeper\zookeeper\3.4.14\zookeeper-3.4.14.jar;C:\Users\SYS\.m2\repository\com\github\spotbugs\spotbugs-annotations\3.1.9\spotbugs-annotations-3.1.9.jar;C:\Users\SYS\.m2\repository\com\google\code\findbugs\jsr305\3.0.2\jsr305-3.0.2.jar;C:\Users\SYS\.m2\repository\org\apache\yetus\audience-annotations\0.5.0\audience-annotations-0.5.0.jar;C:\Users\SYS\.m2\repository\org\apache\kafka\kafka_2.12\2.3.1\kafka_2.12-2.3.1-test.jar;C:\Users\SYS\.m2\repository\org\junit\jupiter\junit-jupiter-api\5.5.2\junit-jupiter-api-5.5.2.jar;C:\Users\SYS\.m2\repository\org\apiguardian\apiguardian-api\1.1.0\apiguardian-api-1.1.0.jar;C:\Users\SYS\.m2\repository\org\opentest4j\opentest4j\1.2.0\opentest4j-1.2.0.jar;C:\Users\SYS\.m2\repository\org\junit\platform\junit-platform-commons\1.5.2\junit-platform-commons-1.5.2.jar;C:\Users\SYS\.m2\repository\org\springframework\boot\spring-boot-starter-data-jpa\2.2.5.RELEASE\spring-boot-starter-data-jpa-2.2.5.RELEASE.jar;C:\Users\SYS\.m2\repository\org\springframework\boot\spring-boot-starter-aop\2.2.5.RELEASE\spring-boot-starter-aop-2.2.5.RELEASE.jar;C:\Users\SYS\.m2\repository\org\aspectj\aspectjweaver\1.9.5\aspectjweaver-1.9.5.jar;C:\Users\SYS\.m2\repository\org\springframework\boot\spring-boot-starter-jdbc\2.2.5.RELEASE\spring-boot-starter-jdbc-2.2.5.RELEASE.jar;C:\Users\SYS\.m2\repository\com\zaxxer\HikariCP\3.4.2\HikariCP-3.4.2.jar;C:\Users\SYS\.m2\repository\org\springframework\spring-jdbc\5.2.4.RELEASE\spring-jdbc-5.2.4.RELEASE.jar;C:\Users\SYS\.m2\repository\jakarta\activation\jakarta.activation-api\1.2.2\jakarta.activation-api-1.2.2.jar;C:\Users\SYS\.m2\repository\jakarta\persistence\jakarta.persistence-api\2.2.3\jakarta.persistence-api-2.2.3.jar;C:\Users\SYS\.m2\repository\jakarta\transaction\jakarta.transaction-api\1.3.3\jakarta.transaction-api-1.3.3.jar;C:\Users\SYS\.m2\repository\org\hibernate\hibernate-core\5.4.12.Final\hibernate-core-5.4.12.Final.jar;C:\Users\SYS\.m2\repository\org\jboss\logging\jboss-logging\3.4.1.Final\jboss-logging-3.4.1.Final.jar;C:\Users\SYS\.m2\repository\org\javassist\javassist\3.24.0-GA\javassist-3.24.0-GA.jar;C:\Users\SYS\.m2\repository\antlr\antlr\2.7.7\antlr-2.7.7.jar;C:\Users\SYS\.m2\repository\org\jboss\jandex\2.1.1.Final\jandex-2.1.1.Final.jar;C:\Users\SYS\.m2\repository\org\dom4j\dom4j\2.1.1\dom4j-2.1.1.jar;C:\Users\SYS\.m2\repository\org\hibernate\common\hibernate-commons-annotations\5.1.0.Final\hibernate-commons-annotations-5.1.0.Final.jar;C:\Users\SYS\.m2\repository\org\glassfish\jaxb\jaxb-runtime\2.3.2\jaxb-runtime-2.3.2.jar;C:\Users\SYS\.m2\repository\org\glassfish\jaxb\txw2\2.3.2\txw2-2.3.2.jar;C:\Users\SYS\.m2\repository\com\sun\istack\istack-commons-runtime\3.0.8\istack-commons-runtime-3.0.8.jar;C:\Users\SYS\.m2\repository\org\jvnet\staxex\stax-ex\1.8.1\stax-ex-1.8.1.jar;C:\Users\SYS\.m2\repository\com\sun\xml\fastinfoset\FastInfoset\1.2.16\FastInfoset-1.2.16.jar;C:\Users\SYS\.m2\repository\org\springframework\data\spring-data-jpa\2.2.5.RELEASE\spring-data-jpa-2.2.5.RELEASE.jar;C:\Users\SYS\.m2\repository\org\springframework\data\spring-data-commons\2.2.5.RELEASE\spring-data-commons-2.2.5.RELEASE.jar;C:\Users\SYS\.m2\repository\org\springframework\spring-orm\5.2.4.RELEASE\spring-orm-5.2.4.RELEASE.jar;C:\Users\SYS\.m2\repository\org\springframework\spring-aspects\5.2.4.RELEASE\spring-aspects-5.2.4.RELEASE.jar;C:\Users\SYS\.m2\repository\com\h2database\h2\1.4.200\h2-1.4.200.jar;C:\Users\SYS\.m2\repository\io\springfox\springfox-swagger2\2.9.2\springfox-swagger2-2.9.2.jar;C:\Users\SYS\.m2\repository\io\swagger\swagger-annotations\1.5.20\swagger-annotations-1.5.20.jar;C:\Users\SYS\.m2\repository\io\swagger\swagger-models\1.5.20\swagger-models-1.5.20.jar;C:\Users\SYS\.m2\repository\com\fasterxml\jackson\core\jackson-annotations\2.10.2\jackson-annotations-2.10.2.jar;C:\Users\SYS\.m2\repository\io\springfox\springfox-spi\2.9.2\springfox-spi-2.9.2.jar;C:\Users\SYS\.m2\repository\io\springfox\springfox-core\2.9.2\springfox-core-2.9.2.jar;C:\Users\SYS\.m2\repository\io\springfox\springfox-schema\2.9.2\springfox-schema-2.9.2.jar;C:\Users\SYS\.m2\repository\io\springfox\springfox-swagger-common\2.9.2\springfox-swagger-common-2.9.2.jar;C:\Users\SYS\.m2\repository\io\springfox\springfox-spring-web\2.9.2\springfox-spring-web-2.9.2.jar;C:\Users\SYS\.m2\repository\com\google\guava\guava\20.0\guava-20.0.jar;C:\Users\SYS\.m2\repository\com\fasterxml\classmate\1.5.1\classmate-1.5.1.jar;C:\Users\SYS\.m2\repository\org\slf4j\slf4j-api\1.7.30\slf4j-api-1.7.30.jar;C:\Users\SYS\.m2\repository\org\springframework\plugin\spring-plugin-core\1.2.0.RELEASE\spring-plugin-core-1.2.0.RELEASE.jar;C:\Users\SYS\.m2\repository\org\springframework\plugin\spring-plugin-metadata\1.2.0.RELEASE\spring-plugin-metadata-1.2.0.RELEASE.jar;C:\Users\SYS\.m2\repository\org\mapstruct\mapstruct\1.2.0.Final\mapstruct-1.2.0.Final.jar;C:\Users\SYS\.m2\repository\io\springfox\springfox-swagger-ui\2.9.2\springfox-swagger-ui-2.9.2.jar;C:\Users\SYS\.m2\repository\org\springframework\boot\spring-boot-starter-actuator\2.2.5.RELEASE\spring-boot-starter-actuator-2.2.5.RELEASE.jar;C:\Users\SYS\.m2\repository\org\springframework\boot\spring-boot-actuator-autoconfigure\2.2.5.RELEASE\spring-boot-actuator-autoconfigure-2.2.5.RELEASE.jar;C:\Users\SYS\.m2\repository\org\springframework\boot\spring-boot-actuator\2.2.5.RELEASE\spring-boot-actuator-2.2.5.RELEASE.jar;C:\Users\SYS\.m2\repository\io\micrometer\micrometer-core\1.3.5\micrometer-core-1.3.5.jar;C:\Users\SYS\.m2\repository\org\hdrhistogram\HdrHistogram\2.1.11\HdrHistogram-2.1.11.jar;C:\Users\SYS\.m2\repository\org\latencyutils\LatencyUtils\2.0.3\LatencyUtils-2.0.3.jar;C:\Users\SYS\.m2\repository\junit\junit\4.8.1\junit-4.8.1.jar;"/>
    <property name="sun.cpu.endian" value="little"/>
    <property name="user.home" value="C:\Users\SYS"/>
    <property name="user.language" value="en"/>
    <property name="java.specification.vendor" value="Oracle Corporation"/>
    <property name="java.home" value="C:\Program Files\Java\jdk1.8.0_241\jre"/>
    <property name="basedir" value="C:\Users\SYS\git\UserSystem\Produce-Consume"/>
    <property name="file.separator" value="\"/>
    <property name="line.separator" value="&#10;"/>
    <property name="java.vm.specification.vendor" value="Oracle Corporation"/>
    <property name="java.specification.name" value="Java Platform API Specification"/>
    <property name="java.awt.graphicsenv" value="sun.awt.Win32GraphicsEnvironment"/>
    <property name="surefire.real.class.path" value="C:\Users\SYS\AppData\Local\Temp\surefire6340946928932224144\surefirebooter5560428770239176239.jar"/>
    <property name="sun.boot.class.path" value="C:\Program Files\Java\jdk1.8.0_241\jre\lib\resources.jar;C:\Program Files\Java\jdk1.8.0_241\jre\lib\rt.jar;C:\Program Files\Java\jdk1.8.0_241\jre\lib\sunrsasign.jar;C:\Program Files\Java\jdk1.8.0_241\jre\lib\jsse.jar;C:\Program Files\Java\jdk1.8.0_241\jre\lib\jce.jar;C:\Program Files\Java\jdk1.8.0_241\jre\lib\charsets.jar;C:\Program Files\Java\jdk1.8.0_241\jre\lib\jfr.jar;C:\Program Files\Java\jdk1.8.0_241\jre\classes"/>
    <property name="user.script" value=""/>
    <property name="sun.management.compiler" value="HotSpot 64-Bit Tiered Compilers"/>
    <property name="java.runtime.version" value="1.8.0_241-b07"/>
    <property name="user.name" value="SYS"/>
    <property name="path.separator" value=";"/>
    <property name="os.version" value="6.1"/>
    <property name="java.endorsed.dirs" value="C:\Program Files\Java\jdk1.8.0_241\jre\lib\endorsed"/>
    <property name="java.runtime.name" value="Java(TM) SE Runtime Environment"/>
    <property name="file.encoding" value="Cp1252"/>
    <property name="java.vm.name" value="Java HotSpot(TM) 64-Bit Server VM"/>
    <property name="localRepository" value="C:\Users\SYS\.m2\repository"/>
    <property name="java.vendor.url.bug" value="http://bugreport.sun.com/bugreport/"/>
    <property name="java.io.tmpdir" value="C:\Users\SYS\AppData\Local\Temp\"/>
    <property name="java.version" value="1.8.0_241"/>
    <property name="user.dir" value="C:\Users\SYS\git\UserSystem\Produce-Consume"/>
    <property name="os.arch" value="amd64"/>
    <property name="java.vm.specification.name" value="Java Virtual Machine Specification"/>
    <property name="java.awt.printerjob" value="sun.awt.windows.WPrinterJob"/>
    <property name="sun.os.patch.level" value="Service Pack 1"/>
    <property name="java.library.path" value="C:\Program Files\Java\jdk1.8.0_241\jre\bin;C:\Windows\Sun\Java\bin;C:\Windows\system32;C:\Windows;C:\Program Files (x86)\Common Files\Oracle\Java\javapath; index.php;C:\Windows\system32;C:\Windows\system32\wbem;C:\Program Files\Java\jdk1.8.0_241\bin;C:\Program Files\Java\jre1.8.0_241\bin;C:\nodejs;C:\Program Files\apache-maven-3.6.3\bin;;C:\Users\SYS\AppData\Local\Programs\Microsoft VS Code\bin;C:\Program Files\apache-maven-3.6.3\bin;;."/>
    <property name="java.vm.info" value="mixed mode"/>
    <property name="java.vendor" value="Oracle Corporation"/>
    <property name="java.vm.version" value="25.241-b07"/>
    <property name="java.ext.dirs" value="C:\Program Files\Java\jdk1.8.0_241\jre\lib\ext;C:\Windows\Sun\Java\lib\ext"/>
    <property name="sun.io.unicode.encoding" value="UnicodeLittle"/>
    <property name="java.class.version" value="52.0"/>
  </properties>
  <testcase name="testFetchUserById" classname="com.example.service.UserServiceTest" time="0.003">
    <error message="Failed to load ApplicationContext" type="java.lang.IllegalStateException">java.lang.IllegalStateException: Failed to load ApplicationContext
Caused by: org.springframework.context.ApplicationContextException: Failed to start bean 'org.springframework.kafka.config.internalKafkaListenerEndpointRegistry'; nested exception is java.lang.IllegalStateException: Topic(s) [NewsInfo, OnlineExam] is/are not present and missingTopicsFatal is true
Caused by: java.lang.IllegalStateException: Topic(s) [NewsInfo, OnlineExam] is/are not present and missingTopicsFatal is true
</error>
    <system-out><![CDATA[2020-04-17 13:47:11.211  INFO 6624 --- [           main] .b.t.c.SpringBootTestContextBootstrapper : Neither @ContextConfiguration nor @ContextHierarchy found for test class [com.example.service.UserServiceTest], using SpringBootContextLoader
2020-04-17 13:47:11.212  INFO 6624 --- [           main] o.s.t.c.support.AbstractContextLoader    : Could not detect default resource locations for test class [com.example.service.UserServiceTest]: no resource found for suffixes {-context.xml, Context.groovy}.
2020-04-17 13:47:11.212  INFO 6624 --- [           main] t.c.s.AnnotationConfigContextLoaderUtils : Could not detect default configuration classes for test class [com.example.service.UserServiceTest]: UserServiceTest does not declare any static, non-private, non-final, nested classes annotated with @Configuration.
2020-04-17 13:47:11.222  INFO 6624 --- [           main] .b.t.c.SpringBootTestContextBootstrapper : Found @SpringBootConfiguration com.example.ProduceConsumeApplication for test class com.example.service.UserServiceTest
2020-04-17 13:47:11.224  INFO 6624 --- [           main] .b.t.c.SpringBootTestContextBootstrapper : Loaded default TestExecutionListener class names from location [META-INF/spring.factories]: [org.springframework.boot.test.mock.mockito.MockitoTestExecutionListener, org.springframework.boot.test.mock.mockito.ResetMocksTestExecutionListener, org.springframework.boot.test.autoconfigure.restdocs.RestDocsTestExecutionListener, org.springframework.boot.test.autoconfigure.web.client.MockRestServiceServerResetTestExecutionListener, org.springframework.boot.test.autoconfigure.web.servlet.MockMvcPrintOnlyOnFailureTestExecutionListener, org.springframework.boot.test.autoconfigure.web.servlet.WebDriverTestExecutionListener, org.springframework.test.context.web.ServletTestExecutionListener, org.springframework.test.context.support.DirtiesContextBeforeModesTestExecutionListener, org.springframework.test.context.support.DependencyInjectionTestExecutionListener, org.springframework.test.context.support.DirtiesContextTestExecutionListener, org.springframework.test.context.transaction.TransactionalTestExecutionListener, org.springframework.test.context.jdbc.SqlScriptsTestExecutionListener, org.springframework.test.context.event.EventPublishingTestExecutionListener]
2020-04-17 13:47:11.225  INFO 6624 --- [           main] .b.t.c.SpringBootTestContextBootstrapper : Using TestExecutionListeners: [org.springframework.test.context.web.ServletTestExecutionListener@7212b28e, org.springframework.test.context.support.DirtiesContextBeforeModesTestExecutionListener@306c8e09, org.springframework.boot.test.mock.mockito.MockitoTestExecutionListener@87df88d, org.springframework.boot.test.autoconfigure.SpringBootDependencyInjectionTestExecutionListener@4f3b11e6, org.springframework.test.context.support.DirtiesContextTestExecutionListener@28da5c4d, org.springframework.test.context.transaction.TransactionalTestExecutionListener@7c928399, org.springframework.test.context.jdbc.SqlScriptsTestExecutionListener@1bcca516, org.springframework.test.context.event.EventPublishingTestExecutionListener@cef23a8, org.springframework.boot.test.mock.mockito.ResetMocksTestExecutionListener@762d2e4c, org.springframework.boot.test.autoconfigure.restdocs.RestDocsTestExecutionListener@1e4bf55b, org.springframework.boot.test.autoconfigure.web.client.MockRestServiceServerResetTestExecutionListener@60510791, org.springframework.boot.test.autoconfigure.web.servlet.MockMvcPrintOnlyOnFailureTestExecutionListener@15d68a50, org.springframework.boot.test.autoconfigure.web.servlet.WebDriverTestExecutionListener@a1689e8]

  .   ____          _            __ _ _
 /\\ / ___'_ __ _ _(_)_ __  __ _ \ \ \ \
( ( )\___ | '_ | '_| | '_ \/ _` | \ \ \ \
 \\/  ___)| |_)| | | | | || (_| |  ) ) ) )
  '  |____| .__|_| |_|_| |_\__, | / / / /
 =========|_|==============|___/=/_/_/_/
 :: Spring Boot ::        (v2.2.5.RELEASE)

2020-04-17 13:47:11.265  INFO 6624 --- [           main] com.example.service.UserServiceTest      : Starting UserServiceTest on SYS-PC with PID 6624 (started by SYS in C:\Users\SYS\git\UserSystem\Produce-Consume)
2020-04-17 13:47:11.265  INFO 6624 --- [           main] com.example.service.UserServiceTest      : No active profile set, falling back to default profiles: default
2020-04-17 13:47:12.184  INFO 6624 --- [           main] .s.d.r.c.RepositoryConfigurationDelegate : Bootstrapping Spring Data JPA repositories in DEFAULT mode.
2020-04-17 13:47:12.205  INFO 6624 --- [           main] .s.d.r.c.RepositoryConfigurationDelegate : Finished Spring Data repository scanning in 20ms. Found 1 JPA repository interfaces.
2020-04-17 13:47:12.546  INFO 6624 --- [           main] com.zaxxer.hikari.HikariDataSource       : HikariPool-2 - Starting...
2020-04-17 13:47:12.556  INFO 6624 --- [           main] com.zaxxer.hikari.HikariDataSource       : HikariPool-2 - Start completed.
2020-04-17 13:47:12.603  INFO 6624 --- [           main] o.hibernate.jpa.internal.util.LogHelper  : HHH000204: Processing PersistenceUnitInfo [name: default]
2020-04-17 13:47:12.619  INFO 6624 --- [           main] org.hibernate.dialect.Dialect            : HHH000400: Using dialect: org.hibernate.dialect.H2Dialect
2020-04-17 13:47:12.712  INFO 6624 --- [           main] o.h.e.t.j.p.i.JtaPlatformInitiator       : HHH000490: Using JtaPlatform implementation: [org.hibernate.engine.transaction.jta.platform.internal.NoJtaPlatform]
2020-04-17 13:47:12.713  INFO 6624 --- [           main] j.LocalContainerEntityManagerFactoryBean : Initialized JPA EntityManagerFactory for persistence unit 'default'
2020-04-17 13:47:13.173  WARN 6624 --- [           main] JpaBaseConfiguration$JpaWebConfiguration : spring.jpa.open-in-view is enabled by default. Therefore, database queries may be performed during view rendering. Explicitly configure spring.jpa.open-in-view to disable this warning
2020-04-17 13:47:13.543  INFO 6624 --- [           main] o.s.b.a.e.web.EndpointLinksResolver      : Exposing 14 endpoint(s) beneath base path '/actuator'
2020-04-17 13:47:13.748  INFO 6624 --- [           main] pertySourcedRequestMappingHandlerMapping : Mapped URL path [/v2/api-docs] onto method [springfox.documentation.swagger2.web.Swagger2Controller#getDocumentation(String, HttpServletRequest)]
2020-04-17 13:47:13.999  INFO 6624 --- [           main] o.s.s.concurrent.ThreadPoolTaskExecutor  : Initializing ExecutorService 'applicationTaskExecutor'
2020-04-17 13:47:14.366  INFO 6624 --- [           main] o.s.b.a.h2.H2ConsoleAutoConfiguration    : H2 console available at '/h2-console'. Database available at 'jdbc:h2:mem:testdb'
2020-04-17 13:47:14.497  INFO 6624 --- [           main] o.a.k.clients.admin.AdminClientConfig    : AdminClientConfig values: 
	bootstrap.servers = [localhost:9092]
	client.dns.lookup = default
	client.id = 
	connections.max.idle.ms = 300000
	metadata.max.age.ms = 300000
	metric.reporters = []
	metrics.num.samples = 2
	metrics.recording.level = INFO
	metrics.sample.window.ms = 30000
	receive.buffer.bytes = 65536
	reconnect.backoff.max.ms = 1000
	reconnect.backoff.ms = 50
	request.timeout.ms = 120000
	retries = 5
	retry.backoff.ms = 100
	sasl.client.callback.handler.class = null
	sasl.jaas.config = null
	sasl.kerberos.kinit.cmd = /usr/bin/kinit
	sasl.kerberos.min.time.before.relogin = 60000
	sasl.kerberos.service.name = null
	sasl.kerberos.ticket.renew.jitter = 0.05
	sasl.kerberos.ticket.renew.window.factor = 0.8
	sasl.login.callback.handler.class = null
	sasl.login.class = null
	sasl.login.refresh.buffer.seconds = 300
	sasl.login.refresh.min.period.seconds = 60
	sasl.login.refresh.window.factor = 0.8
	sasl.login.refresh.window.jitter = 0.05
	sasl.mechanism = GSSAPI
	security.protocol = PLAINTEXT
	send.buffer.bytes = 131072
	ssl.cipher.suites = null
	ssl.enabled.protocols = [TLSv1.2, TLSv1.1, TLSv1]
	ssl.endpoint.identification.algorithm = https
	ssl.key.password = null
	ssl.keymanager.algorithm = SunX509
	ssl.keystore.location = null
	ssl.keystore.password = null
	ssl.keystore.type = JKS
	ssl.protocol = TLS
	ssl.provider = null
	ssl.secure.random.implementation = null
	ssl.trustmanager.algorithm = PKIX
	ssl.truststore.location = null
	ssl.truststore.password = null
	ssl.truststore.type = JKS

2020-04-17 13:47:14.502  INFO 6624 --- [           main] o.a.kafka.common.utils.AppInfoParser     : Kafka version: 2.3.1
2020-04-17 13:47:14.502  INFO 6624 --- [           main] o.a.kafka.common.utils.AppInfoParser     : Kafka commitId: 18a913733fb71c01
2020-04-17 13:47:14.502  INFO 6624 --- [           main] o.a.kafka.common.utils.AppInfoParser     : Kafka startTimeMs: 1587111434502
2020-04-17 13:47:15.502  WARN 6624 --- [| adminclient-2] org.apache.kafka.clients.NetworkClient   : [AdminClient clientId=adminclient-2] Connection to node -1 (localhost/127.0.0.1:9092) could not be established. Broker may not be available.
2020-04-17 13:47:16.604  WARN 6624 --- [| adminclient-2] org.apache.kafka.clients.NetworkClient   : [AdminClient clientId=adminclient-2] Connection to node -1 (localhost/127.0.0.1:9092) could not be established. Broker may not be available.
2020-04-17 13:47:17.706  WARN 6624 --- [| adminclient-2] org.apache.kafka.clients.NetworkClient   : [AdminClient clientId=adminclient-2] Connection to node -1 (localhost/127.0.0.1:9092) could not be established. Broker may not be available.
2020-04-17 13:47:18.917  WARN 6624 --- [| adminclient-2] org.apache.kafka.clients.NetworkClient   : [AdminClient clientId=adminclient-2] Connection to node -1 (localhost/127.0.0.1:9092) could not be established. Broker may not be available.
2020-04-17 13:47:20.318  WARN 6624 --- [| adminclient-2] org.apache.kafka.clients.NetworkClient   : [AdminClient clientId=adminclient-2] Connection to node -1 (localhost/127.0.0.1:9092) could not be established. Broker may not be available.
2020-04-17 13:47:22.219  WARN 6624 --- [| adminclient-2] org.apache.kafka.clients.NetworkClient   : [AdminClient clientId=adminclient-2] Connection to node -1 (localhost/127.0.0.1:9092) could not be established. Broker may not be available.
2020-04-17 13:47:24.119  WARN 6624 --- [| adminclient-2] org.apache.kafka.clients.NetworkClient   : [AdminClient clientId=adminclient-2] Connection to node -1 (localhost/127.0.0.1:9092) could not be established. Broker may not be available.
2020-04-17 13:47:26.120  WARN 6624 --- [| adminclient-2] org.apache.kafka.clients.NetworkClient   : [AdminClient clientId=adminclient-2] Connection to node -1 (localhost/127.0.0.1:9092) could not be established. Broker may not be available.
2020-04-17 13:47:28.221  WARN 6624 --- [| adminclient-2] org.apache.kafka.clients.NetworkClient   : [AdminClient clientId=adminclient-2] Connection to node -1 (localhost/127.0.0.1:9092) could not be established. Broker may not be available.
2020-04-17 13:47:30.417  WARN 6624 --- [| adminclient-2] org.apache.kafka.clients.NetworkClient   : [AdminClient clientId=adminclient-2] Connection to node -1 (localhost/127.0.0.1:9092) could not be established. Broker may not be available.
2020-04-17 13:47:32.319  WARN 6624 --- [| adminclient-2] org.apache.kafka.clients.NetworkClient   : [AdminClient clientId=adminclient-2] Connection to node -1 (localhost/127.0.0.1:9092) could not be established. Broker may not be available.
2020-04-17 13:47:34.420  WARN 6624 --- [| adminclient-2] org.apache.kafka.clients.NetworkClient   : [AdminClient clientId=adminclient-2] Connection to node -1 (localhost/127.0.0.1:9092) could not be established. Broker may not be available.
2020-04-17 13:47:36.522  WARN 6624 --- [| adminclient-2] org.apache.kafka.clients.NetworkClient   : [AdminClient clientId=adminclient-2] Connection to node -1 (localhost/127.0.0.1:9092) could not be established. Broker may not be available.
2020-04-17 13:47:38.423  WARN 6624 --- [| adminclient-2] org.apache.kafka.clients.NetworkClient   : [AdminClient clientId=adminclient-2] Connection to node -1 (localhost/127.0.0.1:9092) could not be established. Broker may not be available.
2020-04-17 13:47:40.524  WARN 6624 --- [| adminclient-2] org.apache.kafka.clients.NetworkClient   : [AdminClient clientId=adminclient-2] Connection to node -1 (localhost/127.0.0.1:9092) could not be established. Broker may not be available.
2020-04-17 13:47:42.723  WARN 6624 --- [| adminclient-2] org.apache.kafka.clients.NetworkClient   : [AdminClient clientId=adminclient-2] Connection to node -1 (localhost/127.0.0.1:9092) could not be established. Broker may not be available.
2020-04-17 13:47:44.623  WARN 6624 --- [| adminclient-2] org.apache.kafka.clients.NetworkClient   : [AdminClient clientId=adminclient-2] Connection to node -1 (localhost/127.0.0.1:9092) could not be established. Broker may not be available.
2020-04-17 13:47:46.626  WARN 6624 --- [| adminclient-2] org.apache.kafka.clients.NetworkClient   : [AdminClient clientId=adminclient-2] Connection to node -1 (localhost/127.0.0.1:9092) could not be established. Broker may not be available.
2020-04-17 13:47:48.827  WARN 6624 --- [| adminclient-2] org.apache.kafka.clients.NetworkClient   : [AdminClient clientId=adminclient-2] Connection to node -1 (localhost/127.0.0.1:9092) could not be established. Broker may not be available.
2020-04-17 13:47:50.828  WARN 6624 --- [| adminclient-2] org.apache.kafka.clients.NetworkClient   : [AdminClient clientId=adminclient-2] Connection to node -1 (localhost/127.0.0.1:9092) could not be established. Broker may not be available.
2020-04-17 13:47:52.830  WARN 6624 --- [| adminclient-2] org.apache.kafka.clients.NetworkClient   : [AdminClient clientId=adminclient-2] Connection to node -1 (localhost/127.0.0.1:9092) could not be established. Broker may not be available.
2020-04-17 13:47:54.831  WARN 6624 --- [| adminclient-2] org.apache.kafka.clients.NetworkClient   : [AdminClient clientId=adminclient-2] Connection to node -1 (localhost/127.0.0.1:9092) could not be established. Broker may not be available.
2020-04-17 13:47:56.832  WARN 6624 --- [| adminclient-2] org.apache.kafka.clients.NetworkClient   : [AdminClient clientId=adminclient-2] Connection to node -1 (localhost/127.0.0.1:9092) could not be established. Broker may not be available.
2020-04-17 13:47:58.934  WARN 6624 --- [| adminclient-2] org.apache.kafka.clients.NetworkClient   : [AdminClient clientId=adminclient-2] Connection to node -1 (localhost/127.0.0.1:9092) could not be established. Broker may not be available.
2020-04-17 13:48:00.934  WARN 6624 --- [| adminclient-2] org.apache.kafka.clients.NetworkClient   : [AdminClient clientId=adminclient-2] Connection to node -1 (localhost/127.0.0.1:9092) could not be established. Broker may not be available.
2020-04-17 13:48:03.134  WARN 6624 --- [| adminclient-2] org.apache.kafka.clients.NetworkClient   : [AdminClient clientId=adminclient-2] Connection to node -1 (localhost/127.0.0.1:9092) could not be established. Broker may not be available.
2020-04-17 13:48:05.034  WARN 6624 --- [| adminclient-2] org.apache.kafka.clients.NetworkClient   : [AdminClient clientId=adminclient-2] Connection to node -1 (localhost/127.0.0.1:9092) could not be established. Broker may not be available.
2020-04-17 13:48:07.235  WARN 6624 --- [| adminclient-2] org.apache.kafka.clients.NetworkClient   : [AdminClient clientId=adminclient-2] Connection to node -1 (localhost/127.0.0.1:9092) could not be established. Broker may not be available.
2020-04-17 13:48:09.236  WARN 6624 --- [| adminclient-2] org.apache.kafka.clients.NetworkClient   : [AdminClient clientId=adminclient-2] Connection to node -1 (localhost/127.0.0.1:9092) could not be established. Broker may not be available.
2020-04-17 13:48:11.438  WARN 6624 --- [| adminclient-2] org.apache.kafka.clients.NetworkClient   : [AdminClient clientId=adminclient-2] Connection to node -1 (localhost/127.0.0.1:9092) could not be established. Broker may not be available.
2020-04-17 13:48:13.338  WARN 6624 --- [| adminclient-2] org.apache.kafka.clients.NetworkClient   : [AdminClient clientId=adminclient-2] Connection to node -1 (localhost/127.0.0.1:9092) could not be established. Broker may not be available.
2020-04-17 13:48:15.239  WARN 6624 --- [| adminclient-2] org.apache.kafka.clients.NetworkClient   : [AdminClient clientId=adminclient-2] Connection to node -1 (localhost/127.0.0.1:9092) could not be established. Broker may not be available.
2020-04-17 13:48:17.342  WARN 6624 --- [| adminclient-2] org.apache.kafka.clients.NetworkClient   : [AdminClient clientId=adminclient-2] Connection to node -1 (localhost/127.0.0.1:9092) could not be established. Broker may not be available.
2020-04-17 13:48:19.443  WARN 6624 --- [| adminclient-2] org.apache.kafka.clients.NetworkClient   : [AdminClient clientId=adminclient-2] Connection to node -1 (localhost/127.0.0.1:9092) could not be established. Broker may not be available.
2020-04-17 13:48:21.445  WARN 6624 --- [| adminclient-2] org.apache.kafka.clients.NetworkClient   : [AdminClient clientId=adminclient-2] Connection to node -1 (localhost/127.0.0.1:9092) could not be established. Broker may not be available.
2020-04-17 13:48:23.647  WARN 6624 --- [| adminclient-2] org.apache.kafka.clients.NetworkClient   : [AdminClient clientId=adminclient-2] Connection to node -1 (localhost/127.0.0.1:9092) could not be established. Broker may not be available.
2020-04-17 13:48:25.577  WARN 6624 --- [| adminclient-2] org.apache.kafka.clients.NetworkClient   : [AdminClient clientId=adminclient-2] Connection to node -1 (localhost/127.0.0.1:9092) could not be established. Broker may not be available.
2020-04-17 13:48:27.578  WARN 6624 --- [| adminclient-2] org.apache.kafka.clients.NetworkClient   : [AdminClient clientId=adminclient-2] Connection to node -1 (localhost/127.0.0.1:9092) could not be established. Broker may not be available.
2020-04-17 13:48:29.779  WARN 6624 --- [| adminclient-2] org.apache.kafka.clients.NetworkClient   : [AdminClient clientId=adminclient-2] Connection to node -1 (localhost/127.0.0.1:9092) could not be established. Broker may not be available.
2020-04-17 13:48:31.684  WARN 6624 --- [| adminclient-2] org.apache.kafka.clients.NetworkClient   : [AdminClient clientId=adminclient-2] Connection to node -1 (localhost/127.0.0.1:9092) could not be established. Broker may not be available.
2020-04-17 13:48:33.884  WARN 6624 --- [| adminclient-2] org.apache.kafka.clients.NetworkClient   : [AdminClient clientId=adminclient-2] Connection to node -1 (localhost/127.0.0.1:9092) could not be established. Broker may not be available.
2020-04-17 13:48:35.985  WARN 6624 --- [| adminclient-2] org.apache.kafka.clients.NetworkClient   : [AdminClient clientId=adminclient-2] Connection to node -1 (localhost/127.0.0.1:9092) could not be established. Broker may not be available.
2020-04-17 13:48:38.186  WARN 6624 --- [| adminclient-2] org.apache.kafka.clients.NetworkClient   : [AdminClient clientId=adminclient-2] Connection to node -1 (localhost/127.0.0.1:9092) could not be established. Broker may not be available.
2020-04-17 13:48:40.197  WARN 6624 --- [| adminclient-2] org.apache.kafka.clients.NetworkClient   : [AdminClient clientId=adminclient-2] Connection to node -1 (localhost/127.0.0.1:9092) could not be established. Broker may not be available.
2020-04-17 13:48:42.408  WARN 6624 --- [| adminclient-2] org.apache.kafka.clients.NetworkClient   : [AdminClient clientId=adminclient-2] Connection to node -1 (localhost/127.0.0.1:9092) could not be established. Broker may not be available.
2020-04-17 13:48:44.515  WARN 6624 --- [| adminclient-2] org.apache.kafka.clients.NetworkClient   : [AdminClient clientId=adminclient-2] Connection to node -1 (localhost/127.0.0.1:9092) could not be established. Broker may not be available.
2020-04-17 13:48:46.516  WARN 6624 --- [| adminclient-2] org.apache.kafka.clients.NetworkClient   : [AdminClient clientId=adminclient-2] Connection to node -1 (localhost/127.0.0.1:9092) could not be established. Broker may not be available.
2020-04-17 13:48:48.527  WARN 6624 --- [| adminclient-2] org.apache.kafka.clients.NetworkClient   : [AdminClient clientId=adminclient-2] Connection to node -1 (localhost/127.0.0.1:9092) could not be established. Broker may not be available.
2020-04-17 13:48:50.535  WARN 6624 --- [| adminclient-2] org.apache.kafka.clients.NetworkClient   : [AdminClient clientId=adminclient-2] Connection to node -1 (localhost/127.0.0.1:9092) could not be established. Broker may not be available.
2020-04-17 13:48:52.636  WARN 6624 --- [| adminclient-2] org.apache.kafka.clients.NetworkClient   : [AdminClient clientId=adminclient-2] Connection to node -1 (localhost/127.0.0.1:9092) could not be established. Broker may not be available.
2020-04-17 13:48:54.747  WARN 6624 --- [| adminclient-2] org.apache.kafka.clients.NetworkClient   : [AdminClient clientId=adminclient-2] Connection to node -1 (localhost/127.0.0.1:9092) could not be established. Broker may not be available.
2020-04-17 13:48:56.951  WARN 6624 --- [| adminclient-2] org.apache.kafka.clients.NetworkClient   : [AdminClient clientId=adminclient-2] Connection to node -1 (localhost/127.0.0.1:9092) could not be established. Broker may not be available.
2020-04-17 13:48:58.865  WARN 6624 --- [| adminclient-2] org.apache.kafka.clients.NetworkClient   : [AdminClient clientId=adminclient-2] Connection to node -1 (localhost/127.0.0.1:9092) could not be established. Broker may not be available.
2020-04-17 13:49:00.866  WARN 6624 --- [| adminclient-2] org.apache.kafka.clients.NetworkClient   : [AdminClient clientId=adminclient-2] Connection to node -1 (localhost/127.0.0.1:9092) could not be established. Broker may not be available.
2020-04-17 13:49:03.069  WARN 6624 --- [| adminclient-2] org.apache.kafka.clients.NetworkClient   : [AdminClient clientId=adminclient-2] Connection to node -1 (localhost/127.0.0.1:9092) could not be established. Broker may not be available.
2020-04-17 13:49:05.170  WARN 6624 --- [| adminclient-2] org.apache.kafka.clients.NetworkClient   : [AdminClient clientId=adminclient-2] Connection to node -1 (localhost/127.0.0.1:9092) could not be established. Broker may not be available.
2020-04-17 13:49:07.269  WARN 6624 --- [| adminclient-2] org.apache.kafka.clients.NetworkClient   : [AdminClient clientId=adminclient-2] Connection to node -1 (localhost/127.0.0.1:9092) could not be established. Broker may not be available.
2020-04-17 13:49:09.170  WARN 6624 --- [| adminclient-2] org.apache.kafka.clients.NetworkClient   : [AdminClient clientId=adminclient-2] Connection to node -1 (localhost/127.0.0.1:9092) could not be established. Broker may not be available.
2020-04-17 13:49:11.070  WARN 6624 --- [| adminclient-2] org.apache.kafka.clients.NetworkClient   : [AdminClient clientId=adminclient-2] Connection to node -1 (localhost/127.0.0.1:9092) could not be established. Broker may not be available.
2020-04-17 13:49:13.074  WARN 6624 --- [| adminclient-2] org.apache.kafka.clients.NetworkClient   : [AdminClient clientId=adminclient-2] Connection to node -1 (localhost/127.0.0.1:9092) could not be established. Broker may not be available.
2020-04-17 13:49:14.505  INFO 6624 --- [| adminclient-2] o.a.k.c.a.i.AdminMetadataManager         : [AdminClient clientId=adminclient-2] Metadata update failed

org.apache.kafka.common.errors.TimeoutException: Timed out waiting to send the call.

2020-04-17 13:49:14.975  WARN 6624 --- [| adminclient-2] org.apache.kafka.clients.NetworkClient   : [AdminClient clientId=adminclient-2] Connection to node -1 (localhost/127.0.0.1:9092) could not be established. Broker may not be available.
2020-04-17 13:49:14.976  INFO 6624 --- [| adminclient-2] o.a.k.c.a.i.AdminMetadataManager         : [AdminClient clientId=adminclient-2] Metadata update failed

org.apache.kafka.common.errors.TimeoutException: The AdminClient thread has exited.

2020-04-17 13:49:14.983  WARN 6624 --- [           main] o.s.w.c.s.GenericWebApplicationContext   : Exception encountered during context initialization - cancelling refresh attempt: org.springframework.context.ApplicationContextException: Failed to start bean 'org.springframework.kafka.config.internalKafkaListenerEndpointRegistry'; nested exception is java.lang.IllegalStateException: Topic(s) [NewsInfo, OnlineExam] is/are not present and missingTopicsFatal is true
2020-04-17 13:49:14.983  WARN 6624 --- [           main] o.s.b.f.support.DisposableBeanAdapter    : Invocation of destroy method failed on bean with name 'tomcatMetricsBinder': java.lang.NullPointerException
2020-04-17 13:49:14.983  INFO 6624 --- [           main] o.s.s.concurrent.ThreadPoolTaskExecutor  : Shutting down ExecutorService 'applicationTaskExecutor'
2020-04-17 13:49:14.985  INFO 6624 --- [           main] j.LocalContainerEntityManagerFactoryBean : Closing JPA EntityManagerFactory for persistence unit 'default'
2020-04-17 13:49:14.986  INFO 6624 --- [           main] .SchemaDropperImpl$DelayedDropActionImpl : HHH000477: Starting delayed evictData of schema as part of SessionFactory shut-down'
2020-04-17 13:49:14.986 ERROR 6624 --- [           main] .SchemaDropperImpl$DelayedDropActionImpl : HHH000478: Unsuccessful: drop table address if exists
2020-04-17 13:49:14.986 ERROR 6624 --- [           main] .SchemaDropperImpl$DelayedDropActionImpl : HHH000478: Unsuccessful: drop table user if exists
2020-04-17 13:49:14.988  INFO 6624 --- [           main] com.zaxxer.hikari.HikariDataSource       : HikariPool-2 - Shutdown initiated...
2020-04-17 13:49:14.993  INFO 6624 --- [           main] com.zaxxer.hikari.HikariDataSource       : HikariPool-2 - Shutdown completed.
2020-04-17 13:49:15.005  INFO 6624 --- [           main] ConditionEvaluationReportLoggingListener : 

Error starting ApplicationContext. To display the conditions report re-run your application with 'debug' enabled.
2020-04-17 13:49:15.008 ERROR 6624 --- [           main] o.s.boot.SpringApplication               : Application run failed

org.springframework.context.ApplicationContextException: Failed to start bean 'org.springframework.kafka.config.internalKafkaListenerEndpointRegistry'; nested exception is java.lang.IllegalStateException: Topic(s) [NewsInfo, OnlineExam] is/are not present and missingTopicsFatal is true
	at org.springframework.context.support.DefaultLifecycleProcessor.doStart(DefaultLifecycleProcessor.java:185) ~[spring-context-5.2.4.RELEASE.jar:5.2.4.RELEASE]
	at org.springframework.context.support.DefaultLifecycleProcessor.access$200(DefaultLifecycleProcessor.java:53) ~[spring-context-5.2.4.RELEASE.jar:5.2.4.RELEASE]
	at org.springframework.context.support.DefaultLifecycleProcessor$LifecycleGroup.start(DefaultLifecycleProcessor.java:360) ~[spring-context-5.2.4.RELEASE.jar:5.2.4.RELEASE]
	at org.springframework.context.support.DefaultLifecycleProcessor.startBeans(DefaultLifecycleProcessor.java:158) ~[spring-context-5.2.4.RELEASE.jar:5.2.4.RELEASE]
	at org.springframework.context.support.DefaultLifecycleProcessor.onRefresh(DefaultLifecycleProcessor.java:122) ~[spring-context-5.2.4.RELEASE.jar:5.2.4.RELEASE]
	at org.springframework.context.support.AbstractApplicationContext.finishRefresh(AbstractApplicationContext.java:894) ~[spring-context-5.2.4.RELEASE.jar:5.2.4.RELEASE]
	at org.springframework.context.support.AbstractApplicationContext.refresh(AbstractApplicationContext.java:553) ~[spring-context-5.2.4.RELEASE.jar:5.2.4.RELEASE]
	at org.springframework.boot.SpringApplication.refresh(SpringApplication.java:747) ~[spring-boot-2.2.5.RELEASE.jar:2.2.5.RELEASE]
	at org.springframework.boot.SpringApplication.refreshContext(SpringApplication.java:397) ~[spring-boot-2.2.5.RELEASE.jar:2.2.5.RELEASE]
	at org.springframework.boot.SpringApplication.run(SpringApplication.java:315) ~[spring-boot-2.2.5.RELEASE.jar:2.2.5.RELEASE]
	at org.springframework.boot.test.context.SpringBootContextLoader.loadContext(SpringBootContextLoader.java:126) [spring-boot-test-2.2.5.RELEASE.jar:2.2.5.RELEASE]
	at org.springframework.test.context.cache.DefaultCacheAwareContextLoaderDelegate.loadContextInternal(DefaultCacheAwareContextLoaderDelegate.java:99) [spring-test-5.2.4.RELEASE.jar:5.2.4.RELEASE]
	at org.springframework.test.context.cache.DefaultCacheAwareContextLoaderDelegate.loadContext(DefaultCacheAwareContextLoaderDelegate.java:124) [spring-test-5.2.4.RELEASE.jar:5.2.4.RELEASE]
	at org.springframework.test.context.support.DefaultTestContext.getApplicationContext(DefaultTestContext.java:123) [spring-test-5.2.4.RELEASE.jar:5.2.4.RELEASE]
	at org.springframework.test.context.web.ServletTestExecutionListener.setUpRequestContextIfNecessary(ServletTestExecutionListener.java:190) [spring-test-5.2.4.RELEASE.jar:5.2.4.RELEASE]
	at org.springframework.test.context.web.ServletTestExecutionListener.prepareTestInstance(ServletTestExecutionListener.java:132) [spring-test-5.2.4.RELEASE.jar:5.2.4.RELEASE]
	at org.springframework.test.context.TestContextManager.prepareTestInstance(TestContextManager.java:244) [spring-test-5.2.4.RELEASE.jar:5.2.4.RELEASE]
	at org.springframework.test.context.junit.jupiter.SpringExtension.postProcessTestInstance(SpringExtension.java:98) [spring-test-5.2.4.RELEASE.jar:5.2.4.RELEASE]
	at org.junit.jupiter.engine.descriptor.ClassBasedTestDescriptor.lambda$invokeTestInstancePostProcessors$5(ClassBasedTestDescriptor.java:337) [junit-jupiter-engine-5.5.2.jar:5.5.2]
	at org.junit.jupiter.engine.descriptor.ClassBasedTestDescriptor.executeAndMaskThrowable(ClassBasedTestDescriptor.java:342) [junit-jupiter-engine-5.5.2.jar:5.5.2]
	at org.junit.jupiter.engine.descriptor.ClassBasedTestDescriptor.lambda$invokeTestInstancePostProcessors$6(ClassBasedTestDescriptor.java:337) [junit-jupiter-engine-5.5.2.jar:5.5.2]
	at java.util.stream.ReferencePipeline$3$1.accept(ReferencePipeline.java:193) ~[na:1.8.0_241]
	at java.util.stream.ReferencePipeline$2$1.accept(ReferencePipeline.java:175) ~[na:1.8.0_241]
	at java.util.ArrayList$ArrayListSpliterator.forEachRemaining(ArrayList.java:1382) ~[na:1.8.0_241]
	at java.util.stream.AbstractPipeline.copyInto(AbstractPipeline.java:482) ~[na:1.8.0_241]
	at java.util.stream.AbstractPipeline.wrapAndCopyInto(AbstractPipeline.java:472) ~[na:1.8.0_241]
	at java.util.stream.StreamSpliterators$WrappingSpliterator.forEachRemaining(StreamSpliterators.java:312) ~[na:1.8.0_241]
	at java.util.stream.Streams$ConcatSpliterator.forEachRemaining(Streams.java:743) ~[na:1.8.0_241]
	at java.util.stream.Streams$ConcatSpliterator.forEachRemaining(Streams.java:742) ~[na:1.8.0_241]
	at java.util.stream.ReferencePipeline$Head.forEach(ReferencePipeline.java:580) ~[na:1.8.0_241]
	at org.junit.jupiter.engine.descriptor.ClassBasedTestDescriptor.invokeTestInstancePostProcessors(ClassBasedTestDescriptor.java:336) [junit-jupiter-engine-5.5.2.jar:5.5.2]
	at org.junit.jupiter.engine.descriptor.ClassBasedTestDescriptor.instantiateAndPostProcessTestInstance(ClassBasedTestDescriptor.java:259) [junit-jupiter-engine-5.5.2.jar:5.5.2]
	at org.junit.jupiter.engine.descriptor.ClassBasedTestDescriptor.lambda$testInstancesProvider$2(ClassBasedTestDescriptor.java:252) [junit-jupiter-engine-5.5.2.jar:5.5.2]
	at java.util.Optional.orElseGet(Optional.java:267) ~[na:1.8.0_241]
	at org.junit.jupiter.engine.descriptor.ClassBasedTestDescriptor.lambda$testInstancesProvider$3(ClassBasedTestDescriptor.java:251) [junit-jupiter-engine-5.5.2.jar:5.5.2]
	at org.junit.jupiter.engine.execution.TestInstancesProvider.getTestInstances(TestInstancesProvider.java:29) ~[junit-jupiter-engine-5.5.2.jar:5.5.2]
	at org.junit.jupiter.engine.descriptor.TestMethodTestDescriptor.lambda$prepare$0(TestMethodTestDescriptor.java:106) ~[junit-jupiter-engine-5.5.2.jar:5.5.2]
	at org.junit.platform.engine.support.hierarchical.ThrowableCollector.execute(ThrowableCollector.java:73) ~[junit-platform-engine-1.5.2.jar:1.5.2]
	at org.junit.jupiter.engine.descriptor.TestMethodTestDescriptor.prepare(TestMethodTestDescriptor.java:105) ~[junit-jupiter-engine-5.5.2.jar:5.5.2]
	at org.junit.jupiter.engine.descriptor.TestMethodTestDescriptor.prepare(TestMethodTestDescriptor.java:69) ~[junit-jupiter-engine-5.5.2.jar:5.5.2]
	at org.junit.platform.engine.support.hierarchical.NodeTestTask.lambda$prepare$1(NodeTestTask.java:107) ~[junit-platform-engine-1.5.2.jar:1.5.2]
	at org.junit.platform.engine.support.hierarchical.ThrowableCollector.execute(ThrowableCollector.java:73) ~[junit-platform-engine-1.5.2.jar:1.5.2]
	at org.junit.platform.engine.support.hierarchical.NodeTestTask.prepare(NodeTestTask.java:107) ~[junit-platform-engine-1.5.2.jar:1.5.2]
	at org.junit.platform.engine.support.hierarchical.NodeTestTask.execute(NodeTestTask.java:75) ~[junit-platform-engine-1.5.2.jar:1.5.2]
	at java.util.ArrayList.forEach(ArrayList.java:1257) ~[na:1.8.0_241]
	at org.junit.platform.engine.support.hierarchical.SameThreadHierarchicalTestExecutorService.invokeAll(SameThreadHierarchicalTestExecutorService.java:38) ~[junit-platform-engine-1.5.2.jar:1.5.2]
	at org.junit.platform.engine.support.hierarchical.NodeTestTask.lambda$executeRecursively$5(NodeTestTask.java:139) ~[junit-platform-engine-1.5.2.jar:1.5.2]
	at org.junit.platform.engine.support.hierarchical.ThrowableCollector.execute(ThrowableCollector.java:73) ~[junit-platform-engine-1.5.2.jar:1.5.2]
	at org.junit.platform.engine.support.hierarchical.NodeTestTask.lambda$executeRecursively$7(NodeTestTask.java:125) ~[junit-platform-engine-1.5.2.jar:1.5.2]
	at org.junit.platform.engine.support.hierarchical.Node.around(Node.java:135) ~[junit-platform-engine-1.5.2.jar:1.5.2]
	at org.junit.platform.engine.support.hierarchical.NodeTestTask.lambda$executeRecursively$8(NodeTestTask.java:123) ~[junit-platform-engine-1.5.2.jar:1.5.2]
	at org.junit.platform.engine.support.hierarchical.ThrowableCollector.execute(ThrowableCollector.java:73) ~[junit-platform-engine-1.5.2.jar:1.5.2]
	at org.junit.platform.engine.support.hierarchical.NodeTestTask.executeRecursively(NodeTestTask.java:122) ~[junit-platform-engine-1.5.2.jar:1.5.2]
	at org.junit.platform.engine.support.hierarchical.NodeTestTask.execute(NodeTestTask.java:80) ~[junit-platform-engine-1.5.2.jar:1.5.2]
	at java.util.ArrayList.forEach(ArrayList.java:1257) ~[na:1.8.0_241]
	at org.junit.platform.engine.support.hierarchical.SameThreadHierarchicalTestExecutorService.invokeAll(SameThreadHierarchicalTestExecutorService.java:38) ~[junit-platform-engine-1.5.2.jar:1.5.2]
	at org.junit.platform.engine.support.hierarchical.NodeTestTask.lambda$executeRecursively$5(NodeTestTask.java:139) ~[junit-platform-engine-1.5.2.jar:1.5.2]
	at org.junit.platform.engine.support.hierarchical.ThrowableCollector.execute(ThrowableCollector.java:73) ~[junit-platform-engine-1.5.2.jar:1.5.2]
	at org.junit.platform.engine.support.hierarchical.NodeTestTask.lambda$executeRecursively$7(NodeTestTask.java:125) ~[junit-platform-engine-1.5.2.jar:1.5.2]
	at org.junit.platform.engine.support.hierarchical.Node.around(Node.java:135) ~[junit-platform-engine-1.5.2.jar:1.5.2]
	at org.junit.platform.engine.support.hierarchical.NodeTestTask.lambda$executeRecursively$8(NodeTestTask.java:123) ~[junit-platform-engine-1.5.2.jar:1.5.2]
	at org.junit.platform.engine.support.hierarchical.ThrowableCollector.execute(ThrowableCollector.java:73) ~[junit-platform-engine-1.5.2.jar:1.5.2]
	at org.junit.platform.engine.support.hierarchical.NodeTestTask.executeRecursively(NodeTestTask.java:122) ~[junit-platform-engine-1.5.2.jar:1.5.2]
	at org.junit.platform.engine.support.hierarchical.NodeTestTask.execute(NodeTestTask.java:80) ~[junit-platform-engine-1.5.2.jar:1.5.2]
	at org.junit.platform.engine.support.hierarchical.SameThreadHierarchicalTestExecutorService.submit(SameThreadHierarchicalTestExecutorService.java:32) ~[junit-platform-engine-1.5.2.jar:1.5.2]
	at org.junit.platform.engine.support.hierarchical.HierarchicalTestExecutor.execute(HierarchicalTestExecutor.java:57) ~[junit-platform-engine-1.5.2.jar:1.5.2]
	at org.junit.platform.engine.support.hierarchical.HierarchicalTestEngine.execute(HierarchicalTestEngine.java:51) ~[junit-platform-engine-1.5.2.jar:1.5.2]
	at org.junit.platform.launcher.core.DefaultLauncher.execute(DefaultLauncher.java:220) ~[junit-platform-launcher-1.3.1.jar:1.3.1]
	at org.junit.platform.launcher.core.DefaultLauncher.lambda$execute$6(DefaultLauncher.java:188) ~[junit-platform-launcher-1.3.1.jar:1.3.1]
	at org.junit.platform.launcher.core.DefaultLauncher.withInterceptedStreams(DefaultLauncher.java:202) ~[junit-platform-launcher-1.3.1.jar:1.3.1]
	at org.junit.platform.launcher.core.DefaultLauncher.execute(DefaultLauncher.java:181) ~[junit-platform-launcher-1.3.1.jar:1.3.1]
	at org.junit.platform.launcher.core.DefaultLauncher.execute(DefaultLauncher.java:128) ~[junit-platform-launcher-1.3.1.jar:1.3.1]
	at org.apache.maven.surefire.junitplatform.JUnitPlatformProvider.invokeAllTests(JUnitPlatformProvider.java:150) ~[surefire-junit-platform-2.22.2.jar:2.22.2]
	at org.apache.maven.surefire.junitplatform.JUnitPlatformProvider.invoke(JUnitPlatformProvider.java:124) ~[surefire-junit-platform-2.22.2.jar:2.22.2]
	at org.apache.maven.surefire.booter.ForkedBooter.invokeProviderInSameClassLoader(ForkedBooter.java:384) ~[surefire-booter-2.22.2.jar:2.22.2]
	at org.apache.maven.surefire.booter.ForkedBooter.runSuitesInProcess(ForkedBooter.java:345) ~[surefire-booter-2.22.2.jar:2.22.2]
	at org.apache.maven.surefire.booter.ForkedBooter.execute(ForkedBooter.java:126) ~[surefire-booter-2.22.2.jar:2.22.2]
	at org.apache.maven.surefire.booter.ForkedBooter.main(ForkedBooter.java:418) ~[surefire-booter-2.22.2.jar:2.22.2]
Caused by: java.lang.IllegalStateException: Topic(s) [NewsInfo, OnlineExam] is/are not present and missingTopicsFatal is true
	at org.springframework.kafka.listener.AbstractMessageListenerContainer.checkTopics(AbstractMessageListenerContainer.java:383) ~[spring-kafka-2.3.6.RELEASE.jar:2.3.6.RELEASE]
	at org.springframework.kafka.listener.ConcurrentMessageListenerContainer.doStart(ConcurrentMessageListenerContainer.java:136) ~[spring-kafka-2.3.6.RELEASE.jar:2.3.6.RELEASE]
	at org.springframework.kafka.listener.AbstractMessageListenerContainer.start(AbstractMessageListenerContainer.java:340) ~[spring-kafka-2.3.6.RELEASE.jar:2.3.6.RELEASE]
	at org.springframework.kafka.config.KafkaListenerEndpointRegistry.startIfNecessary(KafkaListenerEndpointRegistry.java:312) ~[spring-kafka-2.3.6.RELEASE.jar:2.3.6.RELEASE]
	at org.springframework.kafka.config.KafkaListenerEndpointRegistry.start(KafkaListenerEndpointRegistry.java:257) ~[spring-kafka-2.3.6.RELEASE.jar:2.3.6.RELEASE]
	at org.springframework.context.support.DefaultLifecycleProcessor.doStart(DefaultLifecycleProcessor.java:182) ~[spring-context-5.2.4.RELEASE.jar:5.2.4.RELEASE]
	... 77 common frames omitted

2020-04-17 13:49:15.015 ERROR 6624 --- [           main] o.s.test.context.TestContextManager      : Caught exception while allowing TestExecutionListener [org.springframework.test.context.web.ServletTestExecutionListener@7212b28e] to prepare test instance [com.example.service.UserServiceTest@7320bccc]

java.lang.IllegalStateException: Failed to load ApplicationContext
	at org.springframework.test.context.cache.DefaultCacheAwareContextLoaderDelegate.loadContext(DefaultCacheAwareContextLoaderDelegate.java:132) ~[spring-test-5.2.4.RELEASE.jar:5.2.4.RELEASE]
	at org.springframework.test.context.support.DefaultTestContext.getApplicationContext(DefaultTestContext.java:123) ~[spring-test-5.2.4.RELEASE.jar:5.2.4.RELEASE]
	at org.springframework.test.context.web.ServletTestExecutionListener.setUpRequestContextIfNecessary(ServletTestExecutionListener.java:190) ~[spring-test-5.2.4.RELEASE.jar:5.2.4.RELEASE]
	at org.springframework.test.context.web.ServletTestExecutionListener.prepareTestInstance(ServletTestExecutionListener.java:132) ~[spring-test-5.2.4.RELEASE.jar:5.2.4.RELEASE]
	at org.springframework.test.context.TestContextManager.prepareTestInstance(TestContextManager.java:244) ~[spring-test-5.2.4.RELEASE.jar:5.2.4.RELEASE]
	at org.springframework.test.context.junit.jupiter.SpringExtension.postProcessTestInstance(SpringExtension.java:98) [spring-test-5.2.4.RELEASE.jar:5.2.4.RELEASE]
	at org.junit.jupiter.engine.descriptor.ClassBasedTestDescriptor.lambda$invokeTestInstancePostProcessors$5(ClassBasedTestDescriptor.java:337) [junit-jupiter-engine-5.5.2.jar:5.5.2]
	at org.junit.jupiter.engine.descriptor.ClassBasedTestDescriptor.executeAndMaskThrowable(ClassBasedTestDescriptor.java:342) [junit-jupiter-engine-5.5.2.jar:5.5.2]
	at org.junit.jupiter.engine.descriptor.ClassBasedTestDescriptor.lambda$invokeTestInstancePostProcessors$6(ClassBasedTestDescriptor.java:337) [junit-jupiter-engine-5.5.2.jar:5.5.2]
	at java.util.stream.ReferencePipeline$3$1.accept(ReferencePipeline.java:193) ~[na:1.8.0_241]
	at java.util.stream.ReferencePipeline$2$1.accept(ReferencePipeline.java:175) ~[na:1.8.0_241]
	at java.util.ArrayList$ArrayListSpliterator.forEachRemaining(ArrayList.java:1382) ~[na:1.8.0_241]
	at java.util.stream.AbstractPipeline.copyInto(AbstractPipeline.java:482) ~[na:1.8.0_241]
	at java.util.stream.AbstractPipeline.wrapAndCopyInto(AbstractPipeline.java:472) ~[na:1.8.0_241]
	at java.util.stream.StreamSpliterators$WrappingSpliterator.forEachRemaining(StreamSpliterators.java:312) ~[na:1.8.0_241]
	at java.util.stream.Streams$ConcatSpliterator.forEachRemaining(Streams.java:743) ~[na:1.8.0_241]
	at java.util.stream.Streams$ConcatSpliterator.forEachRemaining(Streams.java:742) ~[na:1.8.0_241]
	at java.util.stream.ReferencePipeline$Head.forEach(ReferencePipeline.java:580) ~[na:1.8.0_241]
	at org.junit.jupiter.engine.descriptor.ClassBasedTestDescriptor.invokeTestInstancePostProcessors(ClassBasedTestDescriptor.java:336) [junit-jupiter-engine-5.5.2.jar:5.5.2]
	at org.junit.jupiter.engine.descriptor.ClassBasedTestDescriptor.instantiateAndPostProcessTestInstance(ClassBasedTestDescriptor.java:259) [junit-jupiter-engine-5.5.2.jar:5.5.2]
	at org.junit.jupiter.engine.descriptor.ClassBasedTestDescriptor.lambda$testInstancesProvider$2(ClassBasedTestDescriptor.java:252) [junit-jupiter-engine-5.5.2.jar:5.5.2]
	at java.util.Optional.orElseGet(Optional.java:267) ~[na:1.8.0_241]
	at org.junit.jupiter.engine.descriptor.ClassBasedTestDescriptor.lambda$testInstancesProvider$3(ClassBasedTestDescriptor.java:251) [junit-jupiter-engine-5.5.2.jar:5.5.2]
	at org.junit.jupiter.engine.execution.TestInstancesProvider.getTestInstances(TestInstancesProvider.java:29) ~[junit-jupiter-engine-5.5.2.jar:5.5.2]
	at org.junit.jupiter.engine.descriptor.TestMethodTestDescriptor.lambda$prepare$0(TestMethodTestDescriptor.java:106) ~[junit-jupiter-engine-5.5.2.jar:5.5.2]
	at org.junit.platform.engine.support.hierarchical.ThrowableCollector.execute(ThrowableCollector.java:73) ~[junit-platform-engine-1.5.2.jar:1.5.2]
	at org.junit.jupiter.engine.descriptor.TestMethodTestDescriptor.prepare(TestMethodTestDescriptor.java:105) ~[junit-jupiter-engine-5.5.2.jar:5.5.2]
	at org.junit.jupiter.engine.descriptor.TestMethodTestDescriptor.prepare(TestMethodTestDescriptor.java:69) ~[junit-jupiter-engine-5.5.2.jar:5.5.2]
	at org.junit.platform.engine.support.hierarchical.NodeTestTask.lambda$prepare$1(NodeTestTask.java:107) ~[junit-platform-engine-1.5.2.jar:1.5.2]
	at org.junit.platform.engine.support.hierarchical.ThrowableCollector.execute(ThrowableCollector.java:73) ~[junit-platform-engine-1.5.2.jar:1.5.2]
	at org.junit.platform.engine.support.hierarchical.NodeTestTask.prepare(NodeTestTask.java:107) ~[junit-platform-engine-1.5.2.jar:1.5.2]
	at org.junit.platform.engine.support.hierarchical.NodeTestTask.execute(NodeTestTask.java:75) ~[junit-platform-engine-1.5.2.jar:1.5.2]
	at java.util.ArrayList.forEach(ArrayList.java:1257) ~[na:1.8.0_241]
	at org.junit.platform.engine.support.hierarchical.SameThreadHierarchicalTestExecutorService.invokeAll(SameThreadHierarchicalTestExecutorService.java:38) ~[junit-platform-engine-1.5.2.jar:1.5.2]
	at org.junit.platform.engine.support.hierarchical.NodeTestTask.lambda$executeRecursively$5(NodeTestTask.java:139) ~[junit-platform-engine-1.5.2.jar:1.5.2]
	at org.junit.platform.engine.support.hierarchical.ThrowableCollector.execute(ThrowableCollector.java:73) ~[junit-platform-engine-1.5.2.jar:1.5.2]
	at org.junit.platform.engine.support.hierarchical.NodeTestTask.lambda$executeRecursively$7(NodeTestTask.java:125) ~[junit-platform-engine-1.5.2.jar:1.5.2]
	at org.junit.platform.engine.support.hierarchical.Node.around(Node.java:135) ~[junit-platform-engine-1.5.2.jar:1.5.2]
	at org.junit.platform.engine.support.hierarchical.NodeTestTask.lambda$executeRecursively$8(NodeTestTask.java:123) ~[junit-platform-engine-1.5.2.jar:1.5.2]
	at org.junit.platform.engine.support.hierarchical.ThrowableCollector.execute(ThrowableCollector.java:73) ~[junit-platform-engine-1.5.2.jar:1.5.2]
	at org.junit.platform.engine.support.hierarchical.NodeTestTask.executeRecursively(NodeTestTask.java:122) ~[junit-platform-engine-1.5.2.jar:1.5.2]
	at org.junit.platform.engine.support.hierarchical.NodeTestTask.execute(NodeTestTask.java:80) ~[junit-platform-engine-1.5.2.jar:1.5.2]
	at java.util.ArrayList.forEach(ArrayList.java:1257) ~[na:1.8.0_241]
	at org.junit.platform.engine.support.hierarchical.SameThreadHierarchicalTestExecutorService.invokeAll(SameThreadHierarchicalTestExecutorService.java:38) ~[junit-platform-engine-1.5.2.jar:1.5.2]
	at org.junit.platform.engine.support.hierarchical.NodeTestTask.lambda$executeRecursively$5(NodeTestTask.java:139) ~[junit-platform-engine-1.5.2.jar:1.5.2]
	at org.junit.platform.engine.support.hierarchical.ThrowableCollector.execute(ThrowableCollector.java:73) ~[junit-platform-engine-1.5.2.jar:1.5.2]
	at org.junit.platform.engine.support.hierarchical.NodeTestTask.lambda$executeRecursively$7(NodeTestTask.java:125) ~[junit-platform-engine-1.5.2.jar:1.5.2]
	at org.junit.platform.engine.support.hierarchical.Node.around(Node.java:135) ~[junit-platform-engine-1.5.2.jar:1.5.2]
	at org.junit.platform.engine.support.hierarchical.NodeTestTask.lambda$executeRecursively$8(NodeTestTask.java:123) ~[junit-platform-engine-1.5.2.jar:1.5.2]
	at org.junit.platform.engine.support.hierarchical.ThrowableCollector.execute(ThrowableCollector.java:73) ~[junit-platform-engine-1.5.2.jar:1.5.2]
	at org.junit.platform.engine.support.hierarchical.NodeTestTask.executeRecursively(NodeTestTask.java:122) ~[junit-platform-engine-1.5.2.jar:1.5.2]
	at org.junit.platform.engine.support.hierarchical.NodeTestTask.execute(NodeTestTask.java:80) ~[junit-platform-engine-1.5.2.jar:1.5.2]
	at org.junit.platform.engine.support.hierarchical.SameThreadHierarchicalTestExecutorService.submit(SameThreadHierarchicalTestExecutorService.java:32) ~[junit-platform-engine-1.5.2.jar:1.5.2]
	at org.junit.platform.engine.support.hierarchical.HierarchicalTestExecutor.execute(HierarchicalTestExecutor.java:57) ~[junit-platform-engine-1.5.2.jar:1.5.2]
	at org.junit.platform.engine.support.hierarchical.HierarchicalTestEngine.execute(HierarchicalTestEngine.java:51) ~[junit-platform-engine-1.5.2.jar:1.5.2]
	at org.junit.platform.launcher.core.DefaultLauncher.execute(DefaultLauncher.java:220) ~[junit-platform-launcher-1.3.1.jar:1.3.1]
	at org.junit.platform.launcher.core.DefaultLauncher.lambda$execute$6(DefaultLauncher.java:188) ~[junit-platform-launcher-1.3.1.jar:1.3.1]
	at org.junit.platform.launcher.core.DefaultLauncher.withInterceptedStreams(DefaultLauncher.java:202) ~[junit-platform-launcher-1.3.1.jar:1.3.1]
	at org.junit.platform.launcher.core.DefaultLauncher.execute(DefaultLauncher.java:181) ~[junit-platform-launcher-1.3.1.jar:1.3.1]
	at org.junit.platform.launcher.core.DefaultLauncher.execute(DefaultLauncher.java:128) ~[junit-platform-launcher-1.3.1.jar:1.3.1]
	at org.apache.maven.surefire.junitplatform.JUnitPlatformProvider.invokeAllTests(JUnitPlatformProvider.java:150) ~[surefire-junit-platform-2.22.2.jar:2.22.2]
	at org.apache.maven.surefire.junitplatform.JUnitPlatformProvider.invoke(JUnitPlatformProvider.java:124) ~[surefire-junit-platform-2.22.2.jar:2.22.2]
	at org.apache.maven.surefire.booter.ForkedBooter.invokeProviderInSameClassLoader(ForkedBooter.java:384) ~[surefire-booter-2.22.2.jar:2.22.2]
	at org.apache.maven.surefire.booter.ForkedBooter.runSuitesInProcess(ForkedBooter.java:345) ~[surefire-booter-2.22.2.jar:2.22.2]
	at org.apache.maven.surefire.booter.ForkedBooter.execute(ForkedBooter.java:126) ~[surefire-booter-2.22.2.jar:2.22.2]
	at org.apache.maven.surefire.booter.ForkedBooter.main(ForkedBooter.java:418) ~[surefire-booter-2.22.2.jar:2.22.2]
Caused by: org.springframework.context.ApplicationContextException: Failed to start bean 'org.springframework.kafka.config.internalKafkaListenerEndpointRegistry'; nested exception is java.lang.IllegalStateException: Topic(s) [NewsInfo, OnlineExam] is/are not present and missingTopicsFatal is true
	at org.springframework.context.support.DefaultLifecycleProcessor.doStart(DefaultLifecycleProcessor.java:185) ~[spring-context-5.2.4.RELEASE.jar:5.2.4.RELEASE]
	at org.springframework.context.support.DefaultLifecycleProcessor.access$200(DefaultLifecycleProcessor.java:53) ~[spring-context-5.2.4.RELEASE.jar:5.2.4.RELEASE]
	at org.springframework.context.support.DefaultLifecycleProcessor$LifecycleGroup.start(DefaultLifecycleProcessor.java:360) ~[spring-context-5.2.4.RELEASE.jar:5.2.4.RELEASE]
	at org.springframework.context.support.DefaultLifecycleProcessor.startBeans(DefaultLifecycleProcessor.java:158) ~[spring-context-5.2.4.RELEASE.jar:5.2.4.RELEASE]
	at org.springframework.context.support.DefaultLifecycleProcessor.onRefresh(DefaultLifecycleProcessor.java:122) ~[spring-context-5.2.4.RELEASE.jar:5.2.4.RELEASE]
	at org.springframework.context.support.AbstractApplicationContext.finishRefresh(AbstractApplicationContext.java:894) ~[spring-context-5.2.4.RELEASE.jar:5.2.4.RELEASE]
	at org.springframework.context.support.AbstractApplicationContext.refresh(AbstractApplicationContext.java:553) ~[spring-context-5.2.4.RELEASE.jar:5.2.4.RELEASE]
	at org.springframework.boot.SpringApplication.refresh(SpringApplication.java:747) ~[spring-boot-2.2.5.RELEASE.jar:2.2.5.RELEASE]
	at org.springframework.boot.SpringApplication.refreshContext(SpringApplication.java:397) ~[spring-boot-2.2.5.RELEASE.jar:2.2.5.RELEASE]
	at org.springframework.boot.SpringApplication.run(SpringApplication.java:315) ~[spring-boot-2.2.5.RELEASE.jar:2.2.5.RELEASE]
	at org.springframework.boot.test.context.SpringBootContextLoader.loadContext(SpringBootContextLoader.java:126) ~[spring-boot-test-2.2.5.RELEASE.jar:2.2.5.RELEASE]
	at org.springframework.test.context.cache.DefaultCacheAwareContextLoaderDelegate.loadContextInternal(DefaultCacheAwareContextLoaderDelegate.java:99) ~[spring-test-5.2.4.RELEASE.jar:5.2.4.RELEASE]
	at org.springframework.test.context.cache.DefaultCacheAwareContextLoaderDelegate.loadContext(DefaultCacheAwareContextLoaderDelegate.java:124) ~[spring-test-5.2.4.RELEASE.jar:5.2.4.RELEASE]
	... 65 common frames omitted
Caused by: java.lang.IllegalStateException: Topic(s) [NewsInfo, OnlineExam] is/are not present and missingTopicsFatal is true
	at org.springframework.kafka.listener.AbstractMessageListenerContainer.checkTopics(AbstractMessageListenerContainer.java:383) ~[spring-kafka-2.3.6.RELEASE.jar:2.3.6.RELEASE]
	at org.springframework.kafka.listener.ConcurrentMessageListenerContainer.doStart(ConcurrentMessageListenerContainer.java:136) ~[spring-kafka-2.3.6.RELEASE.jar:2.3.6.RELEASE]
	at org.springframework.kafka.listener.AbstractMessageListenerContainer.start(AbstractMessageListenerContainer.java:340) ~[spring-kafka-2.3.6.RELEASE.jar:2.3.6.RELEASE]
	at org.springframework.kafka.config.KafkaListenerEndpointRegistry.startIfNecessary(KafkaListenerEndpointRegistry.java:312) ~[spring-kafka-2.3.6.RELEASE.jar:2.3.6.RELEASE]
	at org.springframework.kafka.config.KafkaListenerEndpointRegistry.start(KafkaListenerEndpointRegistry.java:257) ~[spring-kafka-2.3.6.RELEASE.jar:2.3.6.RELEASE]
	at org.springframework.context.support.DefaultLifecycleProcessor.doStart(DefaultLifecycleProcessor.java:182) ~[spring-context-5.2.4.RELEASE.jar:5.2.4.RELEASE]
	... 77 common frames omitted

]]></system-out>
  </testcase>
  <testcase name="testAddUser" classname="com.example.service.UserServiceTest" time="0">
    <error message="Failed to load ApplicationContext" type="java.lang.IllegalStateException">java.lang.IllegalStateException: Failed to load ApplicationContext
Caused by: org.springframework.context.ApplicationContextException: Failed to start bean 'org.springframework.kafka.config.internalKafkaListenerEndpointRegistry'; nested exception is java.lang.IllegalStateException: Topic(s) [NewsInfo, OnlineExam] is/are not present and missingTopicsFatal is true
Caused by: java.lang.IllegalStateException: Topic(s) [NewsInfo, OnlineExam] is/are not present and missingTopicsFatal is true
</error>
    <system-out><![CDATA[
  .   ____          _            __ _ _
 /\\ / ___'_ __ _ _(_)_ __  __ _ \ \ \ \
( ( )\___ | '_ | '_| | '_ \/ _` | \ \ \ \
 \\/  ___)| |_)| | | | | || (_| |  ) ) ) )
  '  |____| .__|_| |_|_| |_\__, | / / / /
 =========|_|==============|___/=/_/_/_/
 :: Spring Boot ::        (v2.2.5.RELEASE)

2020-04-17 13:49:15.070  INFO 6624 --- [           main] com.example.service.UserServiceTest      : Starting UserServiceTest on SYS-PC with PID 6624 (started by SYS in C:\Users\SYS\git\UserSystem\Produce-Consume)
2020-04-17 13:49:15.071  INFO 6624 --- [           main] com.example.service.UserServiceTest      : No active profile set, falling back to default profiles: default
2020-04-17 13:49:16.051  INFO 6624 --- [           main] .s.d.r.c.RepositoryConfigurationDelegate : Bootstrapping Spring Data JPA repositories in DEFAULT mode.
2020-04-17 13:49:16.072  INFO 6624 --- [           main] .s.d.r.c.RepositoryConfigurationDelegate : Finished Spring Data repository scanning in 19ms. Found 1 JPA repository interfaces.
2020-04-17 13:49:16.418  INFO 6624 --- [           main] com.zaxxer.hikari.HikariDataSource       : HikariPool-3 - Starting...
2020-04-17 13:49:16.426  INFO 6624 --- [           main] com.zaxxer.hikari.HikariDataSource       : HikariPool-3 - Start completed.
2020-04-17 13:49:16.449  INFO 6624 --- [           main] o.hibernate.jpa.internal.util.LogHelper  : HHH000204: Processing PersistenceUnitInfo [name: default]
2020-04-17 13:49:16.458  INFO 6624 --- [           main] org.hibernate.dialect.Dialect            : HHH000400: Using dialect: org.hibernate.dialect.H2Dialect
2020-04-17 13:49:16.583  INFO 6624 --- [           main] o.h.e.t.j.p.i.JtaPlatformInitiator       : HHH000490: Using JtaPlatform implementation: [org.hibernate.engine.transaction.jta.platform.internal.NoJtaPlatform]
2020-04-17 13:49:16.583  INFO 6624 --- [           main] j.LocalContainerEntityManagerFactoryBean : Initialized JPA EntityManagerFactory for persistence unit 'default'
2020-04-17 13:49:17.056  WARN 6624 --- [           main] JpaBaseConfiguration$JpaWebConfiguration : spring.jpa.open-in-view is enabled by default. Therefore, database queries may be performed during view rendering. Explicitly configure spring.jpa.open-in-view to disable this warning
2020-04-17 13:49:17.422  INFO 6624 --- [           main] o.s.b.a.e.web.EndpointLinksResolver      : Exposing 14 endpoint(s) beneath base path '/actuator'
2020-04-17 13:49:17.629  INFO 6624 --- [           main] pertySourcedRequestMappingHandlerMapping : Mapped URL path [/v2/api-docs] onto method [springfox.documentation.swagger2.web.Swagger2Controller#getDocumentation(String, HttpServletRequest)]
2020-04-17 13:49:17.924  INFO 6624 --- [           main] o.s.s.concurrent.ThreadPoolTaskExecutor  : Initializing ExecutorService 'applicationTaskExecutor'
2020-04-17 13:49:18.265  INFO 6624 --- [           main] o.s.b.a.h2.H2ConsoleAutoConfiguration    : H2 console available at '/h2-console'. Database available at 'jdbc:h2:mem:testdb'
2020-04-17 13:49:18.417  INFO 6624 --- [           main] o.a.k.clients.admin.AdminClientConfig    : AdminClientConfig values: 
	bootstrap.servers = [localhost:9092]
	client.dns.lookup = default
	client.id = 
	connections.max.idle.ms = 300000
	metadata.max.age.ms = 300000
	metric.reporters = []
	metrics.num.samples = 2
	metrics.recording.level = INFO
	metrics.sample.window.ms = 30000
	receive.buffer.bytes = 65536
	reconnect.backoff.max.ms = 1000
	reconnect.backoff.ms = 50
	request.timeout.ms = 120000
	retries = 5
	retry.backoff.ms = 100
	sasl.client.callback.handler.class = null
	sasl.jaas.config = null
	sasl.kerberos.kinit.cmd = /usr/bin/kinit
	sasl.kerberos.min.time.before.relogin = 60000
	sasl.kerberos.service.name = null
	sasl.kerberos.ticket.renew.jitter = 0.05
	sasl.kerberos.ticket.renew.window.factor = 0.8
	sasl.login.callback.handler.class = null
	sasl.login.class = null
	sasl.login.refresh.buffer.seconds = 300
	sasl.login.refresh.min.period.seconds = 60
	sasl.login.refresh.window.factor = 0.8
	sasl.login.refresh.window.jitter = 0.05
	sasl.mechanism = GSSAPI
	security.protocol = PLAINTEXT
	send.buffer.bytes = 131072
	ssl.cipher.suites = null
	ssl.enabled.protocols = [TLSv1.2, TLSv1.1, TLSv1]
	ssl.endpoint.identification.algorithm = https
	ssl.key.password = null
	ssl.keymanager.algorithm = SunX509
	ssl.keystore.location = null
	ssl.keystore.password = null
	ssl.keystore.type = JKS
	ssl.protocol = TLS
	ssl.provider = null
	ssl.secure.random.implementation = null
	ssl.trustmanager.algorithm = PKIX
	ssl.truststore.location = null
	ssl.truststore.password = null
	ssl.truststore.type = JKS

2020-04-17 13:49:18.423  INFO 6624 --- [           main] o.a.kafka.common.utils.AppInfoParser     : Kafka version: 2.3.1
2020-04-17 13:49:18.424  INFO 6624 --- [           main] o.a.kafka.common.utils.AppInfoParser     : Kafka commitId: 18a913733fb71c01
2020-04-17 13:49:18.424  INFO 6624 --- [           main] o.a.kafka.common.utils.AppInfoParser     : Kafka startTimeMs: 1587111558423
2020-04-17 13:49:19.427  WARN 6624 --- [| adminclient-3] org.apache.kafka.clients.NetworkClient   : [AdminClient clientId=adminclient-3] Connection to node -1 (localhost/127.0.0.1:9092) could not be established. Broker may not be available.
2020-04-17 13:49:20.529  WARN 6624 --- [| adminclient-3] org.apache.kafka.clients.NetworkClient   : [AdminClient clientId=adminclient-3] Connection to node -1 (localhost/127.0.0.1:9092) could not be established. Broker may not be available.
2020-04-17 13:49:21.729  WARN 6624 --- [| adminclient-3] org.apache.kafka.clients.NetworkClient   : [AdminClient clientId=adminclient-3] Connection to node -1 (localhost/127.0.0.1:9092) could not be established. Broker may not be available.
2020-04-17 13:49:23.029  WARN 6624 --- [| adminclient-3] org.apache.kafka.clients.NetworkClient   : [AdminClient clientId=adminclient-3] Connection to node -1 (localhost/127.0.0.1:9092) could not be established. Broker may not be available.
2020-04-17 13:49:24.430  WARN 6624 --- [| adminclient-3] org.apache.kafka.clients.NetworkClient   : [AdminClient clientId=adminclient-3] Connection to node -1 (localhost/127.0.0.1:9092) could not be established. Broker may not be available.
2020-04-17 13:49:26.132  WARN 6624 --- [| adminclient-3] org.apache.kafka.clients.NetworkClient   : [AdminClient clientId=adminclient-3] Connection to node -1 (localhost/127.0.0.1:9092) could not be established. Broker may not be available.
2020-04-17 13:49:28.232  WARN 6624 --- [| adminclient-3] org.apache.kafka.clients.NetworkClient   : [AdminClient clientId=adminclient-3] Connection to node -1 (localhost/127.0.0.1:9092) could not be established. Broker may not be available.
2020-04-17 13:49:30.435  WARN 6624 --- [| adminclient-3] org.apache.kafka.clients.NetworkClient   : [AdminClient clientId=adminclient-3] Connection to node -1 (localhost/127.0.0.1:9092) could not be established. Broker may not be available.
2020-04-17 13:49:32.547  WARN 6624 --- [| adminclient-3] org.apache.kafka.clients.NetworkClient   : [AdminClient clientId=adminclient-3] Connection to node -1 (localhost/127.0.0.1:9092) could not be established. Broker may not be available.
2020-04-17 13:49:34.648  WARN 6624 --- [| adminclient-3] org.apache.kafka.clients.NetworkClient   : [AdminClient clientId=adminclient-3] Connection to node -1 (localhost/127.0.0.1:9092) could not be established. Broker may not be available.
2020-04-17 13:49:36.749  WARN 6624 --- [| adminclient-3] org.apache.kafka.clients.NetworkClient   : [AdminClient clientId=adminclient-3] Connection to node -1 (localhost/127.0.0.1:9092) could not be established. Broker may not be available.
2020-04-17 13:49:38.651  WARN 6624 --- [| adminclient-3] org.apache.kafka.clients.NetworkClient   : [AdminClient clientId=adminclient-3] Connection to node -1 (localhost/127.0.0.1:9092) could not be established. Broker may not be available.
2020-04-17 13:49:40.858  WARN 6624 --- [| adminclient-3] org.apache.kafka.clients.NetworkClient   : [AdminClient clientId=adminclient-3] Connection to node -1 (localhost/127.0.0.1:9092) could not be established. Broker may not be available.
2020-04-17 13:49:42.758  WARN 6624 --- [| adminclient-3] org.apache.kafka.clients.NetworkClient   : [AdminClient clientId=adminclient-3] Connection to node -1 (localhost/127.0.0.1:9092) could not be established. Broker may not be available.
2020-04-17 13:49:44.859  WARN 6624 --- [| adminclient-3] org.apache.kafka.clients.NetworkClient   : [AdminClient clientId=adminclient-3] Connection to node -1 (localhost/127.0.0.1:9092) could not be established. Broker may not be available.
2020-04-17 13:49:46.960  WARN 6624 --- [| adminclient-3] org.apache.kafka.clients.NetworkClient   : [AdminClient clientId=adminclient-3] Connection to node -1 (localhost/127.0.0.1:9092) could not be established. Broker may not be available.
2020-04-17 13:49:49.161  WARN 6624 --- [| adminclient-3] org.apache.kafka.clients.NetworkClient   : [AdminClient clientId=adminclient-3] Connection to node -1 (localhost/127.0.0.1:9092) could not be established. Broker may not be available.
2020-04-17 13:49:51.363  WARN 6624 --- [| adminclient-3] org.apache.kafka.clients.NetworkClient   : [AdminClient clientId=adminclient-3] Connection to node -1 (localhost/127.0.0.1:9092) could not be established. Broker may not be available.
2020-04-17 13:49:53.363  WARN 6624 --- [| adminclient-3] org.apache.kafka.clients.NetworkClient   : [AdminClient clientId=adminclient-3] Connection to node -1 (localhost/127.0.0.1:9092) could not be established. Broker may not be available.
2020-04-17 13:49:55.469  WARN 6624 --- [| adminclient-3] org.apache.kafka.clients.NetworkClient   : [AdminClient clientId=adminclient-3] Connection to node -1 (localhost/127.0.0.1:9092) could not be established. Broker may not be available.
2020-04-17 13:49:57.471  WARN 6624 --- [| adminclient-3] org.apache.kafka.clients.NetworkClient   : [AdminClient clientId=adminclient-3] Connection to node -1 (localhost/127.0.0.1:9092) could not be established. Broker may not be available.
2020-04-17 13:49:59.572  WARN 6624 --- [| adminclient-3] org.apache.kafka.clients.NetworkClient   : [AdminClient clientId=adminclient-3] Connection to node -1 (localhost/127.0.0.1:9092) could not be established. Broker may not be available.
2020-04-17 13:50:01.772  WARN 6624 --- [| adminclient-3] org.apache.kafka.clients.NetworkClient   : [AdminClient clientId=adminclient-3] Connection to node -1 (localhost/127.0.0.1:9092) could not be established. Broker may not be available.
2020-04-17 13:50:03.673  WARN 6624 --- [| adminclient-3] org.apache.kafka.clients.NetworkClient   : [AdminClient clientId=adminclient-3] Connection to node -1 (localhost/127.0.0.1:9092) could not be established. Broker may not be available.
2020-04-17 13:50:05.872  WARN 6624 --- [| adminclient-3] org.apache.kafka.clients.NetworkClient   : [AdminClient clientId=adminclient-3] Connection to node -1 (localhost/127.0.0.1:9092) could not be established. Broker may not be available.
2020-04-17 13:50:07.973  WARN 6624 --- [| adminclient-3] org.apache.kafka.clients.NetworkClient   : [AdminClient clientId=adminclient-3] Connection to node -1 (localhost/127.0.0.1:9092) could not be established. Broker may not be available.
2020-04-17 13:50:10.074  WARN 6624 --- [| adminclient-3] org.apache.kafka.clients.NetworkClient   : [AdminClient clientId=adminclient-3] Connection to node -1 (localhost/127.0.0.1:9092) could not be established. Broker may not be available.
2020-04-17 13:50:12.076  WARN 6624 --- [| adminclient-3] org.apache.kafka.clients.NetworkClient   : [AdminClient clientId=adminclient-3] Connection to node -1 (localhost/127.0.0.1:9092) could not be established. Broker may not be available.
2020-04-17 13:50:14.271  WARN 6624 --- [| adminclient-3] org.apache.kafka.clients.NetworkClient   : [AdminClient clientId=adminclient-3] Connection to node -1 (localhost/127.0.0.1:9092) could not be established. Broker may not be available.
2020-04-17 13:50:16.172  WARN 6624 --- [| adminclient-3] org.apache.kafka.clients.NetworkClient   : [AdminClient clientId=adminclient-3] Connection to node -1 (localhost/127.0.0.1:9092) could not be established. Broker may not be available.
2020-04-17 13:50:18.273  WARN 6624 --- [| adminclient-3] org.apache.kafka.clients.NetworkClient   : [AdminClient clientId=adminclient-3] Connection to node -1 (localhost/127.0.0.1:9092) could not be established. Broker may not be available.
2020-04-17 13:50:20.429  WARN 6624 --- [| adminclient-3] org.apache.kafka.clients.NetworkClient   : [AdminClient clientId=adminclient-3] Connection to node -1 (localhost/127.0.0.1:9092) could not be established. Broker may not be available.
2020-04-17 13:50:22.432  WARN 6624 --- [| adminclient-3] org.apache.kafka.clients.NetworkClient   : [AdminClient clientId=adminclient-3] Connection to node -1 (localhost/127.0.0.1:9092) could not be established. Broker may not be available.
2020-04-17 13:50:24.333  WARN 6624 --- [| adminclient-3] org.apache.kafka.clients.NetworkClient   : [AdminClient clientId=adminclient-3] Connection to node -1 (localhost/127.0.0.1:9092) could not be established. Broker may not be available.
2020-04-17 13:50:26.234  WARN 6624 --- [| adminclient-3] org.apache.kafka.clients.NetworkClient   : [AdminClient clientId=adminclient-3] Connection to node -1 (localhost/127.0.0.1:9092) could not be established. Broker may not be available.
2020-04-17 13:50:28.335  WARN 6624 --- [| adminclient-3] org.apache.kafka.clients.NetworkClient   : [AdminClient clientId=adminclient-3] Connection to node -1 (localhost/127.0.0.1:9092) could not be established. Broker may not be available.
2020-04-17 13:50:30.337  WARN 6624 --- [| adminclient-3] org.apache.kafka.clients.NetworkClient   : [AdminClient clientId=adminclient-3] Connection to node -1 (localhost/127.0.0.1:9092) could not be established. Broker may not be available.
2020-04-17 13:50:32.239  WARN 6624 --- [| adminclient-3] org.apache.kafka.clients.NetworkClient   : [AdminClient clientId=adminclient-3] Connection to node -1 (localhost/127.0.0.1:9092) could not be established. Broker may not be available.
2020-04-17 13:50:34.439  WARN 6624 --- [| adminclient-3] org.apache.kafka.clients.NetworkClient   : [AdminClient clientId=adminclient-3] Connection to node -1 (localhost/127.0.0.1:9092) could not be established. Broker may not be available.
2020-04-17 13:50:36.347  WARN 6624 --- [| adminclient-3] org.apache.kafka.clients.NetworkClient   : [AdminClient clientId=adminclient-3] Connection to node -1 (localhost/127.0.0.1:9092) could not be established. Broker may not be available.
2020-04-17 13:50:38.458  WARN 6624 --- [| adminclient-3] org.apache.kafka.clients.NetworkClient   : [AdminClient clientId=adminclient-3] Connection to node -1 (localhost/127.0.0.1:9092) could not be established. Broker may not be available.
2020-04-17 13:50:40.559  WARN 6624 --- [| adminclient-3] org.apache.kafka.clients.NetworkClient   : [AdminClient clientId=adminclient-3] Connection to node -1 (localhost/127.0.0.1:9092) could not be established. Broker may not be available.
2020-04-17 13:50:42.659  WARN 6624 --- [| adminclient-3] org.apache.kafka.clients.NetworkClient   : [AdminClient clientId=adminclient-3] Connection to node -1 (localhost/127.0.0.1:9092) could not be established. Broker may not be available.
2020-04-17 13:50:44.760  WARN 6624 --- [| adminclient-3] org.apache.kafka.clients.NetworkClient   : [AdminClient clientId=adminclient-3] Connection to node -1 (localhost/127.0.0.1:9092) could not be established. Broker may not be available.
2020-04-17 13:50:46.862  WARN 6624 --- [| adminclient-3] org.apache.kafka.clients.NetworkClient   : [AdminClient clientId=adminclient-3] Connection to node -1 (localhost/127.0.0.1:9092) could not be established. Broker may not be available.
2020-04-17 13:50:48.963  WARN 6624 --- [| adminclient-3] org.apache.kafka.clients.NetworkClient   : [AdminClient clientId=adminclient-3] Connection to node -1 (localhost/127.0.0.1:9092) could not be established. Broker may not be available.
2020-04-17 13:50:51.064  WARN 6624 --- [| adminclient-3] org.apache.kafka.clients.NetworkClient   : [AdminClient clientId=adminclient-3] Connection to node -1 (localhost/127.0.0.1:9092) could not be established. Broker may not be available.
2020-04-17 13:50:53.266  WARN 6624 --- [| adminclient-3] org.apache.kafka.clients.NetworkClient   : [AdminClient clientId=adminclient-3] Connection to node -1 (localhost/127.0.0.1:9092) could not be established. Broker may not be available.
2020-04-17 13:50:55.167  WARN 6624 --- [| adminclient-3] org.apache.kafka.clients.NetworkClient   : [AdminClient clientId=adminclient-3] Connection to node -1 (localhost/127.0.0.1:9092) could not be established. Broker may not be available.
2020-04-17 13:50:57.188  WARN 6624 --- [| adminclient-3] org.apache.kafka.clients.NetworkClient   : [AdminClient clientId=adminclient-3] Connection to node -1 (localhost/127.0.0.1:9092) could not be established. Broker may not be available.
2020-04-17 13:50:59.289  WARN 6624 --- [| adminclient-3] org.apache.kafka.clients.NetworkClient   : [AdminClient clientId=adminclient-3] Connection to node -1 (localhost/127.0.0.1:9092) could not be established. Broker may not be available.
2020-04-17 13:51:01.390  WARN 6624 --- [| adminclient-3] org.apache.kafka.clients.NetworkClient   : [AdminClient clientId=adminclient-3] Connection to node -1 (localhost/127.0.0.1:9092) could not be established. Broker may not be available.
2020-04-17 13:51:03.491  WARN 6624 --- [| adminclient-3] org.apache.kafka.clients.NetworkClient   : [AdminClient clientId=adminclient-3] Connection to node -1 (localhost/127.0.0.1:9092) could not be established. Broker may not be available.
2020-04-17 13:51:05.493  WARN 6624 --- [| adminclient-3] org.apache.kafka.clients.NetworkClient   : [AdminClient clientId=adminclient-3] Connection to node -1 (localhost/127.0.0.1:9092) could not be established. Broker may not be available.
2020-04-17 13:51:07.693  WARN 6624 --- [| adminclient-3] org.apache.kafka.clients.NetworkClient   : [AdminClient clientId=adminclient-3] Connection to node -1 (localhost/127.0.0.1:9092) could not be established. Broker may not be available.
2020-04-17 13:51:09.793  WARN 6624 --- [| adminclient-3] org.apache.kafka.clients.NetworkClient   : [AdminClient clientId=adminclient-3] Connection to node -1 (localhost/127.0.0.1:9092) could not be established. Broker may not be available.
2020-04-17 13:51:11.894  WARN 6624 --- [| adminclient-3] org.apache.kafka.clients.NetworkClient   : [AdminClient clientId=adminclient-3] Connection to node -1 (localhost/127.0.0.1:9092) could not be established. Broker may not be available.
2020-04-17 13:51:13.895  WARN 6624 --- [| adminclient-3] org.apache.kafka.clients.NetworkClient   : [AdminClient clientId=adminclient-3] Connection to node -1 (localhost/127.0.0.1:9092) could not be established. Broker may not be available.
2020-04-17 13:51:15.996  WARN 6624 --- [| adminclient-3] org.apache.kafka.clients.NetworkClient   : [AdminClient clientId=adminclient-3] Connection to node -1 (localhost/127.0.0.1:9092) could not be established. Broker may not be available.
2020-04-17 13:51:18.198  WARN 6624 --- [| adminclient-3] org.apache.kafka.clients.NetworkClient   : [AdminClient clientId=adminclient-3] Connection to node -1 (localhost/127.0.0.1:9092) could not be established. Broker may not be available.
2020-04-17 13:51:18.426  INFO 6624 --- [| adminclient-3] o.a.k.c.a.i.AdminMetadataManager         : [AdminClient clientId=adminclient-3] Metadata update failed

org.apache.kafka.common.errors.TimeoutException: The AdminClient thread has exited.

2020-04-17 13:51:18.433  WARN 6624 --- [           main] o.s.w.c.s.GenericWebApplicationContext   : Exception encountered during context initialization - cancelling refresh attempt: org.springframework.context.ApplicationContextException: Failed to start bean 'org.springframework.kafka.config.internalKafkaListenerEndpointRegistry'; nested exception is java.lang.IllegalStateException: Topic(s) [NewsInfo, OnlineExam] is/are not present and missingTopicsFatal is true
2020-04-17 13:51:18.434  WARN 6624 --- [           main] o.s.b.f.support.DisposableBeanAdapter    : Invocation of destroy method failed on bean with name 'tomcatMetricsBinder': java.lang.NullPointerException
2020-04-17 13:51:18.434  INFO 6624 --- [           main] o.s.s.concurrent.ThreadPoolTaskExecutor  : Shutting down ExecutorService 'applicationTaskExecutor'
2020-04-17 13:51:18.443  INFO 6624 --- [           main] j.LocalContainerEntityManagerFactoryBean : Closing JPA EntityManagerFactory for persistence unit 'default'
2020-04-17 13:51:18.443  INFO 6624 --- [           main] .SchemaDropperImpl$DelayedDropActionImpl : HHH000477: Starting delayed evictData of schema as part of SessionFactory shut-down'
2020-04-17 13:51:18.444 ERROR 6624 --- [           main] .SchemaDropperImpl$DelayedDropActionImpl : HHH000478: Unsuccessful: drop table address if exists
2020-04-17 13:51:18.445 ERROR 6624 --- [           main] .SchemaDropperImpl$DelayedDropActionImpl : HHH000478: Unsuccessful: drop table user if exists
2020-04-17 13:51:18.449  INFO 6624 --- [           main] com.zaxxer.hikari.HikariDataSource       : HikariPool-3 - Shutdown initiated...
2020-04-17 13:51:18.467  INFO 6624 --- [           main] com.zaxxer.hikari.HikariDataSource       : HikariPool-3 - Shutdown completed.
2020-04-17 13:51:18.475  INFO 6624 --- [           main] ConditionEvaluationReportLoggingListener : 

Error starting ApplicationContext. To display the conditions report re-run your application with 'debug' enabled.
2020-04-17 13:51:18.477 ERROR 6624 --- [           main] o.s.boot.SpringApplication               : Application run failed

org.springframework.context.ApplicationContextException: Failed to start bean 'org.springframework.kafka.config.internalKafkaListenerEndpointRegistry'; nested exception is java.lang.IllegalStateException: Topic(s) [NewsInfo, OnlineExam] is/are not present and missingTopicsFatal is true
	at org.springframework.context.support.DefaultLifecycleProcessor.doStart(DefaultLifecycleProcessor.java:185) ~[spring-context-5.2.4.RELEASE.jar:5.2.4.RELEASE]
	at org.springframework.context.support.DefaultLifecycleProcessor.access$200(DefaultLifecycleProcessor.java:53) ~[spring-context-5.2.4.RELEASE.jar:5.2.4.RELEASE]
	at org.springframework.context.support.DefaultLifecycleProcessor$LifecycleGroup.start(DefaultLifecycleProcessor.java:360) ~[spring-context-5.2.4.RELEASE.jar:5.2.4.RELEASE]
	at org.springframework.context.support.DefaultLifecycleProcessor.startBeans(DefaultLifecycleProcessor.java:158) ~[spring-context-5.2.4.RELEASE.jar:5.2.4.RELEASE]
	at org.springframework.context.support.DefaultLifecycleProcessor.onRefresh(DefaultLifecycleProcessor.java:122) ~[spring-context-5.2.4.RELEASE.jar:5.2.4.RELEASE]
	at org.springframework.context.support.AbstractApplicationContext.finishRefresh(AbstractApplicationContext.java:894) ~[spring-context-5.2.4.RELEASE.jar:5.2.4.RELEASE]
	at org.springframework.context.support.AbstractApplicationContext.refresh(AbstractApplicationContext.java:553) ~[spring-context-5.2.4.RELEASE.jar:5.2.4.RELEASE]
	at org.springframework.boot.SpringApplication.refresh(SpringApplication.java:747) ~[spring-boot-2.2.5.RELEASE.jar:2.2.5.RELEASE]
	at org.springframework.boot.SpringApplication.refreshContext(SpringApplication.java:397) ~[spring-boot-2.2.5.RELEASE.jar:2.2.5.RELEASE]
	at org.springframework.boot.SpringApplication.run(SpringApplication.java:315) ~[spring-boot-2.2.5.RELEASE.jar:2.2.5.RELEASE]
	at org.springframework.boot.test.context.SpringBootContextLoader.loadContext(SpringBootContextLoader.java:126) [spring-boot-test-2.2.5.RELEASE.jar:2.2.5.RELEASE]
	at org.springframework.test.context.cache.DefaultCacheAwareContextLoaderDelegate.loadContextInternal(DefaultCacheAwareContextLoaderDelegate.java:99) [spring-test-5.2.4.RELEASE.jar:5.2.4.RELEASE]
	at org.springframework.test.context.cache.DefaultCacheAwareContextLoaderDelegate.loadContext(DefaultCacheAwareContextLoaderDelegate.java:124) [spring-test-5.2.4.RELEASE.jar:5.2.4.RELEASE]
	at org.springframework.test.context.support.DefaultTestContext.getApplicationContext(DefaultTestContext.java:123) [spring-test-5.2.4.RELEASE.jar:5.2.4.RELEASE]
	at org.springframework.test.context.web.ServletTestExecutionListener.setUpRequestContextIfNecessary(ServletTestExecutionListener.java:190) [spring-test-5.2.4.RELEASE.jar:5.2.4.RELEASE]
	at org.springframework.test.context.web.ServletTestExecutionListener.prepareTestInstance(ServletTestExecutionListener.java:132) [spring-test-5.2.4.RELEASE.jar:5.2.4.RELEASE]
	at org.springframework.test.context.TestContextManager.prepareTestInstance(TestContextManager.java:244) [spring-test-5.2.4.RELEASE.jar:5.2.4.RELEASE]
	at org.springframework.test.context.junit.jupiter.SpringExtension.postProcessTestInstance(SpringExtension.java:98) [spring-test-5.2.4.RELEASE.jar:5.2.4.RELEASE]
	at org.junit.jupiter.engine.descriptor.ClassBasedTestDescriptor.lambda$invokeTestInstancePostProcessors$5(ClassBasedTestDescriptor.java:337) [junit-jupiter-engine-5.5.2.jar:5.5.2]
	at org.junit.jupiter.engine.descriptor.ClassBasedTestDescriptor.executeAndMaskThrowable(ClassBasedTestDescriptor.java:342) [junit-jupiter-engine-5.5.2.jar:5.5.2]
	at org.junit.jupiter.engine.descriptor.ClassBasedTestDescriptor.lambda$invokeTestInstancePostProcessors$6(ClassBasedTestDescriptor.java:337) [junit-jupiter-engine-5.5.2.jar:5.5.2]
	at java.util.stream.ReferencePipeline$3$1.accept(ReferencePipeline.java:193) ~[na:1.8.0_241]
	at java.util.stream.ReferencePipeline$2$1.accept(ReferencePipeline.java:175) ~[na:1.8.0_241]
	at java.util.ArrayList$ArrayListSpliterator.forEachRemaining(ArrayList.java:1382) ~[na:1.8.0_241]
	at java.util.stream.AbstractPipeline.copyInto(AbstractPipeline.java:482) ~[na:1.8.0_241]
	at java.util.stream.AbstractPipeline.wrapAndCopyInto(AbstractPipeline.java:472) ~[na:1.8.0_241]
	at java.util.stream.StreamSpliterators$WrappingSpliterator.forEachRemaining(StreamSpliterators.java:312) ~[na:1.8.0_241]
	at java.util.stream.Streams$ConcatSpliterator.forEachRemaining(Streams.java:743) ~[na:1.8.0_241]
	at java.util.stream.Streams$ConcatSpliterator.forEachRemaining(Streams.java:742) ~[na:1.8.0_241]
	at java.util.stream.ReferencePipeline$Head.forEach(ReferencePipeline.java:580) ~[na:1.8.0_241]
	at org.junit.jupiter.engine.descriptor.ClassBasedTestDescriptor.invokeTestInstancePostProcessors(ClassBasedTestDescriptor.java:336) [junit-jupiter-engine-5.5.2.jar:5.5.2]
	at org.junit.jupiter.engine.descriptor.ClassBasedTestDescriptor.instantiateAndPostProcessTestInstance(ClassBasedTestDescriptor.java:259) [junit-jupiter-engine-5.5.2.jar:5.5.2]
	at org.junit.jupiter.engine.descriptor.ClassBasedTestDescriptor.lambda$testInstancesProvider$2(ClassBasedTestDescriptor.java:252) [junit-jupiter-engine-5.5.2.jar:5.5.2]
	at java.util.Optional.orElseGet(Optional.java:267) ~[na:1.8.0_241]
	at org.junit.jupiter.engine.descriptor.ClassBasedTestDescriptor.lambda$testInstancesProvider$3(ClassBasedTestDescriptor.java:251) [junit-jupiter-engine-5.5.2.jar:5.5.2]
	at org.junit.jupiter.engine.execution.TestInstancesProvider.getTestInstances(TestInstancesProvider.java:29) ~[junit-jupiter-engine-5.5.2.jar:5.5.2]
	at org.junit.jupiter.engine.descriptor.TestMethodTestDescriptor.lambda$prepare$0(TestMethodTestDescriptor.java:106) ~[junit-jupiter-engine-5.5.2.jar:5.5.2]
	at org.junit.platform.engine.support.hierarchical.ThrowableCollector.execute(ThrowableCollector.java:73) ~[junit-platform-engine-1.5.2.jar:1.5.2]
	at org.junit.jupiter.engine.descriptor.TestMethodTestDescriptor.prepare(TestMethodTestDescriptor.java:105) ~[junit-jupiter-engine-5.5.2.jar:5.5.2]
	at org.junit.jupiter.engine.descriptor.TestMethodTestDescriptor.prepare(TestMethodTestDescriptor.java:69) ~[junit-jupiter-engine-5.5.2.jar:5.5.2]
	at org.junit.platform.engine.support.hierarchical.NodeTestTask.lambda$prepare$1(NodeTestTask.java:107) ~[junit-platform-engine-1.5.2.jar:1.5.2]
	at org.junit.platform.engine.support.hierarchical.ThrowableCollector.execute(ThrowableCollector.java:73) ~[junit-platform-engine-1.5.2.jar:1.5.2]
	at org.junit.platform.engine.support.hierarchical.NodeTestTask.prepare(NodeTestTask.java:107) ~[junit-platform-engine-1.5.2.jar:1.5.2]
	at org.junit.platform.engine.support.hierarchical.NodeTestTask.execute(NodeTestTask.java:75) ~[junit-platform-engine-1.5.2.jar:1.5.2]
	at java.util.ArrayList.forEach(ArrayList.java:1257) ~[na:1.8.0_241]
	at org.junit.platform.engine.support.hierarchical.SameThreadHierarchicalTestExecutorService.invokeAll(SameThreadHierarchicalTestExecutorService.java:38) ~[junit-platform-engine-1.5.2.jar:1.5.2]
	at org.junit.platform.engine.support.hierarchical.NodeTestTask.lambda$executeRecursively$5(NodeTestTask.java:139) ~[junit-platform-engine-1.5.2.jar:1.5.2]
	at org.junit.platform.engine.support.hierarchical.ThrowableCollector.execute(ThrowableCollector.java:73) ~[junit-platform-engine-1.5.2.jar:1.5.2]
	at org.junit.platform.engine.support.hierarchical.NodeTestTask.lambda$executeRecursively$7(NodeTestTask.java:125) ~[junit-platform-engine-1.5.2.jar:1.5.2]
	at org.junit.platform.engine.support.hierarchical.Node.around(Node.java:135) ~[junit-platform-engine-1.5.2.jar:1.5.2]
	at org.junit.platform.engine.support.hierarchical.NodeTestTask.lambda$executeRecursively$8(NodeTestTask.java:123) ~[junit-platform-engine-1.5.2.jar:1.5.2]
	at org.junit.platform.engine.support.hierarchical.ThrowableCollector.execute(ThrowableCollector.java:73) ~[junit-platform-engine-1.5.2.jar:1.5.2]
	at org.junit.platform.engine.support.hierarchical.NodeTestTask.executeRecursively(NodeTestTask.java:122) ~[junit-platform-engine-1.5.2.jar:1.5.2]
	at org.junit.platform.engine.support.hierarchical.NodeTestTask.execute(NodeTestTask.java:80) ~[junit-platform-engine-1.5.2.jar:1.5.2]
	at java.util.ArrayList.forEach(ArrayList.java:1257) ~[na:1.8.0_241]
	at org.junit.platform.engine.support.hierarchical.SameThreadHierarchicalTestExecutorService.invokeAll(SameThreadHierarchicalTestExecutorService.java:38) ~[junit-platform-engine-1.5.2.jar:1.5.2]
	at org.junit.platform.engine.support.hierarchical.NodeTestTask.lambda$executeRecursively$5(NodeTestTask.java:139) ~[junit-platform-engine-1.5.2.jar:1.5.2]
	at org.junit.platform.engine.support.hierarchical.ThrowableCollector.execute(ThrowableCollector.java:73) ~[junit-platform-engine-1.5.2.jar:1.5.2]
	at org.junit.platform.engine.support.hierarchical.NodeTestTask.lambda$executeRecursively$7(NodeTestTask.java:125) ~[junit-platform-engine-1.5.2.jar:1.5.2]
	at org.junit.platform.engine.support.hierarchical.Node.around(Node.java:135) ~[junit-platform-engine-1.5.2.jar:1.5.2]
	at org.junit.platform.engine.support.hierarchical.NodeTestTask.lambda$executeRecursively$8(NodeTestTask.java:123) ~[junit-platform-engine-1.5.2.jar:1.5.2]
	at org.junit.platform.engine.support.hierarchical.ThrowableCollector.execute(ThrowableCollector.java:73) ~[junit-platform-engine-1.5.2.jar:1.5.2]
	at org.junit.platform.engine.support.hierarchical.NodeTestTask.executeRecursively(NodeTestTask.java:122) ~[junit-platform-engine-1.5.2.jar:1.5.2]
	at org.junit.platform.engine.support.hierarchical.NodeTestTask.execute(NodeTestTask.java:80) ~[junit-platform-engine-1.5.2.jar:1.5.2]
	at org.junit.platform.engine.support.hierarchical.SameThreadHierarchicalTestExecutorService.submit(SameThreadHierarchicalTestExecutorService.java:32) ~[junit-platform-engine-1.5.2.jar:1.5.2]
	at org.junit.platform.engine.support.hierarchical.HierarchicalTestExecutor.execute(HierarchicalTestExecutor.java:57) ~[junit-platform-engine-1.5.2.jar:1.5.2]
	at org.junit.platform.engine.support.hierarchical.HierarchicalTestEngine.execute(HierarchicalTestEngine.java:51) ~[junit-platform-engine-1.5.2.jar:1.5.2]
	at org.junit.platform.launcher.core.DefaultLauncher.execute(DefaultLauncher.java:220) ~[junit-platform-launcher-1.3.1.jar:1.3.1]
	at org.junit.platform.launcher.core.DefaultLauncher.lambda$execute$6(DefaultLauncher.java:188) ~[junit-platform-launcher-1.3.1.jar:1.3.1]
	at org.junit.platform.launcher.core.DefaultLauncher.withInterceptedStreams(DefaultLauncher.java:202) ~[junit-platform-launcher-1.3.1.jar:1.3.1]
	at org.junit.platform.launcher.core.DefaultLauncher.execute(DefaultLauncher.java:181) ~[junit-platform-launcher-1.3.1.jar:1.3.1]
	at org.junit.platform.launcher.core.DefaultLauncher.execute(DefaultLauncher.java:128) ~[junit-platform-launcher-1.3.1.jar:1.3.1]
	at org.apache.maven.surefire.junitplatform.JUnitPlatformProvider.invokeAllTests(JUnitPlatformProvider.java:150) ~[surefire-junit-platform-2.22.2.jar:2.22.2]
	at org.apache.maven.surefire.junitplatform.JUnitPlatformProvider.invoke(JUnitPlatformProvider.java:124) ~[surefire-junit-platform-2.22.2.jar:2.22.2]
	at org.apache.maven.surefire.booter.ForkedBooter.invokeProviderInSameClassLoader(ForkedBooter.java:384) ~[surefire-booter-2.22.2.jar:2.22.2]
	at org.apache.maven.surefire.booter.ForkedBooter.runSuitesInProcess(ForkedBooter.java:345) ~[surefire-booter-2.22.2.jar:2.22.2]
	at org.apache.maven.surefire.booter.ForkedBooter.execute(ForkedBooter.java:126) ~[surefire-booter-2.22.2.jar:2.22.2]
	at org.apache.maven.surefire.booter.ForkedBooter.main(ForkedBooter.java:418) ~[surefire-booter-2.22.2.jar:2.22.2]
Caused by: java.lang.IllegalStateException: Topic(s) [NewsInfo, OnlineExam] is/are not present and missingTopicsFatal is true
	at org.springframework.kafka.listener.AbstractMessageListenerContainer.checkTopics(AbstractMessageListenerContainer.java:383) ~[spring-kafka-2.3.6.RELEASE.jar:2.3.6.RELEASE]
	at org.springframework.kafka.listener.ConcurrentMessageListenerContainer.doStart(ConcurrentMessageListenerContainer.java:136) ~[spring-kafka-2.3.6.RELEASE.jar:2.3.6.RELEASE]
	at org.springframework.kafka.listener.AbstractMessageListenerContainer.start(AbstractMessageListenerContainer.java:340) ~[spring-kafka-2.3.6.RELEASE.jar:2.3.6.RELEASE]
	at org.springframework.kafka.config.KafkaListenerEndpointRegistry.startIfNecessary(KafkaListenerEndpointRegistry.java:312) ~[spring-kafka-2.3.6.RELEASE.jar:2.3.6.RELEASE]
	at org.springframework.kafka.config.KafkaListenerEndpointRegistry.start(KafkaListenerEndpointRegistry.java:257) ~[spring-kafka-2.3.6.RELEASE.jar:2.3.6.RELEASE]
	at org.springframework.context.support.DefaultLifecycleProcessor.doStart(DefaultLifecycleProcessor.java:182) ~[spring-context-5.2.4.RELEASE.jar:5.2.4.RELEASE]
	... 77 common frames omitted

2020-04-17 13:51:18.479 ERROR 6624 --- [           main] o.s.test.context.TestContextManager      : Caught exception while allowing TestExecutionListener [org.springframework.test.context.web.ServletTestExecutionListener@7212b28e] to prepare test instance [com.example.service.UserServiceTest@75a0e0c2]

java.lang.IllegalStateException: Failed to load ApplicationContext
	at org.springframework.test.context.cache.DefaultCacheAwareContextLoaderDelegate.loadContext(DefaultCacheAwareContextLoaderDelegate.java:132) ~[spring-test-5.2.4.RELEASE.jar:5.2.4.RELEASE]
	at org.springframework.test.context.support.DefaultTestContext.getApplicationContext(DefaultTestContext.java:123) ~[spring-test-5.2.4.RELEASE.jar:5.2.4.RELEASE]
	at org.springframework.test.context.web.ServletTestExecutionListener.setUpRequestContextIfNecessary(ServletTestExecutionListener.java:190) ~[spring-test-5.2.4.RELEASE.jar:5.2.4.RELEASE]
	at org.springframework.test.context.web.ServletTestExecutionListener.prepareTestInstance(ServletTestExecutionListener.java:132) ~[spring-test-5.2.4.RELEASE.jar:5.2.4.RELEASE]
	at org.springframework.test.context.TestContextManager.prepareTestInstance(TestContextManager.java:244) ~[spring-test-5.2.4.RELEASE.jar:5.2.4.RELEASE]
	at org.springframework.test.context.junit.jupiter.SpringExtension.postProcessTestInstance(SpringExtension.java:98) [spring-test-5.2.4.RELEASE.jar:5.2.4.RELEASE]
	at org.junit.jupiter.engine.descriptor.ClassBasedTestDescriptor.lambda$invokeTestInstancePostProcessors$5(ClassBasedTestDescriptor.java:337) [junit-jupiter-engine-5.5.2.jar:5.5.2]
	at org.junit.jupiter.engine.descriptor.ClassBasedTestDescriptor.executeAndMaskThrowable(ClassBasedTestDescriptor.java:342) [junit-jupiter-engine-5.5.2.jar:5.5.2]
	at org.junit.jupiter.engine.descriptor.ClassBasedTestDescriptor.lambda$invokeTestInstancePostProcessors$6(ClassBasedTestDescriptor.java:337) [junit-jupiter-engine-5.5.2.jar:5.5.2]
	at java.util.stream.ReferencePipeline$3$1.accept(ReferencePipeline.java:193) ~[na:1.8.0_241]
	at java.util.stream.ReferencePipeline$2$1.accept(ReferencePipeline.java:175) ~[na:1.8.0_241]
	at java.util.ArrayList$ArrayListSpliterator.forEachRemaining(ArrayList.java:1382) ~[na:1.8.0_241]
	at java.util.stream.AbstractPipeline.copyInto(AbstractPipeline.java:482) ~[na:1.8.0_241]
	at java.util.stream.AbstractPipeline.wrapAndCopyInto(AbstractPipeline.java:472) ~[na:1.8.0_241]
	at java.util.stream.StreamSpliterators$WrappingSpliterator.forEachRemaining(StreamSpliterators.java:312) ~[na:1.8.0_241]
	at java.util.stream.Streams$ConcatSpliterator.forEachRemaining(Streams.java:743) ~[na:1.8.0_241]
	at java.util.stream.Streams$ConcatSpliterator.forEachRemaining(Streams.java:742) ~[na:1.8.0_241]
	at java.util.stream.ReferencePipeline$Head.forEach(ReferencePipeline.java:580) ~[na:1.8.0_241]
	at org.junit.jupiter.engine.descriptor.ClassBasedTestDescriptor.invokeTestInstancePostProcessors(ClassBasedTestDescriptor.java:336) [junit-jupiter-engine-5.5.2.jar:5.5.2]
	at org.junit.jupiter.engine.descriptor.ClassBasedTestDescriptor.instantiateAndPostProcessTestInstance(ClassBasedTestDescriptor.java:259) [junit-jupiter-engine-5.5.2.jar:5.5.2]
	at org.junit.jupiter.engine.descriptor.ClassBasedTestDescriptor.lambda$testInstancesProvider$2(ClassBasedTestDescriptor.java:252) [junit-jupiter-engine-5.5.2.jar:5.5.2]
	at java.util.Optional.orElseGet(Optional.java:267) ~[na:1.8.0_241]
	at org.junit.jupiter.engine.descriptor.ClassBasedTestDescriptor.lambda$testInstancesProvider$3(ClassBasedTestDescriptor.java:251) [junit-jupiter-engine-5.5.2.jar:5.5.2]
	at org.junit.jupiter.engine.execution.TestInstancesProvider.getTestInstances(TestInstancesProvider.java:29) ~[junit-jupiter-engine-5.5.2.jar:5.5.2]
	at org.junit.jupiter.engine.descriptor.TestMethodTestDescriptor.lambda$prepare$0(TestMethodTestDescriptor.java:106) ~[junit-jupiter-engine-5.5.2.jar:5.5.2]
	at org.junit.platform.engine.support.hierarchical.ThrowableCollector.execute(ThrowableCollector.java:73) ~[junit-platform-engine-1.5.2.jar:1.5.2]
	at org.junit.jupiter.engine.descriptor.TestMethodTestDescriptor.prepare(TestMethodTestDescriptor.java:105) ~[junit-jupiter-engine-5.5.2.jar:5.5.2]
	at org.junit.jupiter.engine.descriptor.TestMethodTestDescriptor.prepare(TestMethodTestDescriptor.java:69) ~[junit-jupiter-engine-5.5.2.jar:5.5.2]
	at org.junit.platform.engine.support.hierarchical.NodeTestTask.lambda$prepare$1(NodeTestTask.java:107) ~[junit-platform-engine-1.5.2.jar:1.5.2]
	at org.junit.platform.engine.support.hierarchical.ThrowableCollector.execute(ThrowableCollector.java:73) ~[junit-platform-engine-1.5.2.jar:1.5.2]
	at org.junit.platform.engine.support.hierarchical.NodeTestTask.prepare(NodeTestTask.java:107) ~[junit-platform-engine-1.5.2.jar:1.5.2]
	at org.junit.platform.engine.support.hierarchical.NodeTestTask.execute(NodeTestTask.java:75) ~[junit-platform-engine-1.5.2.jar:1.5.2]
	at java.util.ArrayList.forEach(ArrayList.java:1257) ~[na:1.8.0_241]
	at org.junit.platform.engine.support.hierarchical.SameThreadHierarchicalTestExecutorService.invokeAll(SameThreadHierarchicalTestExecutorService.java:38) ~[junit-platform-engine-1.5.2.jar:1.5.2]
	at org.junit.platform.engine.support.hierarchical.NodeTestTask.lambda$executeRecursively$5(NodeTestTask.java:139) ~[junit-platform-engine-1.5.2.jar:1.5.2]
	at org.junit.platform.engine.support.hierarchical.ThrowableCollector.execute(ThrowableCollector.java:73) ~[junit-platform-engine-1.5.2.jar:1.5.2]
	at org.junit.platform.engine.support.hierarchical.NodeTestTask.lambda$executeRecursively$7(NodeTestTask.java:125) ~[junit-platform-engine-1.5.2.jar:1.5.2]
	at org.junit.platform.engine.support.hierarchical.Node.around(Node.java:135) ~[junit-platform-engine-1.5.2.jar:1.5.2]
	at org.junit.platform.engine.support.hierarchical.NodeTestTask.lambda$executeRecursively$8(NodeTestTask.java:123) ~[junit-platform-engine-1.5.2.jar:1.5.2]
	at org.junit.platform.engine.support.hierarchical.ThrowableCollector.execute(ThrowableCollector.java:73) ~[junit-platform-engine-1.5.2.jar:1.5.2]
	at org.junit.platform.engine.support.hierarchical.NodeTestTask.executeRecursively(NodeTestTask.java:122) ~[junit-platform-engine-1.5.2.jar:1.5.2]
	at org.junit.platform.engine.support.hierarchical.NodeTestTask.execute(NodeTestTask.java:80) ~[junit-platform-engine-1.5.2.jar:1.5.2]
	at java.util.ArrayList.forEach(ArrayList.java:1257) ~[na:1.8.0_241]
	at org.junit.platform.engine.support.hierarchical.SameThreadHierarchicalTestExecutorService.invokeAll(SameThreadHierarchicalTestExecutorService.java:38) ~[junit-platform-engine-1.5.2.jar:1.5.2]
	at org.junit.platform.engine.support.hierarchical.NodeTestTask.lambda$executeRecursively$5(NodeTestTask.java:139) ~[junit-platform-engine-1.5.2.jar:1.5.2]
	at org.junit.platform.engine.support.hierarchical.ThrowableCollector.execute(ThrowableCollector.java:73) ~[junit-platform-engine-1.5.2.jar:1.5.2]
	at org.junit.platform.engine.support.hierarchical.NodeTestTask.lambda$executeRecursively$7(NodeTestTask.java:125) ~[junit-platform-engine-1.5.2.jar:1.5.2]
	at org.junit.platform.engine.support.hierarchical.Node.around(Node.java:135) ~[junit-platform-engine-1.5.2.jar:1.5.2]
	at org.junit.platform.engine.support.hierarchical.NodeTestTask.lambda$executeRecursively$8(NodeTestTask.java:123) ~[junit-platform-engine-1.5.2.jar:1.5.2]
	at org.junit.platform.engine.support.hierarchical.ThrowableCollector.execute(ThrowableCollector.java:73) ~[junit-platform-engine-1.5.2.jar:1.5.2]
	at org.junit.platform.engine.support.hierarchical.NodeTestTask.executeRecursively(NodeTestTask.java:122) ~[junit-platform-engine-1.5.2.jar:1.5.2]
	at org.junit.platform.engine.support.hierarchical.NodeTestTask.execute(NodeTestTask.java:80) ~[junit-platform-engine-1.5.2.jar:1.5.2]
	at org.junit.platform.engine.support.hierarchical.SameThreadHierarchicalTestExecutorService.submit(SameThreadHierarchicalTestExecutorService.java:32) ~[junit-platform-engine-1.5.2.jar:1.5.2]
	at org.junit.platform.engine.support.hierarchical.HierarchicalTestExecutor.execute(HierarchicalTestExecutor.java:57) ~[junit-platform-engine-1.5.2.jar:1.5.2]
	at org.junit.platform.engine.support.hierarchical.HierarchicalTestEngine.execute(HierarchicalTestEngine.java:51) ~[junit-platform-engine-1.5.2.jar:1.5.2]
	at org.junit.platform.launcher.core.DefaultLauncher.execute(DefaultLauncher.java:220) ~[junit-platform-launcher-1.3.1.jar:1.3.1]
	at org.junit.platform.launcher.core.DefaultLauncher.lambda$execute$6(DefaultLauncher.java:188) ~[junit-platform-launcher-1.3.1.jar:1.3.1]
	at org.junit.platform.launcher.core.DefaultLauncher.withInterceptedStreams(DefaultLauncher.java:202) ~[junit-platform-launcher-1.3.1.jar:1.3.1]
	at org.junit.platform.launcher.core.DefaultLauncher.execute(DefaultLauncher.java:181) ~[junit-platform-launcher-1.3.1.jar:1.3.1]
	at org.junit.platform.launcher.core.DefaultLauncher.execute(DefaultLauncher.java:128) ~[junit-platform-launcher-1.3.1.jar:1.3.1]
	at org.apache.maven.surefire.junitplatform.JUnitPlatformProvider.invokeAllTests(JUnitPlatformProvider.java:150) ~[surefire-junit-platform-2.22.2.jar:2.22.2]
	at org.apache.maven.surefire.junitplatform.JUnitPlatformProvider.invoke(JUnitPlatformProvider.java:124) ~[surefire-junit-platform-2.22.2.jar:2.22.2]
	at org.apache.maven.surefire.booter.ForkedBooter.invokeProviderInSameClassLoader(ForkedBooter.java:384) ~[surefire-booter-2.22.2.jar:2.22.2]
	at org.apache.maven.surefire.booter.ForkedBooter.runSuitesInProcess(ForkedBooter.java:345) ~[surefire-booter-2.22.2.jar:2.22.2]
	at org.apache.maven.surefire.booter.ForkedBooter.execute(ForkedBooter.java:126) ~[surefire-booter-2.22.2.jar:2.22.2]
	at org.apache.maven.surefire.booter.ForkedBooter.main(ForkedBooter.java:418) ~[surefire-booter-2.22.2.jar:2.22.2]
Caused by: org.springframework.context.ApplicationContextException: Failed to start bean 'org.springframework.kafka.config.internalKafkaListenerEndpointRegistry'; nested exception is java.lang.IllegalStateException: Topic(s) [NewsInfo, OnlineExam] is/are not present and missingTopicsFatal is true
	at org.springframework.context.support.DefaultLifecycleProcessor.doStart(DefaultLifecycleProcessor.java:185) ~[spring-context-5.2.4.RELEASE.jar:5.2.4.RELEASE]
	at org.springframework.context.support.DefaultLifecycleProcessor.access$200(DefaultLifecycleProcessor.java:53) ~[spring-context-5.2.4.RELEASE.jar:5.2.4.RELEASE]
	at org.springframework.context.support.DefaultLifecycleProcessor$LifecycleGroup.start(DefaultLifecycleProcessor.java:360) ~[spring-context-5.2.4.RELEASE.jar:5.2.4.RELEASE]
	at org.springframework.context.support.DefaultLifecycleProcessor.startBeans(DefaultLifecycleProcessor.java:158) ~[spring-context-5.2.4.RELEASE.jar:5.2.4.RELEASE]
	at org.springframework.context.support.DefaultLifecycleProcessor.onRefresh(DefaultLifecycleProcessor.java:122) ~[spring-context-5.2.4.RELEASE.jar:5.2.4.RELEASE]
	at org.springframework.context.support.AbstractApplicationContext.finishRefresh(AbstractApplicationContext.java:894) ~[spring-context-5.2.4.RELEASE.jar:5.2.4.RELEASE]
	at org.springframework.context.support.AbstractApplicationContext.refresh(AbstractApplicationContext.java:553) ~[spring-context-5.2.4.RELEASE.jar:5.2.4.RELEASE]
	at org.springframework.boot.SpringApplication.refresh(SpringApplication.java:747) ~[spring-boot-2.2.5.RELEASE.jar:2.2.5.RELEASE]
	at org.springframework.boot.SpringApplication.refreshContext(SpringApplication.java:397) ~[spring-boot-2.2.5.RELEASE.jar:2.2.5.RELEASE]
	at org.springframework.boot.SpringApplication.run(SpringApplication.java:315) ~[spring-boot-2.2.5.RELEASE.jar:2.2.5.RELEASE]
	at org.springframework.boot.test.context.SpringBootContextLoader.loadContext(SpringBootContextLoader.java:126) ~[spring-boot-test-2.2.5.RELEASE.jar:2.2.5.RELEASE]
	at org.springframework.test.context.cache.DefaultCacheAwareContextLoaderDelegate.loadContextInternal(DefaultCacheAwareContextLoaderDelegate.java:99) ~[spring-test-5.2.4.RELEASE.jar:5.2.4.RELEASE]
	at org.springframework.test.context.cache.DefaultCacheAwareContextLoaderDelegate.loadContext(DefaultCacheAwareContextLoaderDelegate.java:124) ~[spring-test-5.2.4.RELEASE.jar:5.2.4.RELEASE]
	... 65 common frames omitted
Caused by: java.lang.IllegalStateException: Topic(s) [NewsInfo, OnlineExam] is/are not present and missingTopicsFatal is true
	at org.springframework.kafka.listener.AbstractMessageListenerContainer.checkTopics(AbstractMessageListenerContainer.java:383) ~[spring-kafka-2.3.6.RELEASE.jar:2.3.6.RELEASE]
	at org.springframework.kafka.listener.ConcurrentMessageListenerContainer.doStart(ConcurrentMessageListenerContainer.java:136) ~[spring-kafka-2.3.6.RELEASE.jar:2.3.6.RELEASE]
	at org.springframework.kafka.listener.AbstractMessageListenerContainer.start(AbstractMessageListenerContainer.java:340) ~[spring-kafka-2.3.6.RELEASE.jar:2.3.6.RELEASE]
	at org.springframework.kafka.config.KafkaListenerEndpointRegistry.startIfNecessary(KafkaListenerEndpointRegistry.java:312) ~[spring-kafka-2.3.6.RELEASE.jar:2.3.6.RELEASE]
	at org.springframework.kafka.config.KafkaListenerEndpointRegistry.start(KafkaListenerEndpointRegistry.java:257) ~[spring-kafka-2.3.6.RELEASE.jar:2.3.6.RELEASE]
	at org.springframework.context.support.DefaultLifecycleProcessor.doStart(DefaultLifecycleProcessor.java:182) ~[spring-context-5.2.4.RELEASE.jar:5.2.4.RELEASE]
	... 77 common frames omitted

]]></system-out>
  </testcase>
  <testcase name="testFetchAllUsers" classname="com.example.service.UserServiceTest" time="0">
    <error message="Failed to load ApplicationContext" type="java.lang.IllegalStateException">java.lang.IllegalStateException: Failed to load ApplicationContext
Caused by: org.springframework.context.ApplicationContextException: Failed to start bean 'org.springframework.kafka.config.internalKafkaListenerEndpointRegistry'; nested exception is java.lang.IllegalStateException: Topic(s) [NewsInfo, OnlineExam] is/are not present and missingTopicsFatal is true
Caused by: java.lang.IllegalStateException: Topic(s) [NewsInfo, OnlineExam] is/are not present and missingTopicsFatal is true
</error>
    <system-out><![CDATA[
  .   ____          _            __ _ _
 /\\ / ___'_ __ _ _(_)_ __  __ _ \ \ \ \
( ( )\___ | '_ | '_| | '_ \/ _` | \ \ \ \
 \\/  ___)| |_)| | | | | || (_| |  ) ) ) )
  '  |____| .__|_| |_|_| |_\__, | / / / /
 =========|_|==============|___/=/_/_/_/
 :: Spring Boot ::        (v2.2.5.RELEASE)

2020-04-17 13:51:18.585  INFO 6624 --- [           main] com.example.service.UserServiceTest      : Starting UserServiceTest on SYS-PC with PID 6624 (started by SYS in C:\Users\SYS\git\UserSystem\Produce-Consume)
2020-04-17 13:51:18.585  INFO 6624 --- [           main] com.example.service.UserServiceTest      : No active profile set, falling back to default profiles: default
2020-04-17 13:51:19.302  INFO 6624 --- [           main] .s.d.r.c.RepositoryConfigurationDelegate : Bootstrapping Spring Data JPA repositories in DEFAULT mode.
2020-04-17 13:51:19.327  INFO 6624 --- [           main] .s.d.r.c.RepositoryConfigurationDelegate : Finished Spring Data repository scanning in 25ms. Found 1 JPA repository interfaces.
2020-04-17 13:51:19.676  INFO 6624 --- [           main] com.zaxxer.hikari.HikariDataSource       : HikariPool-4 - Starting...
2020-04-17 13:51:19.686  INFO 6624 --- [           main] com.zaxxer.hikari.HikariDataSource       : HikariPool-4 - Start completed.
2020-04-17 13:51:19.727  INFO 6624 --- [           main] o.hibernate.jpa.internal.util.LogHelper  : HHH000204: Processing PersistenceUnitInfo [name: default]
2020-04-17 13:51:19.743  INFO 6624 --- [           main] org.hibernate.dialect.Dialect            : HHH000400: Using dialect: org.hibernate.dialect.H2Dialect
2020-04-17 13:51:19.955  INFO 6624 --- [           main] o.h.e.t.j.p.i.JtaPlatformInitiator       : HHH000490: Using JtaPlatform implementation: [org.hibernate.engine.transaction.jta.platform.internal.NoJtaPlatform]
2020-04-17 13:51:19.956  INFO 6624 --- [           main] j.LocalContainerEntityManagerFactoryBean : Initialized JPA EntityManagerFactory for persistence unit 'default'
2020-04-17 13:51:20.476  WARN 6624 --- [           main] JpaBaseConfiguration$JpaWebConfiguration : spring.jpa.open-in-view is enabled by default. Therefore, database queries may be performed during view rendering. Explicitly configure spring.jpa.open-in-view to disable this warning
2020-04-17 13:51:20.817  INFO 6624 --- [           main] o.s.b.a.e.web.EndpointLinksResolver      : Exposing 14 endpoint(s) beneath base path '/actuator'
2020-04-17 13:51:21.009  INFO 6624 --- [           main] pertySourcedRequestMappingHandlerMapping : Mapped URL path [/v2/api-docs] onto method [springfox.documentation.swagger2.web.Swagger2Controller#getDocumentation(String, HttpServletRequest)]
2020-04-17 13:51:21.243  INFO 6624 --- [           main] o.s.s.concurrent.ThreadPoolTaskExecutor  : Initializing ExecutorService 'applicationTaskExecutor'
2020-04-17 13:51:21.564  INFO 6624 --- [           main] o.s.b.a.h2.H2ConsoleAutoConfiguration    : H2 console available at '/h2-console'. Database available at 'jdbc:h2:mem:testdb'
2020-04-17 13:51:21.709  INFO 6624 --- [           main] o.a.k.clients.admin.AdminClientConfig    : AdminClientConfig values: 
	bootstrap.servers = [localhost:9092]
	client.dns.lookup = default
	client.id = 
	connections.max.idle.ms = 300000
	metadata.max.age.ms = 300000
	metric.reporters = []
	metrics.num.samples = 2
	metrics.recording.level = INFO
	metrics.sample.window.ms = 30000
	receive.buffer.bytes = 65536
	reconnect.backoff.max.ms = 1000
	reconnect.backoff.ms = 50
	request.timeout.ms = 120000
	retries = 5
	retry.backoff.ms = 100
	sasl.client.callback.handler.class = null
	sasl.jaas.config = null
	sasl.kerberos.kinit.cmd = /usr/bin/kinit
	sasl.kerberos.min.time.before.relogin = 60000
	sasl.kerberos.service.name = null
	sasl.kerberos.ticket.renew.jitter = 0.05
	sasl.kerberos.ticket.renew.window.factor = 0.8
	sasl.login.callback.handler.class = null
	sasl.login.class = null
	sasl.login.refresh.buffer.seconds = 300
	sasl.login.refresh.min.period.seconds = 60
	sasl.login.refresh.window.factor = 0.8
	sasl.login.refresh.window.jitter = 0.05
	sasl.mechanism = GSSAPI
	security.protocol = PLAINTEXT
	send.buffer.bytes = 131072
	ssl.cipher.suites = null
	ssl.enabled.protocols = [TLSv1.2, TLSv1.1, TLSv1]
	ssl.endpoint.identification.algorithm = https
	ssl.key.password = null
	ssl.keymanager.algorithm = SunX509
	ssl.keystore.location = null
	ssl.keystore.password = null
	ssl.keystore.type = JKS
	ssl.protocol = TLS
	ssl.provider = null
	ssl.secure.random.implementation = null
	ssl.trustmanager.algorithm = PKIX
	ssl.truststore.location = null
	ssl.truststore.password = null
	ssl.truststore.type = JKS

2020-04-17 13:51:21.725  INFO 6624 --- [           main] o.a.kafka.common.utils.AppInfoParser     : Kafka version: 2.3.1
2020-04-17 13:51:21.725  INFO 6624 --- [           main] o.a.kafka.common.utils.AppInfoParser     : Kafka commitId: 18a913733fb71c01
2020-04-17 13:51:21.725  INFO 6624 --- [           main] o.a.kafka.common.utils.AppInfoParser     : Kafka startTimeMs: 1587111681725
2020-04-17 13:51:22.739  WARN 6624 --- [| adminclient-4] org.apache.kafka.clients.NetworkClient   : [AdminClient clientId=adminclient-4] Connection to node -1 (localhost/127.0.0.1:9092) could not be established. Broker may not be available.
2020-04-17 13:51:23.840  WARN 6624 --- [| adminclient-4] org.apache.kafka.clients.NetworkClient   : [AdminClient clientId=adminclient-4] Connection to node -1 (localhost/127.0.0.1:9092) could not be established. Broker may not be available.
2020-04-17 13:51:24.941  WARN 6624 --- [| adminclient-4] org.apache.kafka.clients.NetworkClient   : [AdminClient clientId=adminclient-4] Connection to node -1 (localhost/127.0.0.1:9092) could not be established. Broker may not be available.
2020-04-17 13:51:26.247  WARN 6624 --- [| adminclient-4] org.apache.kafka.clients.NetworkClient   : [AdminClient clientId=adminclient-4] Connection to node -1 (localhost/127.0.0.1:9092) could not be established. Broker may not be available.
2020-04-17 13:51:27.647  WARN 6624 --- [| adminclient-4] org.apache.kafka.clients.NetworkClient   : [AdminClient clientId=adminclient-4] Connection to node -1 (localhost/127.0.0.1:9092) could not be established. Broker may not be available.
2020-04-17 13:51:29.558  WARN 6624 --- [| adminclient-4] org.apache.kafka.clients.NetworkClient   : [AdminClient clientId=adminclient-4] Connection to node -1 (localhost/127.0.0.1:9092) could not be established. Broker may not be available.
2020-04-17 13:51:31.659  WARN 6624 --- [| adminclient-4] org.apache.kafka.clients.NetworkClient   : [AdminClient clientId=adminclient-4] Connection to node -1 (localhost/127.0.0.1:9092) could not be established. Broker may not be available.
2020-04-17 13:51:33.861  WARN 6624 --- [| adminclient-4] org.apache.kafka.clients.NetworkClient   : [AdminClient clientId=adminclient-4] Connection to node -1 (localhost/127.0.0.1:9092) could not be established. Broker may not be available.
2020-04-17 13:51:35.862  WARN 6624 --- [| adminclient-4] org.apache.kafka.clients.NetworkClient   : [AdminClient clientId=adminclient-4] Connection to node -1 (localhost/127.0.0.1:9092) could not be established. Broker may not be available.
2020-04-17 13:51:37.765  WARN 6624 --- [| adminclient-4] org.apache.kafka.clients.NetworkClient   : [AdminClient clientId=adminclient-4] Connection to node -1 (localhost/127.0.0.1:9092) could not be established. Broker may not be available.
2020-04-17 13:51:39.667  WARN 6624 --- [| adminclient-4] org.apache.kafka.clients.NetworkClient   : [AdminClient clientId=adminclient-4] Connection to node -1 (localhost/127.0.0.1:9092) could not be established. Broker may not be available.
2020-04-17 13:51:41.778  WARN 6624 --- [| adminclient-4] org.apache.kafka.clients.NetworkClient   : [AdminClient clientId=adminclient-4] Connection to node -1 (localhost/127.0.0.1:9092) could not be established. Broker may not be available.
2020-04-17 13:51:43.688  WARN 6624 --- [| adminclient-4] org.apache.kafka.clients.NetworkClient   : [AdminClient clientId=adminclient-4] Connection to node -1 (localhost/127.0.0.1:9092) could not be established. Broker may not be available.
2020-04-17 13:51:45.689  WARN 6624 --- [| adminclient-4] org.apache.kafka.clients.NetworkClient   : [AdminClient clientId=adminclient-4] Connection to node -1 (localhost/127.0.0.1:9092) could not be established. Broker may not be available.
2020-04-17 13:51:47.890  WARN 6624 --- [| adminclient-4] org.apache.kafka.clients.NetworkClient   : [AdminClient clientId=adminclient-4] Connection to node -1 (localhost/127.0.0.1:9092) could not be established. Broker may not be available.
2020-04-17 13:51:49.893  WARN 6624 --- [| adminclient-4] org.apache.kafka.clients.NetworkClient   : [AdminClient clientId=adminclient-4] Connection to node -1 (localhost/127.0.0.1:9092) could not be established. Broker may not be available.
2020-04-17 13:51:51.894  WARN 6624 --- [| adminclient-4] org.apache.kafka.clients.NetworkClient   : [AdminClient clientId=adminclient-4] Connection to node -1 (localhost/127.0.0.1:9092) could not be established. Broker may not be available.
2020-04-17 13:51:54.096  WARN 6624 --- [| adminclient-4] org.apache.kafka.clients.NetworkClient   : [AdminClient clientId=adminclient-4] Connection to node -1 (localhost/127.0.0.1:9092) could not be established. Broker may not be available.
2020-04-17 13:51:55.996  WARN 6624 --- [| adminclient-4] org.apache.kafka.clients.NetworkClient   : [AdminClient clientId=adminclient-4] Connection to node -1 (localhost/127.0.0.1:9092) could not be established. Broker may not be available.
2020-04-17 13:51:58.098  WARN 6624 --- [| adminclient-4] org.apache.kafka.clients.NetworkClient   : [AdminClient clientId=adminclient-4] Connection to node -1 (localhost/127.0.0.1:9092) could not be established. Broker may not be available.
2020-04-17 13:52:00.199  WARN 6624 --- [| adminclient-4] org.apache.kafka.clients.NetworkClient   : [AdminClient clientId=adminclient-4] Connection to node -1 (localhost/127.0.0.1:9092) could not be established. Broker may not be available.
2020-04-17 13:52:02.201  WARN 6624 --- [| adminclient-4] org.apache.kafka.clients.NetworkClient   : [AdminClient clientId=adminclient-4] Connection to node -1 (localhost/127.0.0.1:9092) could not be established. Broker may not be available.
2020-04-17 13:52:04.411  WARN 6624 --- [| adminclient-4] org.apache.kafka.clients.NetworkClient   : [AdminClient clientId=adminclient-4] Connection to node -1 (localhost/127.0.0.1:9092) could not be established. Broker may not be available.
2020-04-17 13:52:06.612  WARN 6624 --- [| adminclient-4] org.apache.kafka.clients.NetworkClient   : [AdminClient clientId=adminclient-4] Connection to node -1 (localhost/127.0.0.1:9092) could not be established. Broker may not be available.
2020-04-17 13:52:08.612  WARN 6624 --- [| adminclient-4] org.apache.kafka.clients.NetworkClient   : [AdminClient clientId=adminclient-4] Connection to node -1 (localhost/127.0.0.1:9092) could not be established. Broker may not be available.
2020-04-17 13:52:10.512  WARN 6624 --- [| adminclient-4] org.apache.kafka.clients.NetworkClient   : [AdminClient clientId=adminclient-4] Connection to node -1 (localhost/127.0.0.1:9092) could not be established. Broker may not be available.
2020-04-17 13:52:12.412  WARN 6624 --- [| adminclient-4] org.apache.kafka.clients.NetworkClient   : [AdminClient clientId=adminclient-4] Connection to node -1 (localhost/127.0.0.1:9092) could not be established. Broker may not be available.
2020-04-17 13:52:14.618  WARN 6624 --- [| adminclient-4] org.apache.kafka.clients.NetworkClient   : [AdminClient clientId=adminclient-4] Connection to node -1 (localhost/127.0.0.1:9092) could not be established. Broker may not be available.
2020-04-17 13:52:16.619  WARN 6624 --- [| adminclient-4] org.apache.kafka.clients.NetworkClient   : [AdminClient clientId=adminclient-4] Connection to node -1 (localhost/127.0.0.1:9092) could not be established. Broker may not be available.
2020-04-17 13:52:18.829  WARN 6624 --- [| adminclient-4] org.apache.kafka.clients.NetworkClient   : [AdminClient clientId=adminclient-4] Connection to node -1 (localhost/127.0.0.1:9092) could not be established. Broker may not be available.
2020-04-17 13:52:20.729  WARN 6624 --- [| adminclient-4] org.apache.kafka.clients.NetworkClient   : [AdminClient clientId=adminclient-4] Connection to node -1 (localhost/127.0.0.1:9092) could not be established. Broker may not be available.
2020-04-17 13:52:22.729  WARN 6624 --- [| adminclient-4] org.apache.kafka.clients.NetworkClient   : [AdminClient clientId=adminclient-4] Connection to node -1 (localhost/127.0.0.1:9092) could not be established. Broker may not be available.
2020-04-17 13:52:24.930  WARN 6624 --- [| adminclient-4] org.apache.kafka.clients.NetworkClient   : [AdminClient clientId=adminclient-4] Connection to node -1 (localhost/127.0.0.1:9092) could not be established. Broker may not be available.
2020-04-17 13:52:27.130  WARN 6624 --- [| adminclient-4] org.apache.kafka.clients.NetworkClient   : [AdminClient clientId=adminclient-4] Connection to node -1 (localhost/127.0.0.1:9092) could not be established. Broker may not be available.
2020-04-17 13:52:29.031  WARN 6624 --- [| adminclient-4] org.apache.kafka.clients.NetworkClient   : [AdminClient clientId=adminclient-4] Connection to node -1 (localhost/127.0.0.1:9092) could not be established. Broker may not be available.
2020-04-17 13:52:30.932  WARN 6624 --- [| adminclient-4] org.apache.kafka.clients.NetworkClient   : [AdminClient clientId=adminclient-4] Connection to node -1 (localhost/127.0.0.1:9092) could not be established. Broker may not be available.
2020-04-17 13:52:32.833  WARN 6624 --- [| adminclient-4] org.apache.kafka.clients.NetworkClient   : [AdminClient clientId=adminclient-4] Connection to node -1 (localhost/127.0.0.1:9092) could not be established. Broker may not be available.
2020-04-17 13:52:35.035  WARN 6624 --- [| adminclient-4] org.apache.kafka.clients.NetworkClient   : [AdminClient clientId=adminclient-4] Connection to node -1 (localhost/127.0.0.1:9092) could not be established. Broker may not be available.
2020-04-17 13:52:37.036  WARN 6624 --- [| adminclient-4] org.apache.kafka.clients.NetworkClient   : [AdminClient clientId=adminclient-4] Connection to node -1 (localhost/127.0.0.1:9092) could not be established. Broker may not be available.
2020-04-17 13:52:39.137  WARN 6624 --- [| adminclient-4] org.apache.kafka.clients.NetworkClient   : [AdminClient clientId=adminclient-4] Connection to node -1 (localhost/127.0.0.1:9092) could not be established. Broker may not be available.
2020-04-17 13:52:41.048  WARN 6624 --- [| adminclient-4] org.apache.kafka.clients.NetworkClient   : [AdminClient clientId=adminclient-4] Connection to node -1 (localhost/127.0.0.1:9092) could not be established. Broker may not be available.
2020-04-17 13:52:43.049  WARN 6624 --- [| adminclient-4] org.apache.kafka.clients.NetworkClient   : [AdminClient clientId=adminclient-4] Connection to node -1 (localhost/127.0.0.1:9092) could not be established. Broker may not be available.
2020-04-17 13:52:45.149  WARN 6624 --- [| adminclient-4] org.apache.kafka.clients.NetworkClient   : [AdminClient clientId=adminclient-4] Connection to node -1 (localhost/127.0.0.1:9092) could not be established. Broker may not be available.
2020-04-17 13:52:47.149  WARN 6624 --- [| adminclient-4] org.apache.kafka.clients.NetworkClient   : [AdminClient clientId=adminclient-4] Connection to node -1 (localhost/127.0.0.1:9092) could not be established. Broker may not be available.
2020-04-17 13:52:49.049  WARN 6624 --- [| adminclient-4] org.apache.kafka.clients.NetworkClient   : [AdminClient clientId=adminclient-4] Connection to node -1 (localhost/127.0.0.1:9092) could not be established. Broker may not be available.
2020-04-17 13:52:51.051  WARN 6624 --- [| adminclient-4] org.apache.kafka.clients.NetworkClient   : [AdminClient clientId=adminclient-4] Connection to node -1 (localhost/127.0.0.1:9092) could not be established. Broker may not be available.
2020-04-17 13:52:52.953  WARN 6624 --- [| adminclient-4] org.apache.kafka.clients.NetworkClient   : [AdminClient clientId=adminclient-4] Connection to node -1 (localhost/127.0.0.1:9092) could not be established. Broker may not be available.
2020-04-17 13:52:55.061  WARN 6624 --- [| adminclient-4] org.apache.kafka.clients.NetworkClient   : [AdminClient clientId=adminclient-4] Connection to node -1 (localhost/127.0.0.1:9092) could not be established. Broker may not be available.
2020-04-17 13:52:57.161  WARN 6624 --- [| adminclient-4] org.apache.kafka.clients.NetworkClient   : [AdminClient clientId=adminclient-4] Connection to node -1 (localhost/127.0.0.1:9092) could not be established. Broker may not be available.
2020-04-17 13:52:59.261  WARN 6624 --- [| adminclient-4] org.apache.kafka.clients.NetworkClient   : [AdminClient clientId=adminclient-4] Connection to node -1 (localhost/127.0.0.1:9092) could not be established. Broker may not be available.
2020-04-17 13:53:01.461  WARN 6624 --- [| adminclient-4] org.apache.kafka.clients.NetworkClient   : [AdminClient clientId=adminclient-4] Connection to node -1 (localhost/127.0.0.1:9092) could not be established. Broker may not be available.
2020-04-17 13:53:03.461  WARN 6624 --- [| adminclient-4] org.apache.kafka.clients.NetworkClient   : [AdminClient clientId=adminclient-4] Connection to node -1 (localhost/127.0.0.1:9092) could not be established. Broker may not be available.
2020-04-17 13:53:05.561  WARN 6624 --- [| adminclient-4] org.apache.kafka.clients.NetworkClient   : [AdminClient clientId=adminclient-4] Connection to node -1 (localhost/127.0.0.1:9092) could not be established. Broker may not be available.
2020-04-17 13:53:07.662  WARN 6624 --- [| adminclient-4] org.apache.kafka.clients.NetworkClient   : [AdminClient clientId=adminclient-4] Connection to node -1 (localhost/127.0.0.1:9092) could not be established. Broker may not be available.
2020-04-17 13:53:09.563  WARN 6624 --- [| adminclient-4] org.apache.kafka.clients.NetworkClient   : [AdminClient clientId=adminclient-4] Connection to node -1 (localhost/127.0.0.1:9092) could not be established. Broker may not be available.
2020-04-17 13:53:11.463  WARN 6624 --- [| adminclient-4] org.apache.kafka.clients.NetworkClient   : [AdminClient clientId=adminclient-4] Connection to node -1 (localhost/127.0.0.1:9092) could not be established. Broker may not be available.
2020-04-17 13:53:13.563  WARN 6624 --- [| adminclient-4] org.apache.kafka.clients.NetworkClient   : [AdminClient clientId=adminclient-4] Connection to node -1 (localhost/127.0.0.1:9092) could not be established. Broker may not be available.
2020-04-17 13:53:15.763  WARN 6624 --- [| adminclient-4] org.apache.kafka.clients.NetworkClient   : [AdminClient clientId=adminclient-4] Connection to node -1 (localhost/127.0.0.1:9092) could not be established. Broker may not be available.
2020-04-17 13:53:17.663  WARN 6624 --- [| adminclient-4] org.apache.kafka.clients.NetworkClient   : [AdminClient clientId=adminclient-4] Connection to node -1 (localhost/127.0.0.1:9092) could not be established. Broker may not be available.
2020-04-17 13:53:19.564  WARN 6624 --- [| adminclient-4] org.apache.kafka.clients.NetworkClient   : [AdminClient clientId=adminclient-4] Connection to node -1 (localhost/127.0.0.1:9092) could not be established. Broker may not be available.
2020-04-17 13:53:21.564  WARN 6624 --- [| adminclient-4] org.apache.kafka.clients.NetworkClient   : [AdminClient clientId=adminclient-4] Connection to node -1 (localhost/127.0.0.1:9092) could not be established. Broker may not be available.
2020-04-17 13:53:21.728  INFO 6624 --- [| adminclient-4] o.a.k.c.a.i.AdminMetadataManager         : [AdminClient clientId=adminclient-4] Metadata update failed

org.apache.kafka.common.errors.TimeoutException: The AdminClient thread has exited.

2020-04-17 13:53:21.741  WARN 6624 --- [           main] o.s.w.c.s.GenericWebApplicationContext   : Exception encountered during context initialization - cancelling refresh attempt: org.springframework.context.ApplicationContextException: Failed to start bean 'org.springframework.kafka.config.internalKafkaListenerEndpointRegistry'; nested exception is java.lang.IllegalStateException: Topic(s) [NewsInfo, OnlineExam] is/are not present and missingTopicsFatal is true
2020-04-17 13:53:21.742  WARN 6624 --- [           main] o.s.b.f.support.DisposableBeanAdapter    : Invocation of destroy method failed on bean with name 'tomcatMetricsBinder': java.lang.NullPointerException
2020-04-17 13:53:21.742  INFO 6624 --- [           main] o.s.s.concurrent.ThreadPoolTaskExecutor  : Shutting down ExecutorService 'applicationTaskExecutor'
2020-04-17 13:53:21.746  INFO 6624 --- [           main] j.LocalContainerEntityManagerFactoryBean : Closing JPA EntityManagerFactory for persistence unit 'default'
2020-04-17 13:53:21.747  INFO 6624 --- [           main] .SchemaDropperImpl$DelayedDropActionImpl : HHH000477: Starting delayed evictData of schema as part of SessionFactory shut-down'
2020-04-17 13:53:21.749 ERROR 6624 --- [           main] .SchemaDropperImpl$DelayedDropActionImpl : HHH000478: Unsuccessful: drop table address if exists
2020-04-17 13:53:21.750 ERROR 6624 --- [           main] .SchemaDropperImpl$DelayedDropActionImpl : HHH000478: Unsuccessful: drop table user if exists
2020-04-17 13:53:21.762  INFO 6624 --- [           main] com.zaxxer.hikari.HikariDataSource       : HikariPool-4 - Shutdown initiated...
2020-04-17 13:53:21.767  INFO 6624 --- [           main] com.zaxxer.hikari.HikariDataSource       : HikariPool-4 - Shutdown completed.
2020-04-17 13:53:21.775  INFO 6624 --- [           main] ConditionEvaluationReportLoggingListener : 

Error starting ApplicationContext. To display the conditions report re-run your application with 'debug' enabled.
2020-04-17 13:53:21.777 ERROR 6624 --- [           main] o.s.boot.SpringApplication               : Application run failed

org.springframework.context.ApplicationContextException: Failed to start bean 'org.springframework.kafka.config.internalKafkaListenerEndpointRegistry'; nested exception is java.lang.IllegalStateException: Topic(s) [NewsInfo, OnlineExam] is/are not present and missingTopicsFatal is true
	at org.springframework.context.support.DefaultLifecycleProcessor.doStart(DefaultLifecycleProcessor.java:185) ~[spring-context-5.2.4.RELEASE.jar:5.2.4.RELEASE]
	at org.springframework.context.support.DefaultLifecycleProcessor.access$200(DefaultLifecycleProcessor.java:53) ~[spring-context-5.2.4.RELEASE.jar:5.2.4.RELEASE]
	at org.springframework.context.support.DefaultLifecycleProcessor$LifecycleGroup.start(DefaultLifecycleProcessor.java:360) ~[spring-context-5.2.4.RELEASE.jar:5.2.4.RELEASE]
	at org.springframework.context.support.DefaultLifecycleProcessor.startBeans(DefaultLifecycleProcessor.java:158) ~[spring-context-5.2.4.RELEASE.jar:5.2.4.RELEASE]
	at org.springframework.context.support.DefaultLifecycleProcessor.onRefresh(DefaultLifecycleProcessor.java:122) ~[spring-context-5.2.4.RELEASE.jar:5.2.4.RELEASE]
	at org.springframework.context.support.AbstractApplicationContext.finishRefresh(AbstractApplicationContext.java:894) ~[spring-context-5.2.4.RELEASE.jar:5.2.4.RELEASE]
	at org.springframework.context.support.AbstractApplicationContext.refresh(AbstractApplicationContext.java:553) ~[spring-context-5.2.4.RELEASE.jar:5.2.4.RELEASE]
	at org.springframework.boot.SpringApplication.refresh(SpringApplication.java:747) ~[spring-boot-2.2.5.RELEASE.jar:2.2.5.RELEASE]
	at org.springframework.boot.SpringApplication.refreshContext(SpringApplication.java:397) ~[spring-boot-2.2.5.RELEASE.jar:2.2.5.RELEASE]
	at org.springframework.boot.SpringApplication.run(SpringApplication.java:315) ~[spring-boot-2.2.5.RELEASE.jar:2.2.5.RELEASE]
	at org.springframework.boot.test.context.SpringBootContextLoader.loadContext(SpringBootContextLoader.java:126) [spring-boot-test-2.2.5.RELEASE.jar:2.2.5.RELEASE]
	at org.springframework.test.context.cache.DefaultCacheAwareContextLoaderDelegate.loadContextInternal(DefaultCacheAwareContextLoaderDelegate.java:99) [spring-test-5.2.4.RELEASE.jar:5.2.4.RELEASE]
	at org.springframework.test.context.cache.DefaultCacheAwareContextLoaderDelegate.loadContext(DefaultCacheAwareContextLoaderDelegate.java:124) [spring-test-5.2.4.RELEASE.jar:5.2.4.RELEASE]
	at org.springframework.test.context.support.DefaultTestContext.getApplicationContext(DefaultTestContext.java:123) [spring-test-5.2.4.RELEASE.jar:5.2.4.RELEASE]
	at org.springframework.test.context.web.ServletTestExecutionListener.setUpRequestContextIfNecessary(ServletTestExecutionListener.java:190) [spring-test-5.2.4.RELEASE.jar:5.2.4.RELEASE]
	at org.springframework.test.context.web.ServletTestExecutionListener.prepareTestInstance(ServletTestExecutionListener.java:132) [spring-test-5.2.4.RELEASE.jar:5.2.4.RELEASE]
	at org.springframework.test.context.TestContextManager.prepareTestInstance(TestContextManager.java:244) [spring-test-5.2.4.RELEASE.jar:5.2.4.RELEASE]
	at org.springframework.test.context.junit.jupiter.SpringExtension.postProcessTestInstance(SpringExtension.java:98) [spring-test-5.2.4.RELEASE.jar:5.2.4.RELEASE]
	at org.junit.jupiter.engine.descriptor.ClassBasedTestDescriptor.lambda$invokeTestInstancePostProcessors$5(ClassBasedTestDescriptor.java:337) [junit-jupiter-engine-5.5.2.jar:5.5.2]
	at org.junit.jupiter.engine.descriptor.ClassBasedTestDescriptor.executeAndMaskThrowable(ClassBasedTestDescriptor.java:342) [junit-jupiter-engine-5.5.2.jar:5.5.2]
	at org.junit.jupiter.engine.descriptor.ClassBasedTestDescriptor.lambda$invokeTestInstancePostProcessors$6(ClassBasedTestDescriptor.java:337) [junit-jupiter-engine-5.5.2.jar:5.5.2]
	at java.util.stream.ReferencePipeline$3$1.accept(ReferencePipeline.java:193) ~[na:1.8.0_241]
	at java.util.stream.ReferencePipeline$2$1.accept(ReferencePipeline.java:175) ~[na:1.8.0_241]
	at java.util.ArrayList$ArrayListSpliterator.forEachRemaining(ArrayList.java:1382) ~[na:1.8.0_241]
	at java.util.stream.AbstractPipeline.copyInto(AbstractPipeline.java:482) ~[na:1.8.0_241]
	at java.util.stream.AbstractPipeline.wrapAndCopyInto(AbstractPipeline.java:472) ~[na:1.8.0_241]
	at java.util.stream.StreamSpliterators$WrappingSpliterator.forEachRemaining(StreamSpliterators.java:312) ~[na:1.8.0_241]
	at java.util.stream.Streams$ConcatSpliterator.forEachRemaining(Streams.java:743) ~[na:1.8.0_241]
	at java.util.stream.Streams$ConcatSpliterator.forEachRemaining(Streams.java:742) ~[na:1.8.0_241]
	at java.util.stream.ReferencePipeline$Head.forEach(ReferencePipeline.java:580) ~[na:1.8.0_241]
	at org.junit.jupiter.engine.descriptor.ClassBasedTestDescriptor.invokeTestInstancePostProcessors(ClassBasedTestDescriptor.java:336) [junit-jupiter-engine-5.5.2.jar:5.5.2]
	at org.junit.jupiter.engine.descriptor.ClassBasedTestDescriptor.instantiateAndPostProcessTestInstance(ClassBasedTestDescriptor.java:259) [junit-jupiter-engine-5.5.2.jar:5.5.2]
	at org.junit.jupiter.engine.descriptor.ClassBasedTestDescriptor.lambda$testInstancesProvider$2(ClassBasedTestDescriptor.java:252) [junit-jupiter-engine-5.5.2.jar:5.5.2]
	at java.util.Optional.orElseGet(Optional.java:267) ~[na:1.8.0_241]
	at org.junit.jupiter.engine.descriptor.ClassBasedTestDescriptor.lambda$testInstancesProvider$3(ClassBasedTestDescriptor.java:251) [junit-jupiter-engine-5.5.2.jar:5.5.2]
	at org.junit.jupiter.engine.execution.TestInstancesProvider.getTestInstances(TestInstancesProvider.java:29) ~[junit-jupiter-engine-5.5.2.jar:5.5.2]
	at org.junit.jupiter.engine.descriptor.TestMethodTestDescriptor.lambda$prepare$0(TestMethodTestDescriptor.java:106) ~[junit-jupiter-engine-5.5.2.jar:5.5.2]
	at org.junit.platform.engine.support.hierarchical.ThrowableCollector.execute(ThrowableCollector.java:73) ~[junit-platform-engine-1.5.2.jar:1.5.2]
	at org.junit.jupiter.engine.descriptor.TestMethodTestDescriptor.prepare(TestMethodTestDescriptor.java:105) ~[junit-jupiter-engine-5.5.2.jar:5.5.2]
	at org.junit.jupiter.engine.descriptor.TestMethodTestDescriptor.prepare(TestMethodTestDescriptor.java:69) ~[junit-jupiter-engine-5.5.2.jar:5.5.2]
	at org.junit.platform.engine.support.hierarchical.NodeTestTask.lambda$prepare$1(NodeTestTask.java:107) ~[junit-platform-engine-1.5.2.jar:1.5.2]
	at org.junit.platform.engine.support.hierarchical.ThrowableCollector.execute(ThrowableCollector.java:73) ~[junit-platform-engine-1.5.2.jar:1.5.2]
	at org.junit.platform.engine.support.hierarchical.NodeTestTask.prepare(NodeTestTask.java:107) ~[junit-platform-engine-1.5.2.jar:1.5.2]
	at org.junit.platform.engine.support.hierarchical.NodeTestTask.execute(NodeTestTask.java:75) ~[junit-platform-engine-1.5.2.jar:1.5.2]
	at java.util.ArrayList.forEach(ArrayList.java:1257) ~[na:1.8.0_241]
	at org.junit.platform.engine.support.hierarchical.SameThreadHierarchicalTestExecutorService.invokeAll(SameThreadHierarchicalTestExecutorService.java:38) ~[junit-platform-engine-1.5.2.jar:1.5.2]
	at org.junit.platform.engine.support.hierarchical.NodeTestTask.lambda$executeRecursively$5(NodeTestTask.java:139) ~[junit-platform-engine-1.5.2.jar:1.5.2]
	at org.junit.platform.engine.support.hierarchical.ThrowableCollector.execute(ThrowableCollector.java:73) ~[junit-platform-engine-1.5.2.jar:1.5.2]
	at org.junit.platform.engine.support.hierarchical.NodeTestTask.lambda$executeRecursively$7(NodeTestTask.java:125) ~[junit-platform-engine-1.5.2.jar:1.5.2]
	at org.junit.platform.engine.support.hierarchical.Node.around(Node.java:135) ~[junit-platform-engine-1.5.2.jar:1.5.2]
	at org.junit.platform.engine.support.hierarchical.NodeTestTask.lambda$executeRecursively$8(NodeTestTask.java:123) ~[junit-platform-engine-1.5.2.jar:1.5.2]
	at org.junit.platform.engine.support.hierarchical.ThrowableCollector.execute(ThrowableCollector.java:73) ~[junit-platform-engine-1.5.2.jar:1.5.2]
	at org.junit.platform.engine.support.hierarchical.NodeTestTask.executeRecursively(NodeTestTask.java:122) ~[junit-platform-engine-1.5.2.jar:1.5.2]
	at org.junit.platform.engine.support.hierarchical.NodeTestTask.execute(NodeTestTask.java:80) ~[junit-platform-engine-1.5.2.jar:1.5.2]
	at java.util.ArrayList.forEach(ArrayList.java:1257) ~[na:1.8.0_241]
	at org.junit.platform.engine.support.hierarchical.SameThreadHierarchicalTestExecutorService.invokeAll(SameThreadHierarchicalTestExecutorService.java:38) ~[junit-platform-engine-1.5.2.jar:1.5.2]
	at org.junit.platform.engine.support.hierarchical.NodeTestTask.lambda$executeRecursively$5(NodeTestTask.java:139) ~[junit-platform-engine-1.5.2.jar:1.5.2]
	at org.junit.platform.engine.support.hierarchical.ThrowableCollector.execute(ThrowableCollector.java:73) ~[junit-platform-engine-1.5.2.jar:1.5.2]
	at org.junit.platform.engine.support.hierarchical.NodeTestTask.lambda$executeRecursively$7(NodeTestTask.java:125) ~[junit-platform-engine-1.5.2.jar:1.5.2]
	at org.junit.platform.engine.support.hierarchical.Node.around(Node.java:135) ~[junit-platform-engine-1.5.2.jar:1.5.2]
	at org.junit.platform.engine.support.hierarchical.NodeTestTask.lambda$executeRecursively$8(NodeTestTask.java:123) ~[junit-platform-engine-1.5.2.jar:1.5.2]
	at org.junit.platform.engine.support.hierarchical.ThrowableCollector.execute(ThrowableCollector.java:73) ~[junit-platform-engine-1.5.2.jar:1.5.2]
	at org.junit.platform.engine.support.hierarchical.NodeTestTask.executeRecursively(NodeTestTask.java:122) ~[junit-platform-engine-1.5.2.jar:1.5.2]
	at org.junit.platform.engine.support.hierarchical.NodeTestTask.execute(NodeTestTask.java:80) ~[junit-platform-engine-1.5.2.jar:1.5.2]
	at org.junit.platform.engine.support.hierarchical.SameThreadHierarchicalTestExecutorService.submit(SameThreadHierarchicalTestExecutorService.java:32) ~[junit-platform-engine-1.5.2.jar:1.5.2]
	at org.junit.platform.engine.support.hierarchical.HierarchicalTestExecutor.execute(HierarchicalTestExecutor.java:57) ~[junit-platform-engine-1.5.2.jar:1.5.2]
	at org.junit.platform.engine.support.hierarchical.HierarchicalTestEngine.execute(HierarchicalTestEngine.java:51) ~[junit-platform-engine-1.5.2.jar:1.5.2]
	at org.junit.platform.launcher.core.DefaultLauncher.execute(DefaultLauncher.java:220) ~[junit-platform-launcher-1.3.1.jar:1.3.1]
	at org.junit.platform.launcher.core.DefaultLauncher.lambda$execute$6(DefaultLauncher.java:188) ~[junit-platform-launcher-1.3.1.jar:1.3.1]
	at org.junit.platform.launcher.core.DefaultLauncher.withInterceptedStreams(DefaultLauncher.java:202) ~[junit-platform-launcher-1.3.1.jar:1.3.1]
	at org.junit.platform.launcher.core.DefaultLauncher.execute(DefaultLauncher.java:181) ~[junit-platform-launcher-1.3.1.jar:1.3.1]
	at org.junit.platform.launcher.core.DefaultLauncher.execute(DefaultLauncher.java:128) ~[junit-platform-launcher-1.3.1.jar:1.3.1]
	at org.apache.maven.surefire.junitplatform.JUnitPlatformProvider.invokeAllTests(JUnitPlatformProvider.java:150) ~[surefire-junit-platform-2.22.2.jar:2.22.2]
	at org.apache.maven.surefire.junitplatform.JUnitPlatformProvider.invoke(JUnitPlatformProvider.java:124) ~[surefire-junit-platform-2.22.2.jar:2.22.2]
	at org.apache.maven.surefire.booter.ForkedBooter.invokeProviderInSameClassLoader(ForkedBooter.java:384) ~[surefire-booter-2.22.2.jar:2.22.2]
	at org.apache.maven.surefire.booter.ForkedBooter.runSuitesInProcess(ForkedBooter.java:345) ~[surefire-booter-2.22.2.jar:2.22.2]
	at org.apache.maven.surefire.booter.ForkedBooter.execute(ForkedBooter.java:126) ~[surefire-booter-2.22.2.jar:2.22.2]
	at org.apache.maven.surefire.booter.ForkedBooter.main(ForkedBooter.java:418) ~[surefire-booter-2.22.2.jar:2.22.2]
Caused by: java.lang.IllegalStateException: Topic(s) [NewsInfo, OnlineExam] is/are not present and missingTopicsFatal is true
	at org.springframework.kafka.listener.AbstractMessageListenerContainer.checkTopics(AbstractMessageListenerContainer.java:383) ~[spring-kafka-2.3.6.RELEASE.jar:2.3.6.RELEASE]
	at org.springframework.kafka.listener.ConcurrentMessageListenerContainer.doStart(ConcurrentMessageListenerContainer.java:136) ~[spring-kafka-2.3.6.RELEASE.jar:2.3.6.RELEASE]
	at org.springframework.kafka.listener.AbstractMessageListenerContainer.start(AbstractMessageListenerContainer.java:340) ~[spring-kafka-2.3.6.RELEASE.jar:2.3.6.RELEASE]
	at org.springframework.kafka.config.KafkaListenerEndpointRegistry.startIfNecessary(KafkaListenerEndpointRegistry.java:312) ~[spring-kafka-2.3.6.RELEASE.jar:2.3.6.RELEASE]
	at org.springframework.kafka.config.KafkaListenerEndpointRegistry.start(KafkaListenerEndpointRegistry.java:257) ~[spring-kafka-2.3.6.RELEASE.jar:2.3.6.RELEASE]
	at org.springframework.context.support.DefaultLifecycleProcessor.doStart(DefaultLifecycleProcessor.java:182) ~[spring-context-5.2.4.RELEASE.jar:5.2.4.RELEASE]
	... 77 common frames omitted

2020-04-17 13:53:21.780 ERROR 6624 --- [           main] o.s.test.context.TestContextManager      : Caught exception while allowing TestExecutionListener [org.springframework.test.context.web.ServletTestExecutionListener@7212b28e] to prepare test instance [com.example.service.UserServiceTest@a9339e5]

java.lang.IllegalStateException: Failed to load ApplicationContext
	at org.springframework.test.context.cache.DefaultCacheAwareContextLoaderDelegate.loadContext(DefaultCacheAwareContextLoaderDelegate.java:132) ~[spring-test-5.2.4.RELEASE.jar:5.2.4.RELEASE]
	at org.springframework.test.context.support.DefaultTestContext.getApplicationContext(DefaultTestContext.java:123) ~[spring-test-5.2.4.RELEASE.jar:5.2.4.RELEASE]
	at org.springframework.test.context.web.ServletTestExecutionListener.setUpRequestContextIfNecessary(ServletTestExecutionListener.java:190) ~[spring-test-5.2.4.RELEASE.jar:5.2.4.RELEASE]
	at org.springframework.test.context.web.ServletTestExecutionListener.prepareTestInstance(ServletTestExecutionListener.java:132) ~[spring-test-5.2.4.RELEASE.jar:5.2.4.RELEASE]
	at org.springframework.test.context.TestContextManager.prepareTestInstance(TestContextManager.java:244) ~[spring-test-5.2.4.RELEASE.jar:5.2.4.RELEASE]
	at org.springframework.test.context.junit.jupiter.SpringExtension.postProcessTestInstance(SpringExtension.java:98) [spring-test-5.2.4.RELEASE.jar:5.2.4.RELEASE]
	at org.junit.jupiter.engine.descriptor.ClassBasedTestDescriptor.lambda$invokeTestInstancePostProcessors$5(ClassBasedTestDescriptor.java:337) [junit-jupiter-engine-5.5.2.jar:5.5.2]
	at org.junit.jupiter.engine.descriptor.ClassBasedTestDescriptor.executeAndMaskThrowable(ClassBasedTestDescriptor.java:342) [junit-jupiter-engine-5.5.2.jar:5.5.2]
	at org.junit.jupiter.engine.descriptor.ClassBasedTestDescriptor.lambda$invokeTestInstancePostProcessors$6(ClassBasedTestDescriptor.java:337) [junit-jupiter-engine-5.5.2.jar:5.5.2]
	at java.util.stream.ReferencePipeline$3$1.accept(ReferencePipeline.java:193) ~[na:1.8.0_241]
	at java.util.stream.ReferencePipeline$2$1.accept(ReferencePipeline.java:175) ~[na:1.8.0_241]
	at java.util.ArrayList$ArrayListSpliterator.forEachRemaining(ArrayList.java:1382) ~[na:1.8.0_241]
	at java.util.stream.AbstractPipeline.copyInto(AbstractPipeline.java:482) ~[na:1.8.0_241]
	at java.util.stream.AbstractPipeline.wrapAndCopyInto(AbstractPipeline.java:472) ~[na:1.8.0_241]
	at java.util.stream.StreamSpliterators$WrappingSpliterator.forEachRemaining(StreamSpliterators.java:312) ~[na:1.8.0_241]
	at java.util.stream.Streams$ConcatSpliterator.forEachRemaining(Streams.java:743) ~[na:1.8.0_241]
	at java.util.stream.Streams$ConcatSpliterator.forEachRemaining(Streams.java:742) ~[na:1.8.0_241]
	at java.util.stream.ReferencePipeline$Head.forEach(ReferencePipeline.java:580) ~[na:1.8.0_241]
	at org.junit.jupiter.engine.descriptor.ClassBasedTestDescriptor.invokeTestInstancePostProcessors(ClassBasedTestDescriptor.java:336) [junit-jupiter-engine-5.5.2.jar:5.5.2]
	at org.junit.jupiter.engine.descriptor.ClassBasedTestDescriptor.instantiateAndPostProcessTestInstance(ClassBasedTestDescriptor.java:259) [junit-jupiter-engine-5.5.2.jar:5.5.2]
	at org.junit.jupiter.engine.descriptor.ClassBasedTestDescriptor.lambda$testInstancesProvider$2(ClassBasedTestDescriptor.java:252) [junit-jupiter-engine-5.5.2.jar:5.5.2]
	at java.util.Optional.orElseGet(Optional.java:267) ~[na:1.8.0_241]
	at org.junit.jupiter.engine.descriptor.ClassBasedTestDescriptor.lambda$testInstancesProvider$3(ClassBasedTestDescriptor.java:251) [junit-jupiter-engine-5.5.2.jar:5.5.2]
	at org.junit.jupiter.engine.execution.TestInstancesProvider.getTestInstances(TestInstancesProvider.java:29) ~[junit-jupiter-engine-5.5.2.jar:5.5.2]
	at org.junit.jupiter.engine.descriptor.TestMethodTestDescriptor.lambda$prepare$0(TestMethodTestDescriptor.java:106) ~[junit-jupiter-engine-5.5.2.jar:5.5.2]
	at org.junit.platform.engine.support.hierarchical.ThrowableCollector.execute(ThrowableCollector.java:73) ~[junit-platform-engine-1.5.2.jar:1.5.2]
	at org.junit.jupiter.engine.descriptor.TestMethodTestDescriptor.prepare(TestMethodTestDescriptor.java:105) ~[junit-jupiter-engine-5.5.2.jar:5.5.2]
	at org.junit.jupiter.engine.descriptor.TestMethodTestDescriptor.prepare(TestMethodTestDescriptor.java:69) ~[junit-jupiter-engine-5.5.2.jar:5.5.2]
	at org.junit.platform.engine.support.hierarchical.NodeTestTask.lambda$prepare$1(NodeTestTask.java:107) ~[junit-platform-engine-1.5.2.jar:1.5.2]
	at org.junit.platform.engine.support.hierarchical.ThrowableCollector.execute(ThrowableCollector.java:73) ~[junit-platform-engine-1.5.2.jar:1.5.2]
	at org.junit.platform.engine.support.hierarchical.NodeTestTask.prepare(NodeTestTask.java:107) ~[junit-platform-engine-1.5.2.jar:1.5.2]
	at org.junit.platform.engine.support.hierarchical.NodeTestTask.execute(NodeTestTask.java:75) ~[junit-platform-engine-1.5.2.jar:1.5.2]
	at java.util.ArrayList.forEach(ArrayList.java:1257) ~[na:1.8.0_241]
	at org.junit.platform.engine.support.hierarchical.SameThreadHierarchicalTestExecutorService.invokeAll(SameThreadHierarchicalTestExecutorService.java:38) ~[junit-platform-engine-1.5.2.jar:1.5.2]
	at org.junit.platform.engine.support.hierarchical.NodeTestTask.lambda$executeRecursively$5(NodeTestTask.java:139) ~[junit-platform-engine-1.5.2.jar:1.5.2]
	at org.junit.platform.engine.support.hierarchical.ThrowableCollector.execute(ThrowableCollector.java:73) ~[junit-platform-engine-1.5.2.jar:1.5.2]
	at org.junit.platform.engine.support.hierarchical.NodeTestTask.lambda$executeRecursively$7(NodeTestTask.java:125) ~[junit-platform-engine-1.5.2.jar:1.5.2]
	at org.junit.platform.engine.support.hierarchical.Node.around(Node.java:135) ~[junit-platform-engine-1.5.2.jar:1.5.2]
	at org.junit.platform.engine.support.hierarchical.NodeTestTask.lambda$executeRecursively$8(NodeTestTask.java:123) ~[junit-platform-engine-1.5.2.jar:1.5.2]
	at org.junit.platform.engine.support.hierarchical.ThrowableCollector.execute(ThrowableCollector.java:73) ~[junit-platform-engine-1.5.2.jar:1.5.2]
	at org.junit.platform.engine.support.hierarchical.NodeTestTask.executeRecursively(NodeTestTask.java:122) ~[junit-platform-engine-1.5.2.jar:1.5.2]
	at org.junit.platform.engine.support.hierarchical.NodeTestTask.execute(NodeTestTask.java:80) ~[junit-platform-engine-1.5.2.jar:1.5.2]
	at java.util.ArrayList.forEach(ArrayList.java:1257) ~[na:1.8.0_241]
	at org.junit.platform.engine.support.hierarchical.SameThreadHierarchicalTestExecutorService.invokeAll(SameThreadHierarchicalTestExecutorService.java:38) ~[junit-platform-engine-1.5.2.jar:1.5.2]
	at org.junit.platform.engine.support.hierarchical.NodeTestTask.lambda$executeRecursively$5(NodeTestTask.java:139) ~[junit-platform-engine-1.5.2.jar:1.5.2]
	at org.junit.platform.engine.support.hierarchical.ThrowableCollector.execute(ThrowableCollector.java:73) ~[junit-platform-engine-1.5.2.jar:1.5.2]
	at org.junit.platform.engine.support.hierarchical.NodeTestTask.lambda$executeRecursively$7(NodeTestTask.java:125) ~[junit-platform-engine-1.5.2.jar:1.5.2]
	at org.junit.platform.engine.support.hierarchical.Node.around(Node.java:135) ~[junit-platform-engine-1.5.2.jar:1.5.2]
	at org.junit.platform.engine.support.hierarchical.NodeTestTask.lambda$executeRecursively$8(NodeTestTask.java:123) ~[junit-platform-engine-1.5.2.jar:1.5.2]
	at org.junit.platform.engine.support.hierarchical.ThrowableCollector.execute(ThrowableCollector.java:73) ~[junit-platform-engine-1.5.2.jar:1.5.2]
	at org.junit.platform.engine.support.hierarchical.NodeTestTask.executeRecursively(NodeTestTask.java:122) ~[junit-platform-engine-1.5.2.jar:1.5.2]
	at org.junit.platform.engine.support.hierarchical.NodeTestTask.execute(NodeTestTask.java:80) ~[junit-platform-engine-1.5.2.jar:1.5.2]
	at org.junit.platform.engine.support.hierarchical.SameThreadHierarchicalTestExecutorService.submit(SameThreadHierarchicalTestExecutorService.java:32) ~[junit-platform-engine-1.5.2.jar:1.5.2]
	at org.junit.platform.engine.support.hierarchical.HierarchicalTestExecutor.execute(HierarchicalTestExecutor.java:57) ~[junit-platform-engine-1.5.2.jar:1.5.2]
	at org.junit.platform.engine.support.hierarchical.HierarchicalTestEngine.execute(HierarchicalTestEngine.java:51) ~[junit-platform-engine-1.5.2.jar:1.5.2]
	at org.junit.platform.launcher.core.DefaultLauncher.execute(DefaultLauncher.java:220) ~[junit-platform-launcher-1.3.1.jar:1.3.1]
	at org.junit.platform.launcher.core.DefaultLauncher.lambda$execute$6(DefaultLauncher.java:188) ~[junit-platform-launcher-1.3.1.jar:1.3.1]
	at org.junit.platform.launcher.core.DefaultLauncher.withInterceptedStreams(DefaultLauncher.java:202) ~[junit-platform-launcher-1.3.1.jar:1.3.1]
	at org.junit.platform.launcher.core.DefaultLauncher.execute(DefaultLauncher.java:181) ~[junit-platform-launcher-1.3.1.jar:1.3.1]
	at org.junit.platform.launcher.core.DefaultLauncher.execute(DefaultLauncher.java:128) ~[junit-platform-launcher-1.3.1.jar:1.3.1]
	at org.apache.maven.surefire.junitplatform.JUnitPlatformProvider.invokeAllTests(JUnitPlatformProvider.java:150) ~[surefire-junit-platform-2.22.2.jar:2.22.2]
	at org.apache.maven.surefire.junitplatform.JUnitPlatformProvider.invoke(JUnitPlatformProvider.java:124) ~[surefire-junit-platform-2.22.2.jar:2.22.2]
	at org.apache.maven.surefire.booter.ForkedBooter.invokeProviderInSameClassLoader(ForkedBooter.java:384) ~[surefire-booter-2.22.2.jar:2.22.2]
	at org.apache.maven.surefire.booter.ForkedBooter.runSuitesInProcess(ForkedBooter.java:345) ~[surefire-booter-2.22.2.jar:2.22.2]
	at org.apache.maven.surefire.booter.ForkedBooter.execute(ForkedBooter.java:126) ~[surefire-booter-2.22.2.jar:2.22.2]
	at org.apache.maven.surefire.booter.ForkedBooter.main(ForkedBooter.java:418) ~[surefire-booter-2.22.2.jar:2.22.2]
Caused by: org.springframework.context.ApplicationContextException: Failed to start bean 'org.springframework.kafka.config.internalKafkaListenerEndpointRegistry'; nested exception is java.lang.IllegalStateException: Topic(s) [NewsInfo, OnlineExam] is/are not present and missingTopicsFatal is true
	at org.springframework.context.support.DefaultLifecycleProcessor.doStart(DefaultLifecycleProcessor.java:185) ~[spring-context-5.2.4.RELEASE.jar:5.2.4.RELEASE]
	at org.springframework.context.support.DefaultLifecycleProcessor.access$200(DefaultLifecycleProcessor.java:53) ~[spring-context-5.2.4.RELEASE.jar:5.2.4.RELEASE]
	at org.springframework.context.support.DefaultLifecycleProcessor$LifecycleGroup.start(DefaultLifecycleProcessor.java:360) ~[spring-context-5.2.4.RELEASE.jar:5.2.4.RELEASE]
	at org.springframework.context.support.DefaultLifecycleProcessor.startBeans(DefaultLifecycleProcessor.java:158) ~[spring-context-5.2.4.RELEASE.jar:5.2.4.RELEASE]
	at org.springframework.context.support.DefaultLifecycleProcessor.onRefresh(DefaultLifecycleProcessor.java:122) ~[spring-context-5.2.4.RELEASE.jar:5.2.4.RELEASE]
	at org.springframework.context.support.AbstractApplicationContext.finishRefresh(AbstractApplicationContext.java:894) ~[spring-context-5.2.4.RELEASE.jar:5.2.4.RELEASE]
	at org.springframework.context.support.AbstractApplicationContext.refresh(AbstractApplicationContext.java:553) ~[spring-context-5.2.4.RELEASE.jar:5.2.4.RELEASE]
	at org.springframework.boot.SpringApplication.refresh(SpringApplication.java:747) ~[spring-boot-2.2.5.RELEASE.jar:2.2.5.RELEASE]
	at org.springframework.boot.SpringApplication.refreshContext(SpringApplication.java:397) ~[spring-boot-2.2.5.RELEASE.jar:2.2.5.RELEASE]
	at org.springframework.boot.SpringApplication.run(SpringApplication.java:315) ~[spring-boot-2.2.5.RELEASE.jar:2.2.5.RELEASE]
	at org.springframework.boot.test.context.SpringBootContextLoader.loadContext(SpringBootContextLoader.java:126) ~[spring-boot-test-2.2.5.RELEASE.jar:2.2.5.RELEASE]
	at org.springframework.test.context.cache.DefaultCacheAwareContextLoaderDelegate.loadContextInternal(DefaultCacheAwareContextLoaderDelegate.java:99) ~[spring-test-5.2.4.RELEASE.jar:5.2.4.RELEASE]
	at org.springframework.test.context.cache.DefaultCacheAwareContextLoaderDelegate.loadContext(DefaultCacheAwareContextLoaderDelegate.java:124) ~[spring-test-5.2.4.RELEASE.jar:5.2.4.RELEASE]
	... 65 common frames omitted
Caused by: java.lang.IllegalStateException: Topic(s) [NewsInfo, OnlineExam] is/are not present and missingTopicsFatal is true
	at org.springframework.kafka.listener.AbstractMessageListenerContainer.checkTopics(AbstractMessageListenerContainer.java:383) ~[spring-kafka-2.3.6.RELEASE.jar:2.3.6.RELEASE]
	at org.springframework.kafka.listener.ConcurrentMessageListenerContainer.doStart(ConcurrentMessageListenerContainer.java:136) ~[spring-kafka-2.3.6.RELEASE.jar:2.3.6.RELEASE]
	at org.springframework.kafka.listener.AbstractMessageListenerContainer.start(AbstractMessageListenerContainer.java:340) ~[spring-kafka-2.3.6.RELEASE.jar:2.3.6.RELEASE]
	at org.springframework.kafka.config.KafkaListenerEndpointRegistry.startIfNecessary(KafkaListenerEndpointRegistry.java:312) ~[spring-kafka-2.3.6.RELEASE.jar:2.3.6.RELEASE]
	at org.springframework.kafka.config.KafkaListenerEndpointRegistry.start(KafkaListenerEndpointRegistry.java:257) ~[spring-kafka-2.3.6.RELEASE.jar:2.3.6.RELEASE]
	at org.springframework.context.support.DefaultLifecycleProcessor.doStart(DefaultLifecycleProcessor.java:182) ~[spring-context-5.2.4.RELEASE.jar:5.2.4.RELEASE]
	... 77 common frames omitted

]]></system-out>
  </testcase>
  <testcase name="testDeleteUser" classname="com.example.service.UserServiceTest" time="0.001">
    <error message="Failed to load ApplicationContext" type="java.lang.IllegalStateException">java.lang.IllegalStateException: Failed to load ApplicationContext
Caused by: org.springframework.context.ApplicationContextException: Failed to start bean 'org.springframework.kafka.config.internalKafkaListenerEndpointRegistry'; nested exception is java.lang.IllegalStateException: Topic(s) [NewsInfo, OnlineExam] is/are not present and missingTopicsFatal is true
Caused by: java.lang.IllegalStateException: Topic(s) [NewsInfo, OnlineExam] is/are not present and missingTopicsFatal is true
</error>
    <system-out><![CDATA[
  .   ____          _            __ _ _
 /\\ / ___'_ __ _ _(_)_ __  __ _ \ \ \ \
( ( )\___ | '_ | '_| | '_ \/ _` | \ \ \ \
 \\/  ___)| |_)| | | | | || (_| |  ) ) ) )
  '  |____| .__|_| |_|_| |_\__, | / / / /
 =========|_|==============|___/=/_/_/_/
 :: Spring Boot ::        (v2.2.5.RELEASE)

2020-04-17 13:53:21.832  INFO 6624 --- [           main] com.example.service.UserServiceTest      : Starting UserServiceTest on SYS-PC with PID 6624 (started by SYS in C:\Users\SYS\git\UserSystem\Produce-Consume)
2020-04-17 13:53:21.832  INFO 6624 --- [           main] com.example.service.UserServiceTest      : No active profile set, falling back to default profiles: default
2020-04-17 13:53:22.475  INFO 6624 --- [           main] .s.d.r.c.RepositoryConfigurationDelegate : Bootstrapping Spring Data JPA repositories in DEFAULT mode.
2020-04-17 13:53:22.494  INFO 6624 --- [           main] .s.d.r.c.RepositoryConfigurationDelegate : Finished Spring Data repository scanning in 18ms. Found 1 JPA repository interfaces.
2020-04-17 13:53:22.746  INFO 6624 --- [           main] com.zaxxer.hikari.HikariDataSource       : HikariPool-5 - Starting...
2020-04-17 13:53:22.751  INFO 6624 --- [           main] com.zaxxer.hikari.HikariDataSource       : HikariPool-5 - Start completed.
2020-04-17 13:53:22.785  INFO 6624 --- [           main] o.hibernate.jpa.internal.util.LogHelper  : HHH000204: Processing PersistenceUnitInfo [name: default]
2020-04-17 13:53:22.801  INFO 6624 --- [           main] org.hibernate.dialect.Dialect            : HHH000400: Using dialect: org.hibernate.dialect.H2Dialect
2020-04-17 13:53:23.025  INFO 6624 --- [           main] o.h.e.t.j.p.i.JtaPlatformInitiator       : HHH000490: Using JtaPlatform implementation: [org.hibernate.engine.transaction.jta.platform.internal.NoJtaPlatform]
2020-04-17 13:53:23.025  INFO 6624 --- [           main] j.LocalContainerEntityManagerFactoryBean : Initialized JPA EntityManagerFactory for persistence unit 'default'
2020-04-17 13:53:23.454  WARN 6624 --- [           main] JpaBaseConfiguration$JpaWebConfiguration : spring.jpa.open-in-view is enabled by default. Therefore, database queries may be performed during view rendering. Explicitly configure spring.jpa.open-in-view to disable this warning
2020-04-17 13:53:23.858  INFO 6624 --- [           main] o.s.b.a.e.web.EndpointLinksResolver      : Exposing 14 endpoint(s) beneath base path '/actuator'
2020-04-17 13:53:24.052  INFO 6624 --- [           main] pertySourcedRequestMappingHandlerMapping : Mapped URL path [/v2/api-docs] onto method [springfox.documentation.swagger2.web.Swagger2Controller#getDocumentation(String, HttpServletRequest)]
2020-04-17 13:53:24.258  INFO 6624 --- [           main] o.s.s.concurrent.ThreadPoolTaskExecutor  : Initializing ExecutorService 'applicationTaskExecutor'
2020-04-17 13:53:24.516  INFO 6624 --- [           main] o.s.b.a.h2.H2ConsoleAutoConfiguration    : H2 console available at '/h2-console'. Database available at 'jdbc:h2:mem:testdb'
2020-04-17 13:53:24.647  INFO 6624 --- [           main] o.a.k.clients.admin.AdminClientConfig    : AdminClientConfig values: 
	bootstrap.servers = [localhost:9092]
	client.dns.lookup = default
	client.id = 
	connections.max.idle.ms = 300000
	metadata.max.age.ms = 300000
	metric.reporters = []
	metrics.num.samples = 2
	metrics.recording.level = INFO
	metrics.sample.window.ms = 30000
	receive.buffer.bytes = 65536
	reconnect.backoff.max.ms = 1000
	reconnect.backoff.ms = 50
	request.timeout.ms = 120000
	retries = 5
	retry.backoff.ms = 100
	sasl.client.callback.handler.class = null
	sasl.jaas.config = null
	sasl.kerberos.kinit.cmd = /usr/bin/kinit
	sasl.kerberos.min.time.before.relogin = 60000
	sasl.kerberos.service.name = null
	sasl.kerberos.ticket.renew.jitter = 0.05
	sasl.kerberos.ticket.renew.window.factor = 0.8
	sasl.login.callback.handler.class = null
	sasl.login.class = null
	sasl.login.refresh.buffer.seconds = 300
	sasl.login.refresh.min.period.seconds = 60
	sasl.login.refresh.window.factor = 0.8
	sasl.login.refresh.window.jitter = 0.05
	sasl.mechanism = GSSAPI
	security.protocol = PLAINTEXT
	send.buffer.bytes = 131072
	ssl.cipher.suites = null
	ssl.enabled.protocols = [TLSv1.2, TLSv1.1, TLSv1]
	ssl.endpoint.identification.algorithm = https
	ssl.key.password = null
	ssl.keymanager.algorithm = SunX509
	ssl.keystore.location = null
	ssl.keystore.password = null
	ssl.keystore.type = JKS
	ssl.protocol = TLS
	ssl.provider = null
	ssl.secure.random.implementation = null
	ssl.trustmanager.algorithm = PKIX
	ssl.truststore.location = null
	ssl.truststore.password = null
	ssl.truststore.type = JKS

2020-04-17 13:53:24.651  INFO 6624 --- [           main] o.a.kafka.common.utils.AppInfoParser     : Kafka version: 2.3.1
2020-04-17 13:53:24.652  INFO 6624 --- [           main] o.a.kafka.common.utils.AppInfoParser     : Kafka commitId: 18a913733fb71c01
2020-04-17 13:53:24.652  INFO 6624 --- [           main] o.a.kafka.common.utils.AppInfoParser     : Kafka startTimeMs: 1587111804651
2020-04-17 13:53:25.661  WARN 6624 --- [| adminclient-5] org.apache.kafka.clients.NetworkClient   : [AdminClient clientId=adminclient-5] Connection to node -1 (localhost/127.0.0.1:9092) could not be established. Broker may not be available.
2020-04-17 13:53:26.766  WARN 6624 --- [| adminclient-5] org.apache.kafka.clients.NetworkClient   : [AdminClient clientId=adminclient-5] Connection to node -1 (localhost/127.0.0.1:9092) could not be established. Broker may not be available.
2020-04-17 13:53:27.866  WARN 6624 --- [| adminclient-5] org.apache.kafka.clients.NetworkClient   : [AdminClient clientId=adminclient-5] Connection to node -1 (localhost/127.0.0.1:9092) could not be established. Broker may not be available.
2020-04-17 13:53:29.166  WARN 6624 --- [| adminclient-5] org.apache.kafka.clients.NetworkClient   : [AdminClient clientId=adminclient-5] Connection to node -1 (localhost/127.0.0.1:9092) could not be established. Broker may not be available.
2020-04-17 13:53:30.566  WARN 6624 --- [| adminclient-5] org.apache.kafka.clients.NetworkClient   : [AdminClient clientId=adminclient-5] Connection to node -1 (localhost/127.0.0.1:9092) could not be established. Broker may not be available.
2020-04-17 13:53:32.566  WARN 6624 --- [| adminclient-5] org.apache.kafka.clients.NetworkClient   : [AdminClient clientId=adminclient-5] Connection to node -1 (localhost/127.0.0.1:9092) could not be established. Broker may not be available.
2020-04-17 13:53:34.667  WARN 6624 --- [| adminclient-5] org.apache.kafka.clients.NetworkClient   : [AdminClient clientId=adminclient-5] Connection to node -1 (localhost/127.0.0.1:9092) could not be established. Broker may not be available.
2020-04-17 13:53:36.878  WARN 6624 --- [| adminclient-5] org.apache.kafka.clients.NetworkClient   : [AdminClient clientId=adminclient-5] Connection to node -1 (localhost/127.0.0.1:9092) could not be established. Broker may not be available.
2020-04-17 13:53:38.779  WARN 6624 --- [| adminclient-5] org.apache.kafka.clients.NetworkClient   : [AdminClient clientId=adminclient-5] Connection to node -1 (localhost/127.0.0.1:9092) could not be established. Broker may not be available.
2020-04-17 13:53:40.879  WARN 6624 --- [| adminclient-5] org.apache.kafka.clients.NetworkClient   : [AdminClient clientId=adminclient-5] Connection to node -1 (localhost/127.0.0.1:9092) could not be established. Broker may not be available.
2020-04-17 13:53:42.780  WARN 6624 --- [| adminclient-5] org.apache.kafka.clients.NetworkClient   : [AdminClient clientId=adminclient-5] Connection to node -1 (localhost/127.0.0.1:9092) could not be established. Broker may not be available.
2020-04-17 13:53:44.883  WARN 6624 --- [| adminclient-5] org.apache.kafka.clients.NetworkClient   : [AdminClient clientId=adminclient-5] Connection to node -1 (localhost/127.0.0.1:9092) could not be established. Broker may not be available.
2020-04-17 13:53:47.084  WARN 6624 --- [| adminclient-5] org.apache.kafka.clients.NetworkClient   : [AdminClient clientId=adminclient-5] Connection to node -1 (localhost/127.0.0.1:9092) could not be established. Broker may not be available.
2020-04-17 13:53:48.986  WARN 6624 --- [| adminclient-5] org.apache.kafka.clients.NetworkClient   : [AdminClient clientId=adminclient-5] Connection to node -1 (localhost/127.0.0.1:9092) could not be established. Broker may not be available.
2020-04-17 13:53:51.083  WARN 6624 --- [| adminclient-5] org.apache.kafka.clients.NetworkClient   : [AdminClient clientId=adminclient-5] Connection to node -1 (localhost/127.0.0.1:9092) could not be established. Broker may not be available.
2020-04-17 13:53:53.284  WARN 6624 --- [| adminclient-5] org.apache.kafka.clients.NetworkClient   : [AdminClient clientId=adminclient-5] Connection to node -1 (localhost/127.0.0.1:9092) could not be established. Broker may not be available.
2020-04-17 13:53:55.384  WARN 6624 --- [| adminclient-5] org.apache.kafka.clients.NetworkClient   : [AdminClient clientId=adminclient-5] Connection to node -1 (localhost/127.0.0.1:9092) could not be established. Broker may not be available.
2020-04-17 13:53:57.385  WARN 6624 --- [| adminclient-5] org.apache.kafka.clients.NetworkClient   : [AdminClient clientId=adminclient-5] Connection to node -1 (localhost/127.0.0.1:9092) could not be established. Broker may not be available.
2020-04-17 13:53:59.586  WARN 6624 --- [| adminclient-5] org.apache.kafka.clients.NetworkClient   : [AdminClient clientId=adminclient-5] Connection to node -1 (localhost/127.0.0.1:9092) could not be established. Broker may not be available.
2020-04-17 13:54:01.486  WARN 6624 --- [| adminclient-5] org.apache.kafka.clients.NetworkClient   : [AdminClient clientId=adminclient-5] Connection to node -1 (localhost/127.0.0.1:9092) could not be established. Broker may not be available.
2020-04-17 13:54:03.386  WARN 6624 --- [| adminclient-5] org.apache.kafka.clients.NetworkClient   : [AdminClient clientId=adminclient-5] Connection to node -1 (localhost/127.0.0.1:9092) could not be established. Broker may not be available.
2020-04-17 13:54:05.486  WARN 6624 --- [| adminclient-5] org.apache.kafka.clients.NetworkClient   : [AdminClient clientId=adminclient-5] Connection to node -1 (localhost/127.0.0.1:9092) could not be established. Broker may not be available.
2020-04-17 13:54:07.486  WARN 6624 --- [| adminclient-5] org.apache.kafka.clients.NetworkClient   : [AdminClient clientId=adminclient-5] Connection to node -1 (localhost/127.0.0.1:9092) could not be established. Broker may not be available.
2020-04-17 13:54:09.386  WARN 6624 --- [| adminclient-5] org.apache.kafka.clients.NetworkClient   : [AdminClient clientId=adminclient-5] Connection to node -1 (localhost/127.0.0.1:9092) could not be established. Broker may not be available.
2020-04-17 13:54:11.486  WARN 6624 --- [| adminclient-5] org.apache.kafka.clients.NetworkClient   : [AdminClient clientId=adminclient-5] Connection to node -1 (localhost/127.0.0.1:9092) could not be established. Broker may not be available.
2020-04-17 13:54:13.686  WARN 6624 --- [| adminclient-5] org.apache.kafka.clients.NetworkClient   : [AdminClient clientId=adminclient-5] Connection to node -1 (localhost/127.0.0.1:9092) could not be established. Broker may not be available.
2020-04-17 13:54:15.586  WARN 6624 --- [| adminclient-5] org.apache.kafka.clients.NetworkClient   : [AdminClient clientId=adminclient-5] Connection to node -1 (localhost/127.0.0.1:9092) could not be established. Broker may not be available.
2020-04-17 13:54:17.587  WARN 6624 --- [| adminclient-5] org.apache.kafka.clients.NetworkClient   : [AdminClient clientId=adminclient-5] Connection to node -1 (localhost/127.0.0.1:9092) could not be established. Broker may not be available.
2020-04-17 13:54:19.587  WARN 6624 --- [| adminclient-5] org.apache.kafka.clients.NetworkClient   : [AdminClient clientId=adminclient-5] Connection to node -1 (localhost/127.0.0.1:9092) could not be established. Broker may not be available.
2020-04-17 13:54:21.587  WARN 6624 --- [| adminclient-5] org.apache.kafka.clients.NetworkClient   : [AdminClient clientId=adminclient-5] Connection to node -1 (localhost/127.0.0.1:9092) could not be established. Broker may not be available.
2020-04-17 13:54:23.487  WARN 6624 --- [| adminclient-5] org.apache.kafka.clients.NetworkClient   : [AdminClient clientId=adminclient-5] Connection to node -1 (localhost/127.0.0.1:9092) could not be established. Broker may not be available.
2020-04-17 13:54:25.585  WARN 6624 --- [| adminclient-5] org.apache.kafka.clients.NetworkClient   : [AdminClient clientId=adminclient-5] Connection to node -1 (localhost/127.0.0.1:9092) could not be established. Broker may not be available.
2020-04-17 13:54:27.587  WARN 6624 --- [| adminclient-5] org.apache.kafka.clients.NetworkClient   : [AdminClient clientId=adminclient-5] Connection to node -1 (localhost/127.0.0.1:9092) could not be established. Broker may not be available.
2020-04-17 13:54:29.798  WARN 6624 --- [| adminclient-5] org.apache.kafka.clients.NetworkClient   : [AdminClient clientId=adminclient-5] Connection to node -1 (localhost/127.0.0.1:9092) could not be established. Broker may not be available.
2020-04-17 13:54:31.608  WARN 6624 --- [| adminclient-5] org.apache.kafka.clients.NetworkClient   : [AdminClient clientId=adminclient-5] Connection to node -1 (localhost/127.0.0.1:9092) could not be established. Broker may not be available.
2020-04-17 13:54:33.618  WARN 6624 --- [| adminclient-5] org.apache.kafka.clients.NetworkClient   : [AdminClient clientId=adminclient-5] Connection to node -1 (localhost/127.0.0.1:9092) could not be established. Broker may not be available.
2020-04-17 13:54:35.729  WARN 6624 --- [| adminclient-5] org.apache.kafka.clients.NetworkClient   : [AdminClient clientId=adminclient-5] Connection to node -1 (localhost/127.0.0.1:9092) could not be established. Broker may not be available.
2020-04-17 13:54:37.831  WARN 6624 --- [| adminclient-5] org.apache.kafka.clients.NetworkClient   : [AdminClient clientId=adminclient-5] Connection to node -1 (localhost/127.0.0.1:9092) could not be established. Broker may not be available.
2020-04-17 13:54:39.831  WARN 6624 --- [| adminclient-5] org.apache.kafka.clients.NetworkClient   : [AdminClient clientId=adminclient-5] Connection to node -1 (localhost/127.0.0.1:9092) could not be established. Broker may not be available.
2020-04-17 13:54:41.931  WARN 6624 --- [| adminclient-5] org.apache.kafka.clients.NetworkClient   : [AdminClient clientId=adminclient-5] Connection to node -1 (localhost/127.0.0.1:9092) could not be established. Broker may not be available.
2020-04-17 13:54:43.832  WARN 6624 --- [| adminclient-5] org.apache.kafka.clients.NetworkClient   : [AdminClient clientId=adminclient-5] Connection to node -1 (localhost/127.0.0.1:9092) could not be established. Broker may not be available.
2020-04-17 13:54:45.833  WARN 6624 --- [| adminclient-5] org.apache.kafka.clients.NetworkClient   : [AdminClient clientId=adminclient-5] Connection to node -1 (localhost/127.0.0.1:9092) could not be established. Broker may not be available.
2020-04-17 13:54:47.733  WARN 6624 --- [| adminclient-5] org.apache.kafka.clients.NetworkClient   : [AdminClient clientId=adminclient-5] Connection to node -1 (localhost/127.0.0.1:9092) could not be established. Broker may not be available.
2020-04-17 13:54:49.833  WARN 6624 --- [| adminclient-5] org.apache.kafka.clients.NetworkClient   : [AdminClient clientId=adminclient-5] Connection to node -1 (localhost/127.0.0.1:9092) could not be established. Broker may not be available.
2020-04-17 13:54:51.734  WARN 6624 --- [| adminclient-5] org.apache.kafka.clients.NetworkClient   : [AdminClient clientId=adminclient-5] Connection to node -1 (localhost/127.0.0.1:9092) could not be established. Broker may not be available.
2020-04-17 13:54:53.935  WARN 6624 --- [| adminclient-5] org.apache.kafka.clients.NetworkClient   : [AdminClient clientId=adminclient-5] Connection to node -1 (localhost/127.0.0.1:9092) could not be established. Broker may not be available.
2020-04-17 13:54:56.036  WARN 6624 --- [| adminclient-5] org.apache.kafka.clients.NetworkClient   : [AdminClient clientId=adminclient-5] Connection to node -1 (localhost/127.0.0.1:9092) could not be established. Broker may not be available.
2020-04-17 13:54:57.938  WARN 6624 --- [| adminclient-5] org.apache.kafka.clients.NetworkClient   : [AdminClient clientId=adminclient-5] Connection to node -1 (localhost/127.0.0.1:9092) could not be established. Broker may not be available.
2020-04-17 13:55:00.038  WARN 6624 --- [| adminclient-5] org.apache.kafka.clients.NetworkClient   : [AdminClient clientId=adminclient-5] Connection to node -1 (localhost/127.0.0.1:9092) could not be established. Broker may not be available.
2020-04-17 13:55:02.138  WARN 6624 --- [| adminclient-5] org.apache.kafka.clients.NetworkClient   : [AdminClient clientId=adminclient-5] Connection to node -1 (localhost/127.0.0.1:9092) could not be established. Broker may not be available.
2020-04-17 13:55:04.338  WARN 6624 --- [| adminclient-5] org.apache.kafka.clients.NetworkClient   : [AdminClient clientId=adminclient-5] Connection to node -1 (localhost/127.0.0.1:9092) could not be established. Broker may not be available.
2020-04-17 13:55:06.439  WARN 6624 --- [| adminclient-5] org.apache.kafka.clients.NetworkClient   : [AdminClient clientId=adminclient-5] Connection to node -1 (localhost/127.0.0.1:9092) could not be established. Broker may not be available.
2020-04-17 13:55:08.639  WARN 6624 --- [| adminclient-5] org.apache.kafka.clients.NetworkClient   : [AdminClient clientId=adminclient-5] Connection to node -1 (localhost/127.0.0.1:9092) could not be established. Broker may not be available.
2020-04-17 13:55:10.840  WARN 6624 --- [| adminclient-5] org.apache.kafka.clients.NetworkClient   : [AdminClient clientId=adminclient-5] Connection to node -1 (localhost/127.0.0.1:9092) could not be established. Broker may not be available.
2020-04-17 13:55:12.940  WARN 6624 --- [| adminclient-5] org.apache.kafka.clients.NetworkClient   : [AdminClient clientId=adminclient-5] Connection to node -1 (localhost/127.0.0.1:9092) could not be established. Broker may not be available.
2020-04-17 13:55:14.840  WARN 6624 --- [| adminclient-5] org.apache.kafka.clients.NetworkClient   : [AdminClient clientId=adminclient-5] Connection to node -1 (localhost/127.0.0.1:9092) could not be established. Broker may not be available.
2020-04-17 13:55:16.940  WARN 6624 --- [| adminclient-5] org.apache.kafka.clients.NetworkClient   : [AdminClient clientId=adminclient-5] Connection to node -1 (localhost/127.0.0.1:9092) could not be established. Broker may not be available.
2020-04-17 13:55:18.940  WARN 6624 --- [| adminclient-5] org.apache.kafka.clients.NetworkClient   : [AdminClient clientId=adminclient-5] Connection to node -1 (localhost/127.0.0.1:9092) could not be established. Broker may not be available.
2020-04-17 13:55:20.940  WARN 6624 --- [| adminclient-5] org.apache.kafka.clients.NetworkClient   : [AdminClient clientId=adminclient-5] Connection to node -1 (localhost/127.0.0.1:9092) could not be established. Broker may not be available.
2020-04-17 13:55:22.840  WARN 6624 --- [| adminclient-5] org.apache.kafka.clients.NetworkClient   : [AdminClient clientId=adminclient-5] Connection to node -1 (localhost/127.0.0.1:9092) could not be established. Broker may not be available.
2020-04-17 13:55:24.655  INFO 6624 --- [| adminclient-5] o.a.k.c.a.i.AdminMetadataManager         : [AdminClient clientId=adminclient-5] Metadata update failed

org.apache.kafka.common.errors.TimeoutException: Timed out waiting to send the call.

2020-04-17 13:55:24.677  WARN 6624 --- [           main] o.s.w.c.s.GenericWebApplicationContext   : Exception encountered during context initialization - cancelling refresh attempt: org.springframework.context.ApplicationContextException: Failed to start bean 'org.springframework.kafka.config.internalKafkaListenerEndpointRegistry'; nested exception is java.lang.IllegalStateException: Topic(s) [NewsInfo, OnlineExam] is/are not present and missingTopicsFatal is true
2020-04-17 13:55:24.690  WARN 6624 --- [           main] o.s.b.f.support.DisposableBeanAdapter    : Invocation of destroy method failed on bean with name 'tomcatMetricsBinder': java.lang.NullPointerException
2020-04-17 13:55:24.695  INFO 6624 --- [           main] o.s.s.concurrent.ThreadPoolTaskExecutor  : Shutting down ExecutorService 'applicationTaskExecutor'
2020-04-17 13:55:24.702  INFO 6624 --- [           main] j.LocalContainerEntityManagerFactoryBean : Closing JPA EntityManagerFactory for persistence unit 'default'
2020-04-17 13:55:24.703  INFO 6624 --- [           main] .SchemaDropperImpl$DelayedDropActionImpl : HHH000477: Starting delayed evictData of schema as part of SessionFactory shut-down'
2020-04-17 13:55:24.703 ERROR 6624 --- [           main] .SchemaDropperImpl$DelayedDropActionImpl : HHH000478: Unsuccessful: drop table address if exists
2020-04-17 13:55:24.703 ERROR 6624 --- [           main] .SchemaDropperImpl$DelayedDropActionImpl : HHH000478: Unsuccessful: drop table user if exists
2020-04-17 13:55:24.705  INFO 6624 --- [           main] com.zaxxer.hikari.HikariDataSource       : HikariPool-5 - Shutdown initiated...
2020-04-17 13:55:24.708  INFO 6624 --- [           main] com.zaxxer.hikari.HikariDataSource       : HikariPool-5 - Shutdown completed.
2020-04-17 13:55:24.713  INFO 6624 --- [           main] ConditionEvaluationReportLoggingListener : 

Error starting ApplicationContext. To display the conditions report re-run your application with 'debug' enabled.
2020-04-17 13:55:24.714 ERROR 6624 --- [           main] o.s.boot.SpringApplication               : Application run failed

org.springframework.context.ApplicationContextException: Failed to start bean 'org.springframework.kafka.config.internalKafkaListenerEndpointRegistry'; nested exception is java.lang.IllegalStateException: Topic(s) [NewsInfo, OnlineExam] is/are not present and missingTopicsFatal is true
	at org.springframework.context.support.DefaultLifecycleProcessor.doStart(DefaultLifecycleProcessor.java:185) ~[spring-context-5.2.4.RELEASE.jar:5.2.4.RELEASE]
	at org.springframework.context.support.DefaultLifecycleProcessor.access$200(DefaultLifecycleProcessor.java:53) ~[spring-context-5.2.4.RELEASE.jar:5.2.4.RELEASE]
	at org.springframework.context.support.DefaultLifecycleProcessor$LifecycleGroup.start(DefaultLifecycleProcessor.java:360) ~[spring-context-5.2.4.RELEASE.jar:5.2.4.RELEASE]
	at org.springframework.context.support.DefaultLifecycleProcessor.startBeans(DefaultLifecycleProcessor.java:158) ~[spring-context-5.2.4.RELEASE.jar:5.2.4.RELEASE]
	at org.springframework.context.support.DefaultLifecycleProcessor.onRefresh(DefaultLifecycleProcessor.java:122) ~[spring-context-5.2.4.RELEASE.jar:5.2.4.RELEASE]
	at org.springframework.context.support.AbstractApplicationContext.finishRefresh(AbstractApplicationContext.java:894) ~[spring-context-5.2.4.RELEASE.jar:5.2.4.RELEASE]
	at org.springframework.context.support.AbstractApplicationContext.refresh(AbstractApplicationContext.java:553) ~[spring-context-5.2.4.RELEASE.jar:5.2.4.RELEASE]
	at org.springframework.boot.SpringApplication.refresh(SpringApplication.java:747) ~[spring-boot-2.2.5.RELEASE.jar:2.2.5.RELEASE]
	at org.springframework.boot.SpringApplication.refreshContext(SpringApplication.java:397) ~[spring-boot-2.2.5.RELEASE.jar:2.2.5.RELEASE]
	at org.springframework.boot.SpringApplication.run(SpringApplication.java:315) ~[spring-boot-2.2.5.RELEASE.jar:2.2.5.RELEASE]
	at org.springframework.boot.test.context.SpringBootContextLoader.loadContext(SpringBootContextLoader.java:126) [spring-boot-test-2.2.5.RELEASE.jar:2.2.5.RELEASE]
	at org.springframework.test.context.cache.DefaultCacheAwareContextLoaderDelegate.loadContextInternal(DefaultCacheAwareContextLoaderDelegate.java:99) [spring-test-5.2.4.RELEASE.jar:5.2.4.RELEASE]
	at org.springframework.test.context.cache.DefaultCacheAwareContextLoaderDelegate.loadContext(DefaultCacheAwareContextLoaderDelegate.java:124) [spring-test-5.2.4.RELEASE.jar:5.2.4.RELEASE]
	at org.springframework.test.context.support.DefaultTestContext.getApplicationContext(DefaultTestContext.java:123) [spring-test-5.2.4.RELEASE.jar:5.2.4.RELEASE]
	at org.springframework.test.context.web.ServletTestExecutionListener.setUpRequestContextIfNecessary(ServletTestExecutionListener.java:190) [spring-test-5.2.4.RELEASE.jar:5.2.4.RELEASE]
	at org.springframework.test.context.web.ServletTestExecutionListener.prepareTestInstance(ServletTestExecutionListener.java:132) [spring-test-5.2.4.RELEASE.jar:5.2.4.RELEASE]
	at org.springframework.test.context.TestContextManager.prepareTestInstance(TestContextManager.java:244) [spring-test-5.2.4.RELEASE.jar:5.2.4.RELEASE]
	at org.springframework.test.context.junit.jupiter.SpringExtension.postProcessTestInstance(SpringExtension.java:98) [spring-test-5.2.4.RELEASE.jar:5.2.4.RELEASE]
	at org.junit.jupiter.engine.descriptor.ClassBasedTestDescriptor.lambda$invokeTestInstancePostProcessors$5(ClassBasedTestDescriptor.java:337) [junit-jupiter-engine-5.5.2.jar:5.5.2]
	at org.junit.jupiter.engine.descriptor.ClassBasedTestDescriptor.executeAndMaskThrowable(ClassBasedTestDescriptor.java:342) [junit-jupiter-engine-5.5.2.jar:5.5.2]
	at org.junit.jupiter.engine.descriptor.ClassBasedTestDescriptor.lambda$invokeTestInstancePostProcessors$6(ClassBasedTestDescriptor.java:337) [junit-jupiter-engine-5.5.2.jar:5.5.2]
	at java.util.stream.ReferencePipeline$3$1.accept(ReferencePipeline.java:193) ~[na:1.8.0_241]
	at java.util.stream.ReferencePipeline$2$1.accept(ReferencePipeline.java:175) ~[na:1.8.0_241]
	at java.util.ArrayList$ArrayListSpliterator.forEachRemaining(ArrayList.java:1382) ~[na:1.8.0_241]
	at java.util.stream.AbstractPipeline.copyInto(AbstractPipeline.java:482) ~[na:1.8.0_241]
	at java.util.stream.AbstractPipeline.wrapAndCopyInto(AbstractPipeline.java:472) ~[na:1.8.0_241]
	at java.util.stream.StreamSpliterators$WrappingSpliterator.forEachRemaining(StreamSpliterators.java:312) ~[na:1.8.0_241]
	at java.util.stream.Streams$ConcatSpliterator.forEachRemaining(Streams.java:743) ~[na:1.8.0_241]
	at java.util.stream.Streams$ConcatSpliterator.forEachRemaining(Streams.java:742) ~[na:1.8.0_241]
	at java.util.stream.ReferencePipeline$Head.forEach(ReferencePipeline.java:580) ~[na:1.8.0_241]
	at org.junit.jupiter.engine.descriptor.ClassBasedTestDescriptor.invokeTestInstancePostProcessors(ClassBasedTestDescriptor.java:336) [junit-jupiter-engine-5.5.2.jar:5.5.2]
	at org.junit.jupiter.engine.descriptor.ClassBasedTestDescriptor.instantiateAndPostProcessTestInstance(ClassBasedTestDescriptor.java:259) [junit-jupiter-engine-5.5.2.jar:5.5.2]
	at org.junit.jupiter.engine.descriptor.ClassBasedTestDescriptor.lambda$testInstancesProvider$2(ClassBasedTestDescriptor.java:252) [junit-jupiter-engine-5.5.2.jar:5.5.2]
	at java.util.Optional.orElseGet(Optional.java:267) ~[na:1.8.0_241]
	at org.junit.jupiter.engine.descriptor.ClassBasedTestDescriptor.lambda$testInstancesProvider$3(ClassBasedTestDescriptor.java:251) [junit-jupiter-engine-5.5.2.jar:5.5.2]
	at org.junit.jupiter.engine.execution.TestInstancesProvider.getTestInstances(TestInstancesProvider.java:29) ~[junit-jupiter-engine-5.5.2.jar:5.5.2]
	at org.junit.jupiter.engine.descriptor.TestMethodTestDescriptor.lambda$prepare$0(TestMethodTestDescriptor.java:106) ~[junit-jupiter-engine-5.5.2.jar:5.5.2]
	at org.junit.platform.engine.support.hierarchical.ThrowableCollector.execute(ThrowableCollector.java:73) ~[junit-platform-engine-1.5.2.jar:1.5.2]
	at org.junit.jupiter.engine.descriptor.TestMethodTestDescriptor.prepare(TestMethodTestDescriptor.java:105) ~[junit-jupiter-engine-5.5.2.jar:5.5.2]
	at org.junit.jupiter.engine.descriptor.TestMethodTestDescriptor.prepare(TestMethodTestDescriptor.java:69) ~[junit-jupiter-engine-5.5.2.jar:5.5.2]
	at org.junit.platform.engine.support.hierarchical.NodeTestTask.lambda$prepare$1(NodeTestTask.java:107) ~[junit-platform-engine-1.5.2.jar:1.5.2]
	at org.junit.platform.engine.support.hierarchical.ThrowableCollector.execute(ThrowableCollector.java:73) ~[junit-platform-engine-1.5.2.jar:1.5.2]
	at org.junit.platform.engine.support.hierarchical.NodeTestTask.prepare(NodeTestTask.java:107) ~[junit-platform-engine-1.5.2.jar:1.5.2]
	at org.junit.platform.engine.support.hierarchical.NodeTestTask.execute(NodeTestTask.java:75) ~[junit-platform-engine-1.5.2.jar:1.5.2]
	at java.util.ArrayList.forEach(ArrayList.java:1257) ~[na:1.8.0_241]
	at org.junit.platform.engine.support.hierarchical.SameThreadHierarchicalTestExecutorService.invokeAll(SameThreadHierarchicalTestExecutorService.java:38) ~[junit-platform-engine-1.5.2.jar:1.5.2]
	at org.junit.platform.engine.support.hierarchical.NodeTestTask.lambda$executeRecursively$5(NodeTestTask.java:139) ~[junit-platform-engine-1.5.2.jar:1.5.2]
	at org.junit.platform.engine.support.hierarchical.ThrowableCollector.execute(ThrowableCollector.java:73) ~[junit-platform-engine-1.5.2.jar:1.5.2]
	at org.junit.platform.engine.support.hierarchical.NodeTestTask.lambda$executeRecursively$7(NodeTestTask.java:125) ~[junit-platform-engine-1.5.2.jar:1.5.2]
	at org.junit.platform.engine.support.hierarchical.Node.around(Node.java:135) ~[junit-platform-engine-1.5.2.jar:1.5.2]
	at org.junit.platform.engine.support.hierarchical.NodeTestTask.lambda$executeRecursively$8(NodeTestTask.java:123) ~[junit-platform-engine-1.5.2.jar:1.5.2]
	at org.junit.platform.engine.support.hierarchical.ThrowableCollector.execute(ThrowableCollector.java:73) ~[junit-platform-engine-1.5.2.jar:1.5.2]
	at org.junit.platform.engine.support.hierarchical.NodeTestTask.executeRecursively(NodeTestTask.java:122) ~[junit-platform-engine-1.5.2.jar:1.5.2]
	at org.junit.platform.engine.support.hierarchical.NodeTestTask.execute(NodeTestTask.java:80) ~[junit-platform-engine-1.5.2.jar:1.5.2]
	at java.util.ArrayList.forEach(ArrayList.java:1257) ~[na:1.8.0_241]
	at org.junit.platform.engine.support.hierarchical.SameThreadHierarchicalTestExecutorService.invokeAll(SameThreadHierarchicalTestExecutorService.java:38) ~[junit-platform-engine-1.5.2.jar:1.5.2]
	at org.junit.platform.engine.support.hierarchical.NodeTestTask.lambda$executeRecursively$5(NodeTestTask.java:139) ~[junit-platform-engine-1.5.2.jar:1.5.2]
	at org.junit.platform.engine.support.hierarchical.ThrowableCollector.execute(ThrowableCollector.java:73) ~[junit-platform-engine-1.5.2.jar:1.5.2]
	at org.junit.platform.engine.support.hierarchical.NodeTestTask.lambda$executeRecursively$7(NodeTestTask.java:125) ~[junit-platform-engine-1.5.2.jar:1.5.2]
	at org.junit.platform.engine.support.hierarchical.Node.around(Node.java:135) ~[junit-platform-engine-1.5.2.jar:1.5.2]
	at org.junit.platform.engine.support.hierarchical.NodeTestTask.lambda$executeRecursively$8(NodeTestTask.java:123) ~[junit-platform-engine-1.5.2.jar:1.5.2]
	at org.junit.platform.engine.support.hierarchical.ThrowableCollector.execute(ThrowableCollector.java:73) ~[junit-platform-engine-1.5.2.jar:1.5.2]
	at org.junit.platform.engine.support.hierarchical.NodeTestTask.executeRecursively(NodeTestTask.java:122) ~[junit-platform-engine-1.5.2.jar:1.5.2]
	at org.junit.platform.engine.support.hierarchical.NodeTestTask.execute(NodeTestTask.java:80) ~[junit-platform-engine-1.5.2.jar:1.5.2]
	at org.junit.platform.engine.support.hierarchical.SameThreadHierarchicalTestExecutorService.submit(SameThreadHierarchicalTestExecutorService.java:32) ~[junit-platform-engine-1.5.2.jar:1.5.2]
	at org.junit.platform.engine.support.hierarchical.HierarchicalTestExecutor.execute(HierarchicalTestExecutor.java:57) ~[junit-platform-engine-1.5.2.jar:1.5.2]
	at org.junit.platform.engine.support.hierarchical.HierarchicalTestEngine.execute(HierarchicalTestEngine.java:51) ~[junit-platform-engine-1.5.2.jar:1.5.2]
	at org.junit.platform.launcher.core.DefaultLauncher.execute(DefaultLauncher.java:220) ~[junit-platform-launcher-1.3.1.jar:1.3.1]
	at org.junit.platform.launcher.core.DefaultLauncher.lambda$execute$6(DefaultLauncher.java:188) ~[junit-platform-launcher-1.3.1.jar:1.3.1]
	at org.junit.platform.launcher.core.DefaultLauncher.withInterceptedStreams(DefaultLauncher.java:202) ~[junit-platform-launcher-1.3.1.jar:1.3.1]
	at org.junit.platform.launcher.core.DefaultLauncher.execute(DefaultLauncher.java:181) ~[junit-platform-launcher-1.3.1.jar:1.3.1]
	at org.junit.platform.launcher.core.DefaultLauncher.execute(DefaultLauncher.java:128) ~[junit-platform-launcher-1.3.1.jar:1.3.1]
	at org.apache.maven.surefire.junitplatform.JUnitPlatformProvider.invokeAllTests(JUnitPlatformProvider.java:150) ~[surefire-junit-platform-2.22.2.jar:2.22.2]
	at org.apache.maven.surefire.junitplatform.JUnitPlatformProvider.invoke(JUnitPlatformProvider.java:124) ~[surefire-junit-platform-2.22.2.jar:2.22.2]
	at org.apache.maven.surefire.booter.ForkedBooter.invokeProviderInSameClassLoader(ForkedBooter.java:384) ~[surefire-booter-2.22.2.jar:2.22.2]
	at org.apache.maven.surefire.booter.ForkedBooter.runSuitesInProcess(ForkedBooter.java:345) ~[surefire-booter-2.22.2.jar:2.22.2]
	at org.apache.maven.surefire.booter.ForkedBooter.execute(ForkedBooter.java:126) ~[surefire-booter-2.22.2.jar:2.22.2]
	at org.apache.maven.surefire.booter.ForkedBooter.main(ForkedBooter.java:418) ~[surefire-booter-2.22.2.jar:2.22.2]
Caused by: java.lang.IllegalStateException: Topic(s) [NewsInfo, OnlineExam] is/are not present and missingTopicsFatal is true
	at org.springframework.kafka.listener.AbstractMessageListenerContainer.checkTopics(AbstractMessageListenerContainer.java:383) ~[spring-kafka-2.3.6.RELEASE.jar:2.3.6.RELEASE]
	at org.springframework.kafka.listener.ConcurrentMessageListenerContainer.doStart(ConcurrentMessageListenerContainer.java:136) ~[spring-kafka-2.3.6.RELEASE.jar:2.3.6.RELEASE]
	at org.springframework.kafka.listener.AbstractMessageListenerContainer.start(AbstractMessageListenerContainer.java:340) ~[spring-kafka-2.3.6.RELEASE.jar:2.3.6.RELEASE]
	at org.springframework.kafka.config.KafkaListenerEndpointRegistry.startIfNecessary(KafkaListenerEndpointRegistry.java:312) ~[spring-kafka-2.3.6.RELEASE.jar:2.3.6.RELEASE]
	at org.springframework.kafka.config.KafkaListenerEndpointRegistry.start(KafkaListenerEndpointRegistry.java:257) ~[spring-kafka-2.3.6.RELEASE.jar:2.3.6.RELEASE]
	at org.springframework.context.support.DefaultLifecycleProcessor.doStart(DefaultLifecycleProcessor.java:182) ~[spring-context-5.2.4.RELEASE.jar:5.2.4.RELEASE]
	... 77 common frames omitted

2020-04-17 13:55:24.716 ERROR 6624 --- [           main] o.s.test.context.TestContextManager      : Caught exception while allowing TestExecutionListener [org.springframework.test.context.web.ServletTestExecutionListener@7212b28e] to prepare test instance [com.example.service.UserServiceTest@1da78c7c]

java.lang.IllegalStateException: Failed to load ApplicationContext
	at org.springframework.test.context.cache.DefaultCacheAwareContextLoaderDelegate.loadContext(DefaultCacheAwareContextLoaderDelegate.java:132) ~[spring-test-5.2.4.RELEASE.jar:5.2.4.RELEASE]
	at org.springframework.test.context.support.DefaultTestContext.getApplicationContext(DefaultTestContext.java:123) ~[spring-test-5.2.4.RELEASE.jar:5.2.4.RELEASE]
	at org.springframework.test.context.web.ServletTestExecutionListener.setUpRequestContextIfNecessary(ServletTestExecutionListener.java:190) ~[spring-test-5.2.4.RELEASE.jar:5.2.4.RELEASE]
	at org.springframework.test.context.web.ServletTestExecutionListener.prepareTestInstance(ServletTestExecutionListener.java:132) ~[spring-test-5.2.4.RELEASE.jar:5.2.4.RELEASE]
	at org.springframework.test.context.TestContextManager.prepareTestInstance(TestContextManager.java:244) ~[spring-test-5.2.4.RELEASE.jar:5.2.4.RELEASE]
	at org.springframework.test.context.junit.jupiter.SpringExtension.postProcessTestInstance(SpringExtension.java:98) [spring-test-5.2.4.RELEASE.jar:5.2.4.RELEASE]
	at org.junit.jupiter.engine.descriptor.ClassBasedTestDescriptor.lambda$invokeTestInstancePostProcessors$5(ClassBasedTestDescriptor.java:337) [junit-jupiter-engine-5.5.2.jar:5.5.2]
	at org.junit.jupiter.engine.descriptor.ClassBasedTestDescriptor.executeAndMaskThrowable(ClassBasedTestDescriptor.java:342) [junit-jupiter-engine-5.5.2.jar:5.5.2]
	at org.junit.jupiter.engine.descriptor.ClassBasedTestDescriptor.lambda$invokeTestInstancePostProcessors$6(ClassBasedTestDescriptor.java:337) [junit-jupiter-engine-5.5.2.jar:5.5.2]
	at java.util.stream.ReferencePipeline$3$1.accept(ReferencePipeline.java:193) ~[na:1.8.0_241]
	at java.util.stream.ReferencePipeline$2$1.accept(ReferencePipeline.java:175) ~[na:1.8.0_241]
	at java.util.ArrayList$ArrayListSpliterator.forEachRemaining(ArrayList.java:1382) ~[na:1.8.0_241]
	at java.util.stream.AbstractPipeline.copyInto(AbstractPipeline.java:482) ~[na:1.8.0_241]
	at java.util.stream.AbstractPipeline.wrapAndCopyInto(AbstractPipeline.java:472) ~[na:1.8.0_241]
	at java.util.stream.StreamSpliterators$WrappingSpliterator.forEachRemaining(StreamSpliterators.java:312) ~[na:1.8.0_241]
	at java.util.stream.Streams$ConcatSpliterator.forEachRemaining(Streams.java:743) ~[na:1.8.0_241]
	at java.util.stream.Streams$ConcatSpliterator.forEachRemaining(Streams.java:742) ~[na:1.8.0_241]
	at java.util.stream.ReferencePipeline$Head.forEach(ReferencePipeline.java:580) ~[na:1.8.0_241]
	at org.junit.jupiter.engine.descriptor.ClassBasedTestDescriptor.invokeTestInstancePostProcessors(ClassBasedTestDescriptor.java:336) [junit-jupiter-engine-5.5.2.jar:5.5.2]
	at org.junit.jupiter.engine.descriptor.ClassBasedTestDescriptor.instantiateAndPostProcessTestInstance(ClassBasedTestDescriptor.java:259) [junit-jupiter-engine-5.5.2.jar:5.5.2]
	at org.junit.jupiter.engine.descriptor.ClassBasedTestDescriptor.lambda$testInstancesProvider$2(ClassBasedTestDescriptor.java:252) [junit-jupiter-engine-5.5.2.jar:5.5.2]
	at java.util.Optional.orElseGet(Optional.java:267) ~[na:1.8.0_241]
	at org.junit.jupiter.engine.descriptor.ClassBasedTestDescriptor.lambda$testInstancesProvider$3(ClassBasedTestDescriptor.java:251) [junit-jupiter-engine-5.5.2.jar:5.5.2]
	at org.junit.jupiter.engine.execution.TestInstancesProvider.getTestInstances(TestInstancesProvider.java:29) ~[junit-jupiter-engine-5.5.2.jar:5.5.2]
	at org.junit.jupiter.engine.descriptor.TestMethodTestDescriptor.lambda$prepare$0(TestMethodTestDescriptor.java:106) ~[junit-jupiter-engine-5.5.2.jar:5.5.2]
	at org.junit.platform.engine.support.hierarchical.ThrowableCollector.execute(ThrowableCollector.java:73) ~[junit-platform-engine-1.5.2.jar:1.5.2]
	at org.junit.jupiter.engine.descriptor.TestMethodTestDescriptor.prepare(TestMethodTestDescriptor.java:105) ~[junit-jupiter-engine-5.5.2.jar:5.5.2]
	at org.junit.jupiter.engine.descriptor.TestMethodTestDescriptor.prepare(TestMethodTestDescriptor.java:69) ~[junit-jupiter-engine-5.5.2.jar:5.5.2]
	at org.junit.platform.engine.support.hierarchical.NodeTestTask.lambda$prepare$1(NodeTestTask.java:107) ~[junit-platform-engine-1.5.2.jar:1.5.2]
	at org.junit.platform.engine.support.hierarchical.ThrowableCollector.execute(ThrowableCollector.java:73) ~[junit-platform-engine-1.5.2.jar:1.5.2]
	at org.junit.platform.engine.support.hierarchical.NodeTestTask.prepare(NodeTestTask.java:107) ~[junit-platform-engine-1.5.2.jar:1.5.2]
	at org.junit.platform.engine.support.hierarchical.NodeTestTask.execute(NodeTestTask.java:75) ~[junit-platform-engine-1.5.2.jar:1.5.2]
	at java.util.ArrayList.forEach(ArrayList.java:1257) ~[na:1.8.0_241]
	at org.junit.platform.engine.support.hierarchical.SameThreadHierarchicalTestExecutorService.invokeAll(SameThreadHierarchicalTestExecutorService.java:38) ~[junit-platform-engine-1.5.2.jar:1.5.2]
	at org.junit.platform.engine.support.hierarchical.NodeTestTask.lambda$executeRecursively$5(NodeTestTask.java:139) ~[junit-platform-engine-1.5.2.jar:1.5.2]
	at org.junit.platform.engine.support.hierarchical.ThrowableCollector.execute(ThrowableCollector.java:73) ~[junit-platform-engine-1.5.2.jar:1.5.2]
	at org.junit.platform.engine.support.hierarchical.NodeTestTask.lambda$executeRecursively$7(NodeTestTask.java:125) ~[junit-platform-engine-1.5.2.jar:1.5.2]
	at org.junit.platform.engine.support.hierarchical.Node.around(Node.java:135) ~[junit-platform-engine-1.5.2.jar:1.5.2]
	at org.junit.platform.engine.support.hierarchical.NodeTestTask.lambda$executeRecursively$8(NodeTestTask.java:123) ~[junit-platform-engine-1.5.2.jar:1.5.2]
	at org.junit.platform.engine.support.hierarchical.ThrowableCollector.execute(ThrowableCollector.java:73) ~[junit-platform-engine-1.5.2.jar:1.5.2]
	at org.junit.platform.engine.support.hierarchical.NodeTestTask.executeRecursively(NodeTestTask.java:122) ~[junit-platform-engine-1.5.2.jar:1.5.2]
	at org.junit.platform.engine.support.hierarchical.NodeTestTask.execute(NodeTestTask.java:80) ~[junit-platform-engine-1.5.2.jar:1.5.2]
	at java.util.ArrayList.forEach(ArrayList.java:1257) ~[na:1.8.0_241]
	at org.junit.platform.engine.support.hierarchical.SameThreadHierarchicalTestExecutorService.invokeAll(SameThreadHierarchicalTestExecutorService.java:38) ~[junit-platform-engine-1.5.2.jar:1.5.2]
	at org.junit.platform.engine.support.hierarchical.NodeTestTask.lambda$executeRecursively$5(NodeTestTask.java:139) ~[junit-platform-engine-1.5.2.jar:1.5.2]
	at org.junit.platform.engine.support.hierarchical.ThrowableCollector.execute(ThrowableCollector.java:73) ~[junit-platform-engine-1.5.2.jar:1.5.2]
	at org.junit.platform.engine.support.hierarchical.NodeTestTask.lambda$executeRecursively$7(NodeTestTask.java:125) ~[junit-platform-engine-1.5.2.jar:1.5.2]
	at org.junit.platform.engine.support.hierarchical.Node.around(Node.java:135) ~[junit-platform-engine-1.5.2.jar:1.5.2]
	at org.junit.platform.engine.support.hierarchical.NodeTestTask.lambda$executeRecursively$8(NodeTestTask.java:123) ~[junit-platform-engine-1.5.2.jar:1.5.2]
	at org.junit.platform.engine.support.hierarchical.ThrowableCollector.execute(ThrowableCollector.java:73) ~[junit-platform-engine-1.5.2.jar:1.5.2]
	at org.junit.platform.engine.support.hierarchical.NodeTestTask.executeRecursively(NodeTestTask.java:122) ~[junit-platform-engine-1.5.2.jar:1.5.2]
	at org.junit.platform.engine.support.hierarchical.NodeTestTask.execute(NodeTestTask.java:80) ~[junit-platform-engine-1.5.2.jar:1.5.2]
	at org.junit.platform.engine.support.hierarchical.SameThreadHierarchicalTestExecutorService.submit(SameThreadHierarchicalTestExecutorService.java:32) ~[junit-platform-engine-1.5.2.jar:1.5.2]
	at org.junit.platform.engine.support.hierarchical.HierarchicalTestExecutor.execute(HierarchicalTestExecutor.java:57) ~[junit-platform-engine-1.5.2.jar:1.5.2]
	at org.junit.platform.engine.support.hierarchical.HierarchicalTestEngine.execute(HierarchicalTestEngine.java:51) ~[junit-platform-engine-1.5.2.jar:1.5.2]
	at org.junit.platform.launcher.core.DefaultLauncher.execute(DefaultLauncher.java:220) ~[junit-platform-launcher-1.3.1.jar:1.3.1]
	at org.junit.platform.launcher.core.DefaultLauncher.lambda$execute$6(DefaultLauncher.java:188) ~[junit-platform-launcher-1.3.1.jar:1.3.1]
	at org.junit.platform.launcher.core.DefaultLauncher.withInterceptedStreams(DefaultLauncher.java:202) ~[junit-platform-launcher-1.3.1.jar:1.3.1]
	at org.junit.platform.launcher.core.DefaultLauncher.execute(DefaultLauncher.java:181) ~[junit-platform-launcher-1.3.1.jar:1.3.1]
	at org.junit.platform.launcher.core.DefaultLauncher.execute(DefaultLauncher.java:128) ~[junit-platform-launcher-1.3.1.jar:1.3.1]
	at org.apache.maven.surefire.junitplatform.JUnitPlatformProvider.invokeAllTests(JUnitPlatformProvider.java:150) ~[surefire-junit-platform-2.22.2.jar:2.22.2]
	at org.apache.maven.surefire.junitplatform.JUnitPlatformProvider.invoke(JUnitPlatformProvider.java:124) ~[surefire-junit-platform-2.22.2.jar:2.22.2]
	at org.apache.maven.surefire.booter.ForkedBooter.invokeProviderInSameClassLoader(ForkedBooter.java:384) ~[surefire-booter-2.22.2.jar:2.22.2]
	at org.apache.maven.surefire.booter.ForkedBooter.runSuitesInProcess(ForkedBooter.java:345) ~[surefire-booter-2.22.2.jar:2.22.2]
	at org.apache.maven.surefire.booter.ForkedBooter.execute(ForkedBooter.java:126) ~[surefire-booter-2.22.2.jar:2.22.2]
	at org.apache.maven.surefire.booter.ForkedBooter.main(ForkedBooter.java:418) ~[surefire-booter-2.22.2.jar:2.22.2]
Caused by: org.springframework.context.ApplicationContextException: Failed to start bean 'org.springframework.kafka.config.internalKafkaListenerEndpointRegistry'; nested exception is java.lang.IllegalStateException: Topic(s) [NewsInfo, OnlineExam] is/are not present and missingTopicsFatal is true
	at org.springframework.context.support.DefaultLifecycleProcessor.doStart(DefaultLifecycleProcessor.java:185) ~[spring-context-5.2.4.RELEASE.jar:5.2.4.RELEASE]
	at org.springframework.context.support.DefaultLifecycleProcessor.access$200(DefaultLifecycleProcessor.java:53) ~[spring-context-5.2.4.RELEASE.jar:5.2.4.RELEASE]
	at org.springframework.context.support.DefaultLifecycleProcessor$LifecycleGroup.start(DefaultLifecycleProcessor.java:360) ~[spring-context-5.2.4.RELEASE.jar:5.2.4.RELEASE]
	at org.springframework.context.support.DefaultLifecycleProcessor.startBeans(DefaultLifecycleProcessor.java:158) ~[spring-context-5.2.4.RELEASE.jar:5.2.4.RELEASE]
	at org.springframework.context.support.DefaultLifecycleProcessor.onRefresh(DefaultLifecycleProcessor.java:122) ~[spring-context-5.2.4.RELEASE.jar:5.2.4.RELEASE]
	at org.springframework.context.support.AbstractApplicationContext.finishRefresh(AbstractApplicationContext.java:894) ~[spring-context-5.2.4.RELEASE.jar:5.2.4.RELEASE]
	at org.springframework.context.support.AbstractApplicationContext.refresh(AbstractApplicationContext.java:553) ~[spring-context-5.2.4.RELEASE.jar:5.2.4.RELEASE]
	at org.springframework.boot.SpringApplication.refresh(SpringApplication.java:747) ~[spring-boot-2.2.5.RELEASE.jar:2.2.5.RELEASE]
	at org.springframework.boot.SpringApplication.refreshContext(SpringApplication.java:397) ~[spring-boot-2.2.5.RELEASE.jar:2.2.5.RELEASE]
	at org.springframework.boot.SpringApplication.run(SpringApplication.java:315) ~[spring-boot-2.2.5.RELEASE.jar:2.2.5.RELEASE]
	at org.springframework.boot.test.context.SpringBootContextLoader.loadContext(SpringBootContextLoader.java:126) ~[spring-boot-test-2.2.5.RELEASE.jar:2.2.5.RELEASE]
	at org.springframework.test.context.cache.DefaultCacheAwareContextLoaderDelegate.loadContextInternal(DefaultCacheAwareContextLoaderDelegate.java:99) ~[spring-test-5.2.4.RELEASE.jar:5.2.4.RELEASE]
	at org.springframework.test.context.cache.DefaultCacheAwareContextLoaderDelegate.loadContext(DefaultCacheAwareContextLoaderDelegate.java:124) ~[spring-test-5.2.4.RELEASE.jar:5.2.4.RELEASE]
	... 65 common frames omitted
Caused by: java.lang.IllegalStateException: Topic(s) [NewsInfo, OnlineExam] is/are not present and missingTopicsFatal is true
	at org.springframework.kafka.listener.AbstractMessageListenerContainer.checkTopics(AbstractMessageListenerContainer.java:383) ~[spring-kafka-2.3.6.RELEASE.jar:2.3.6.RELEASE]
	at org.springframework.kafka.listener.ConcurrentMessageListenerContainer.doStart(ConcurrentMessageListenerContainer.java:136) ~[spring-kafka-2.3.6.RELEASE.jar:2.3.6.RELEASE]
	at org.springframework.kafka.listener.AbstractMessageListenerContainer.start(AbstractMessageListenerContainer.java:340) ~[spring-kafka-2.3.6.RELEASE.jar:2.3.6.RELEASE]
	at org.springframework.kafka.config.KafkaListenerEndpointRegistry.startIfNecessary(KafkaListenerEndpointRegistry.java:312) ~[spring-kafka-2.3.6.RELEASE.jar:2.3.6.RELEASE]
	at org.springframework.kafka.config.KafkaListenerEndpointRegistry.start(KafkaListenerEndpointRegistry.java:257) ~[spring-kafka-2.3.6.RELEASE.jar:2.3.6.RELEASE]
	at org.springframework.context.support.DefaultLifecycleProcessor.doStart(DefaultLifecycleProcessor.java:182) ~[spring-context-5.2.4.RELEASE.jar:5.2.4.RELEASE]
	... 77 common frames omitted

]]></system-out>
  </testcase>
</testsuite>